#
# There is insufficient memory for the Java Runtime Environment to continue.
# Native memory allocation (malloc) failed to allocate 990736 bytes for Chunk::new
# Possible reasons:
#   The system is out of physical RAM or swap space
#   In 32 bit mode, the process size limit was hit
# Possible solutions:
#   Reduce memory load on the system
#   Increase physical memory or swap space
#   Check if swap backing store is full
#   Use 64 bit Java on a 64 bit OS
#   Decrease Java heap size (-Xmx/-Xms)
#   Decrease number of Java threads
#   Decrease Java thread stack sizes (-Xss)
#   Set larger code cache with -XX:ReservedCodeCacheSize=
# This output file may be truncated or incomplete.
#
#  Out of Memory Error (allocation.cpp:390), pid=8012, tid=9500
#
# JRE version: Java(TM) SE Runtime Environment (8.0_73-b02) (build 1.8.0_73-b02)
# Java VM: Java HotSpot(TM) 64-Bit Server VM (25.73-b02 mixed mode windows-amd64 compressed oops)
# Failed to write core dump. Minidumps are not enabled by default on client versions of Windows
#

---------------  T H R E A D  ---------------

Current thread (0x000000001658c000):  JavaThread "C2 CompilerThread0" daemon [_thread_in_native, id=9500, stack(0x0000000017a80000,0x0000000017b80000)]

Stack: [0x0000000017a80000,0x0000000017b80000]
[error occurred during error reporting (printing stack bounds), id 0xc0000005]

Native frames: (J=compiled Java code, j=interpreted, Vv=VM code, C=native code)


Current CompileTask:
C2: 633994 31969   !   4       java.io.ObjectInputStream::readSerialData (292 bytes)


---------------  P R O C E S S  ---------------

Java Threads: ( => current thread )
  0x000000001fd29800 JavaThread "Build operations Thread 4" [_thread_blocked, id=7232, stack(0x0000000021910000,0x0000000021a10000)]
  0x000000001fd25800 JavaThread "Build operations Thread 3" [_thread_blocked, id=632, stack(0x0000000020140000,0x0000000020240000)]
  0x000000001cf39000 JavaThread "Build operations Thread 2" [_thread_blocked, id=1276, stack(0x000000001fd50000,0x000000001fe50000)]
  0x000000001cf36000 JavaThread "Build operations" [_thread_blocked, id=12896, stack(0x000000001eba0000,0x000000001eca0000)]
  0x000000001cf37800 JavaThread "Cache worker for cache directory md-rule (C:\Users\dell\.gradle\caches\5.4.1\md-rule)" [_thread_blocked, id=1596, stack(0x000000001e7c0000,0x000000001e8c0000)]
  0x000000001cf35000 JavaThread "Cache worker for cache directory md-supplier (C:\Users\dell\.gradle\caches\5.4.1\md-supplier)" [_thread_blocked, id=3616, stack(0x000000001a900000,0x000000001aa00000)]
  0x000000001cf38000 JavaThread "Cache worker for file hash cache (F:\RentalCarWorkSpace\code\RentalCarProject\.gradle\5.4.1\fileHashes)" [_thread_blocked, id=13284, stack(0x000000001a800000,0x000000001a900000)]
  0x000000001cf34800 JavaThread "Thread-90" [_thread_blocked, id=12400, stack(0x000000001a700000,0x000000001a800000)]
  0x000000001cf33800 JavaThread "Stdin handler" [_thread_blocked, id=9212, stack(0x000000001a600000,0x000000001a700000)]
  0x000000001cf33000 JavaThread "Asynchronous log dispatcher for DefaultDaemonConnection: socket connection from /127.0.0.1:51795 to /127.0.0.1:54847" [_thread_blocked, id=6196, stack(0x000000001a500000,0x000000001a600000)]
  0x000000001cf39800 JavaThread "Daemon worker Thread 3" [_thread_blocked, id=1348, stack(0x000000001a200000,0x000000001a300000)]
  0x000000001cf2b000 JavaThread "Cancel handler" [_thread_blocked, id=13540, stack(0x000000001a100000,0x000000001a200000)]
  0x000000001cf31800 JavaThread "Handler for socket connection from /127.0.0.1:51795 to /127.0.0.1:54847" [_thread_in_native, id=8500, stack(0x0000000002470000,0x0000000002570000)]
  0x000000001cf30800 JavaThread "Daemon Thread 3" [_thread_blocked, id=6168, stack(0x0000000000b90000,0x0000000000c90000)]
  0x000000001cf2d800 JavaThread "Cache worker for Java compile cache (C:\Users\dell\.gradle\caches\5.4.1\javaCompile)" [_thread_blocked, id=7736, stack(0x0000000025d90000,0x0000000025e90000)]
  0x000000001d068800 JavaThread "Cache worker for file content cache (C:\Users\dell\.gradle\caches\5.4.1\fileContent)" [_thread_blocked, id=5580, stack(0x0000000023ba0000,0x0000000023ca0000)]
  0x000000001d065000 JavaThread "Memory manager" [_thread_blocked, id=10620, stack(0x0000000022510000,0x0000000022610000)]
  0x000000001950e800 JavaThread "Cache worker for execution history cache (C:\Users\dell\.gradle\caches\5.4.1\executionHistory)" [_thread_blocked, id=9876, stack(0x0000000020240000,0x0000000020340000)]
  0x000000001950d000 JavaThread "Cache worker for journal cache (C:\Users\dell\.gradle\caches\journal-1)" [_thread_blocked, id=4276, stack(0x000000001ac00000,0x000000001ad00000)]
  0x000000001950f000 JavaThread "File lock request listener" [_thread_in_native, id=12684, stack(0x000000001ab00000,0x000000001ac00000)]
  0x0000000019510000 JavaThread "Cache worker for file hash cache (C:\Users\dell\.gradle\caches\5.4.1\fileHashes)" [_thread_blocked, id=3740, stack(0x000000001aa00000,0x000000001ab00000)]
  0x000000001933f800 JavaThread "Daemon periodic checks" [_thread_blocked, id=824, stack(0x000000001a000000,0x000000001a100000)]
  0x0000000018f81000 JavaThread "Incoming local TCP Connector on port 51795" [_thread_in_native, id=5064, stack(0x0000000019e50000,0x0000000019f50000)]
  0x00000000192ee000 JavaThread "Daemon health stats" [_thread_blocked, id=9448, stack(0x0000000019b50000,0x0000000019c50000)]
  0x0000000017bfc000 JavaThread "Service Thread" daemon [_thread_blocked, id=2860, stack(0x0000000018180000,0x0000000018280000)]
  0x0000000017b88000 JavaThread "C1 CompilerThread2" daemon [_thread_blocked, id=9228, stack(0x0000000018080000,0x0000000018180000)]
  0x0000000017b82800 JavaThread "C2 CompilerThread1" daemon [_thread_in_native, id=3192, stack(0x0000000017f80000,0x0000000018080000)]
=>0x000000001658c000 JavaThread "C2 CompilerThread0" daemon [_thread_in_native, id=9500, stack(0x0000000017a80000,0x0000000017b80000)]
  0x000000001653f000 JavaThread "Attach Listener" daemon [_thread_blocked, id=2328, stack(0x0000000017980000,0x0000000017a80000)]
  0x000000001653e000 JavaThread "Signal Dispatcher" daemon [_thread_blocked, id=12980, stack(0x0000000017880000,0x0000000017980000)]
  0x0000000002b21800 JavaThread "Finalizer" daemon [_thread_blocked, id=228, stack(0x0000000017780000,0x0000000017880000)]
  0x0000000002b1e800 JavaThread "Reference Handler" daemon [_thread_blocked, id=7808, stack(0x0000000017680000,0x0000000017780000)]
  0x0000000002a30800 JavaThread "main" [_thread_blocked, id=4468, stack(0x0000000002570000,0x0000000002670000)]

Other Threads:
  0x00000000164f7000 VMThread [stack: 0x0000000017580000,0x0000000017680000] [id=10032]
  0x0000000017c4e000 WatcherThread [stack: 0x0000000018280000,0x0000000018380000] [id=11356]

VM state:not at safepoint (normal execution)

VM Mutex/Monitor currently owned by a thread: None

Heap:
 PSYoungGen      total 432128K, used 212417K [0x00000000e0000000, 0x0000000100000000, 0x0000000100000000)
  eden space 349696K, 60% used [0x00000000e0000000,0x00000000ecf70600,0x00000000f5580000)
  from space 82432K, 0% used [0x00000000f5580000,0x00000000f5580000,0x00000000fa600000)
  to   space 92160K, 0% used [0x00000000fa600000,0x00000000fa600000,0x0000000100000000)
 ParOldGen       total 441344K, used 210291K [0x00000000a0000000, 0x00000000baf00000, 0x00000000e0000000)
  object space 441344K, 47% used [0x00000000a0000000,0x00000000acd5cd40,0x00000000baf00000)
 Metaspace       used 112283K, capacity 117410K, committed 118144K, reserved 1153024K
  class space    used 13859K, capacity 14787K, committed 14976K, reserved 1048576K

Card table byte_map: [0x0000000011f80000,0x0000000012290000] byte_map_base: 0x0000000011a80000

Marking Bits: (ParMarkBitMap*) 0x000000006bb50600
 Begin Bits: [0x0000000012890000, 0x0000000014090000)
 End Bits:   [0x0000000014090000, 0x0000000015890000)

Polling page: 0x00000000005f0000

CodeCache: size=245760Kb used=86462Kb max_used=89294Kb free=159297Kb
 bounds [0x0000000002bc0000, 0x0000000008370000, 0x0000000011bc0000]
 total_blobs=24216 nmethods=23294 adapters=831
 compilation: enabled

Compilation events (10 events):
Event: 633.713 Thread 0x0000000017b88000 32026       3       org.gradle.api.internal.artifacts.ivyservice.modulecache.artifacts.DefaultModuleArtifactCache$ArtifactAtRepositoryKeySerializer::write (10 bytes)
Event: 633.713 Thread 0x0000000017b88000 nmethod 32026 0x0000000008063b10 code [0x0000000008063ca0, 0x0000000008064118]
Event: 633.713 Thread 0x0000000017b88000 32027       3       org.gradle.api.internal.artifacts.ivyservice.modulecache.artifacts.DefaultModuleArtifactCache$ArtifactAtRepositoryKeySerializer::write (25 bytes)
Event: 633.713 Thread 0x0000000017b88000 nmethod 32027 0x000000000602abd0 code [0x000000000602ad60, 0x000000000602b098]
Event: 633.713 Thread 0x0000000017b88000 32028       3       org.gradle.api.internal.artifacts.metadata.ComponentArtifactIdentifierSerializer::write (10 bytes)
Event: 633.714 Thread 0x0000000017b88000 nmethod 32028 0x000000000602a710 code [0x000000000602a880, 0x000000000602aae8]
Event: 633.714 Thread 0x0000000017b88000 32029       3       org.gradle.api.internal.artifacts.metadata.ComponentArtifactIdentifierSerializer::write (66 bytes)
Event: 633.714 Thread 0x0000000017b88000 nmethod 32029 0x0000000006029c90 code [0x0000000006029e60, 0x000000000602a488]
Event: 633.714 Thread 0x0000000017b88000 32025       3       org.gradle.internal.resource.cached.AbstractCachedIndex$1::create (62 bytes)
Event: 633.715 Thread 0x0000000017b88000 nmethod 32025 0x0000000006028810 code [0x0000000006028a40, 0x00000000060296e8]

GC Heap History (10 events):
Event: 288.844 GC heap before
{Heap before GC invocations=64 (full 6):
 PSYoungGen      total 441856K, used 378380K [0x00000000e0000000, 0x0000000100000000, 0x0000000100000000)
  eden space 359424K, 100% used [0x00000000e0000000,0x00000000f5f00000,0x00000000f5f00000)
  from space 82432K, 22% used [0x00000000f5f00000,0x00000000f71831a0,0x00000000faf80000)
  to   space 78848K, 0% used [0x00000000fb300000,0x00000000fb300000,0x0000000100000000)
 ParOldGen       total 348160K, used 276354K [0x00000000a0000000, 0x00000000b5400000, 0x00000000e0000000)
  object space 348160K, 79% used [0x00000000a0000000,0x00000000b0de0988,0x00000000b5400000)
 Metaspace       used 112173K, capacity 117006K, committed 117248K, reserved 1150976K
  class space    used 13864K, capacity 14765K, committed 14848K, reserved 1048576K
Event: 288.910 GC heap after
Heap after GC invocations=64 (full 6):
 PSYoungGen      total 423936K, used 70767K [0x00000000e0000000, 0x0000000100000000, 0x0000000100000000)
  eden space 345088K, 0% used [0x00000000e0000000,0x00000000e0000000,0x00000000f5100000)
  from space 78848K, 89% used [0x00000000fb300000,0x00000000ff81be70,0x0000000100000000)
  to   space 89600K, 0% used [0x00000000f5100000,0x00000000f5100000,0x00000000fa880000)
 ParOldGen       total 348160K, used 276362K [0x00000000a0000000, 0x00000000b5400000, 0x00000000e0000000)
  object space 348160K, 79% used [0x00000000a0000000,0x00000000b0de2988,0x00000000b5400000)
 Metaspace       used 112173K, capacity 117006K, committed 117248K, reserved 1150976K
  class space    used 13864K, capacity 14765K, committed 14848K, reserved 1048576K
}
Event: 292.157 GC heap before
{Heap before GC invocations=65 (full 6):
 PSYoungGen      total 423936K, used 415855K [0x00000000e0000000, 0x0000000100000000, 0x0000000100000000)
  eden space 345088K, 100% used [0x00000000e0000000,0x00000000f5100000,0x00000000f5100000)
  from space 78848K, 89% used [0x00000000fb300000,0x00000000ff81be70,0x0000000100000000)
  to   space 89600K, 0% used [0x00000000f5100000,0x00000000f5100000,0x00000000fa880000)
 ParOldGen       total 348160K, used 276362K [0x00000000a0000000, 0x00000000b5400000, 0x00000000e0000000)
  object space 348160K, 79% used [0x00000000a0000000,0x00000000b0de2988,0x00000000b5400000)
 Metaspace       used 112311K, capacity 117198K, committed 117504K, reserved 1153024K
  class space    used 13864K, capacity 14765K, committed 14848K, reserved 1048576K
Event: 292.208 GC heap after
Heap after GC invocations=65 (full 6):
 PSYoungGen      total 434688K, used 25128K [0x00000000e0000000, 0x0000000100000000, 0x0000000100000000)
  eden space 345088K, 0% used [0x00000000e0000000,0x00000000e0000000,0x00000000f5100000)
  from space 89600K, 28% used [0x00000000f5100000,0x00000000f698a340,0x00000000fa880000)
  to   space 84992K, 0% used [0x00000000fad00000,0x00000000fad00000,0x0000000100000000)
 ParOldGen       total 348160K, used 294480K [0x00000000a0000000, 0x00000000b5400000, 0x00000000e0000000)
  object space 348160K, 84% used [0x00000000a0000000,0x00000000b1f94030,0x00000000b5400000)
 Metaspace       used 112311K, capacity 117198K, committed 117504K, reserved 1153024K
  class space    used 13864K, capacity 14765K, committed 14848K, reserved 1048576K
}
Event: 294.681 GC heap before
{Heap before GC invocations=66 (full 6):
 PSYoungGen      total 434688K, used 370216K [0x00000000e0000000, 0x0000000100000000, 0x0000000100000000)
  eden space 345088K, 100% used [0x00000000e0000000,0x00000000f5100000,0x00000000f5100000)
  from space 89600K, 28% used [0x00000000f5100000,0x00000000f698a340,0x00000000fa880000)
  to   space 84992K, 0% used [0x00000000fad00000,0x00000000fad00000,0x0000000100000000)
 ParOldGen       total 348160K, used 294480K [0x00000000a0000000, 0x00000000b5400000, 0x00000000e0000000)
  object space 348160K, 84% used [0x00000000a0000000,0x00000000b1f94030,0x00000000b5400000)
 Metaspace       used 112536K, capacity 117442K, committed 117504K, reserved 1153024K
  class space    used 13884K, capacity 14815K, committed 14848K, reserved 1048576K
Event: 294.728 GC heap after
Heap after GC invocations=66 (full 6):
 PSYoungGen      total 424960K, used 38682K [0x00000000e0000000, 0x00000000ff680000, 0x0000000100000000)
  eden space 349696K, 0% used [0x00000000e0000000,0x00000000e0000000,0x00000000f5580000)
  from space 75264K, 51% used [0x00000000fad00000,0x00000000fd2c68c0,0x00000000ff680000)
  to   space 82432K, 0% used [0x00000000f5580000,0x00000000f5580000,0x00000000fa600000)
 ParOldGen       total 348160K, used 294480K [0x00000000a0000000, 0x00000000b5400000, 0x00000000e0000000)
  object space 348160K, 84% used [0x00000000a0000000,0x00000000b1f94030,0x00000000b5400000)
 Metaspace       used 112536K, capacity 117442K, committed 117504K, reserved 1153024K
  class space    used 13884K, capacity 14815K, committed 14848K, reserved 1048576K
}
Event: 298.701 GC heap before
{Heap before GC invocations=67 (full 6):
 PSYoungGen      total 424960K, used 388378K [0x00000000e0000000, 0x00000000ff680000, 0x0000000100000000)
  eden space 349696K, 100% used [0x00000000e0000000,0x00000000f5580000,0x00000000f5580000)
  from space 75264K, 51% used [0x00000000fad00000,0x00000000fd2c68c0,0x00000000ff680000)
  to   space 82432K, 0% used [0x00000000f5580000,0x00000000f5580000,0x00000000fa600000)
 ParOldGen       total 348160K, used 294480K [0x00000000a0000000, 0x00000000b5400000, 0x00000000e0000000)
  object space 348160K, 84% used [0x00000000a0000000,0x00000000b1f94030,0x00000000b5400000)
 Metaspace       used 112629K, capacity 117640K, committed 117760K, reserved 1153024K
  class space    used 13890K, capacity 14826K, committed 14848K, reserved 1048576K
Event: 298.931 GC heap after
Heap after GC invocations=67 (full 6):
 PSYoungGen      total 432128K, used 82420K [0x00000000e0000000, 0x0000000100000000, 0x0000000100000000)
  eden space 349696K, 0% used [0x00000000e0000000,0x00000000e0000000,0x00000000f5580000)
  from space 82432K, 99% used [0x00000000f5580000,0x00000000fa5fd0a0,0x00000000fa600000)
  to   space 92160K, 0% used [0x00000000fa600000,0x00000000fa600000,0x0000000100000000)
 ParOldGen       total 348160K, used 330064K [0x00000000a0000000, 0x00000000b5400000, 0x00000000e0000000)
  object space 348160K, 94% used [0x00000000a0000000,0x00000000b4254120,0x00000000b5400000)
 Metaspace       used 112629K, capacity 117640K, committed 117760K, reserved 1153024K
  class space    used 13890K, capacity 14826K, committed 14848K, reserved 1048576K
}
Event: 298.931 GC heap before
{Heap before GC invocations=68 (full 7):
 PSYoungGen      total 432128K, used 82420K [0x00000000e0000000, 0x0000000100000000, 0x0000000100000000)
  eden space 349696K, 0% used [0x00000000e0000000,0x00000000e0000000,0x00000000f5580000)
  from space 82432K, 99% used [0x00000000f5580000,0x00000000fa5fd0a0,0x00000000fa600000)
  to   space 92160K, 0% used [0x00000000fa600000,0x00000000fa600000,0x0000000100000000)
 ParOldGen       total 348160K, used 330064K [0x00000000a0000000, 0x00000000b5400000, 0x00000000e0000000)
  object space 348160K, 94% used [0x00000000a0000000,0x00000000b4254120,0x00000000b5400000)
 Metaspace       used 112629K, capacity 117640K, committed 117760K, reserved 1153024K
  class space    used 13890K, capacity 14826K, committed 14848K, reserved 1048576K
Event: 300.129 GC heap after
Heap after GC invocations=68 (full 7):
 PSYoungGen      total 432128K, used 0K [0x00000000e0000000, 0x0000000100000000, 0x0000000100000000)
  eden space 349696K, 0% used [0x00000000e0000000,0x00000000e0000000,0x00000000f5580000)
  from space 82432K, 0% used [0x00000000f5580000,0x00000000f5580000,0x00000000fa600000)
  to   space 92160K, 0% used [0x00000000fa600000,0x00000000fa600000,0x0000000100000000)
 ParOldGen       total 441344K, used 210291K [0x00000000a0000000, 0x00000000baf00000, 0x00000000e0000000)
  object space 441344K, 47% used [0x00000000a0000000,0x00000000acd5cd40,0x00000000baf00000)
 Metaspace       used 111906K, capacity 116888K, committed 117760K, reserved 1153024K
  class space    used 13805K, capacity 14722K, committed 14848K, reserved 1048576K
}

Deoptimization events (10 events):
Event: 301.848 Thread 0x000000001fd2b000 Uncommon trap: reason=unstable_if action=reinterpret pc=0x0000000003debd2c method=sun.nio.ch.IOUtil.writeFromNativeBuffer(Ljava/io/FileDescriptor;Ljava/nio/ByteBuffer;JLsun/nio/ch/NativeDispatcher;)I @ 121
Event: 301.849 Thread 0x000000001fd2b000 Uncommon trap: reason=unstable_if action=reinterpret pc=0x0000000006c922ec method=sun.nio.ch.IOStatus.normalize(I)I @ 3
Event: 301.849 Thread 0x000000001fd2b000 Uncommon trap: reason=unstable_if action=reinterpret pc=0x000000000759f778 method=org.gradle.internal.remote.internal.inet.SocketConnection$SocketOutputStream.writeWithNonBlockingRetry()I @ 41
Event: 301.854 Thread 0x000000001fd2b000 Uncommon trap: reason=unstable_if action=reinterpret pc=0x00000000042b74a8 method=sun.nio.ch.IOUtil.writeFromNativeBuffer(Ljava/io/FileDescriptor;Ljava/nio/ByteBuffer;JLsun/nio/ch/NativeDispatcher;)I @ 121
Event: 302.291 Thread 0x000000001fd23800 Uncommon trap: reason=unstable_if action=reinterpret pc=0x0000000007bfd420 method=java.io.ObjectOutputStream$BlockDataOutputStream.getUTFLength(Ljava/lang/String;)J @ 73
Event: 633.605 Thread 0x000000001cf31800 Uncommon trap: reason=class_check action=maybe_recompile pc=0x0000000003cedf54 method=java.lang.reflect.Array.newInstance(Ljava/lang/Class;I)Ljava/lang/Object; @ 2
Event: 633.605 Thread 0x000000001cf31800 Uncommon trap: reason=unstable_if action=reinterpret pc=0x00000000035c58ec method=java.io.ObjectInputStream$BlockDataInputStream.read([BIIZ)I @ 83
Event: 633.707 Thread 0x000000001cf36000 Uncommon trap: reason=unstable_if action=reinterpret pc=0x000000000443aea4 method=org.gradle.internal.operations.DefaultBuildOperationExecutor$3.stop()V @ 61
Event: 633.707 Thread 0x000000001cf39000 Uncommon trap: reason=unstable_if action=reinterpret pc=0x000000000443aea4 method=org.gradle.internal.operations.DefaultBuildOperationExecutor$3.stop()V @ 61
Event: 633.707 Thread 0x000000001fd25800 Uncommon trap: reason=unstable_if action=reinterpret pc=0x000000000443aea4 method=org.gradle.internal.operations.DefaultBuildOperationExecutor$3.stop()V @ 61

Internal exceptions (10 events):
Event: 301.774 Thread 0x000000001fd2a000 Exception <a 'sun/nio/fs/WindowsException'> (0x00000000eb12f4c8) thrown at [D:\re\puppet\workspace\8-2-build-windows-amd64-cygwin\jdk8u73\6086\hotspot\src\share\vm\prims\jni.cpp, line 709]
Event: 301.774 Thread 0x000000001fd2a000 Exception <a 'sun/nio/fs/WindowsException'> (0x00000000eb130ee0) thrown at [D:\re\puppet\workspace\8-2-build-windows-amd64-cygwin\jdk8u73\6086\hotspot\src\share\vm\prims\jni.cpp, line 709]
Event: 633.707 Thread 0x000000001cf36000 StackOverflowError at 0x0000000003427380
Event: 633.707 Thread 0x000000001fd29800 StackOverflowError at 0x00000000042450c0
Event: 633.707 Thread 0x000000001fd25800 StackOverflowError at 0x0000000002fcc800
Event: 633.707 Thread 0x000000001cf39000 StackOverflowError at 0x0000000003427380
Event: 633.707 Thread 0x000000001fd29800 Exception <a 'java/lang/StackOverflowError'> (0x00000000eccb01f0) thrown at [D:\re\puppet\workspace\8-2-build-windows-amd64-cygwin\jdk8u73\6086\hotspot\src\share\vm\runtime\sharedRuntime.cpp, line 605]
Event: 633.707 Thread 0x000000001cf36000 Exception <a 'java/lang/StackOverflowError'> (0x00000000ecbb7590) thrown at [D:\re\puppet\workspace\8-2-build-windows-amd64-cygwin\jdk8u73\6086\hotspot\src\share\vm\runtime\sharedRuntime.cpp, line 605]
Event: 633.707 Thread 0x000000001fd25800 Exception <a 'java/lang/StackOverflowError'> (0x00000000ecc5df40) thrown at [D:\re\puppet\workspace\8-2-build-windows-amd64-cygwin\jdk8u73\6086\hotspot\src\share\vm\runtime\sharedRuntime.cpp, line 605]
Event: 633.707 Thread 0x000000001cf39000 Exception <a 'java/lang/StackOverflowError'> (0x00000000ecc0ab40) thrown at [D:\re\puppet\workspace\8-2-build-windows-amd64-cygwin\jdk8u73\6086\hotspot\src\share\vm\runtime\sharedRuntime.cpp, line 605]

Events (10 events):
Event: 633.706 Executing VM operation: RevokeBias done
Event: 633.707 Thread 0x000000001cf36000 Uncommon trap: trap_request=0xffffff65 fr.pc=0x000000000443aea4
Event: 633.707 Thread 0x000000001cf36000 DEOPT PACKING pc=0x000000000443aea4 sp=0x000000001ec9e5f0
Event: 633.707 Thread 0x000000001cf36000 DEOPT UNPACKING pc=0x0000000002c0582a sp=0x000000001ec9e5a0 mode 2
Event: 633.707 Thread 0x000000001cf39000 Uncommon trap: trap_request=0xffffff65 fr.pc=0x000000000443aea4
Event: 633.707 Thread 0x000000001cf39000 DEOPT PACKING pc=0x000000000443aea4 sp=0x000000001fe4e660
Event: 633.707 Thread 0x000000001cf39000 DEOPT UNPACKING pc=0x0000000002c0582a sp=0x000000001fe4e610 mode 2
Event: 633.707 Thread 0x000000001fd25800 Uncommon trap: trap_request=0xffffff65 fr.pc=0x000000000443aea4
Event: 633.707 Thread 0x000000001fd25800 DEOPT PACKING pc=0x000000000443aea4 sp=0x000000002023ebb0
Event: 633.707 Thread 0x000000001fd25800 DEOPT UNPACKING pc=0x0000000002c0582a sp=0x000000002023eb60 mode 2


Dynamic libraries:
0x00007ff787ca0000 - 0x00007ff787cd7000 	D:\java\jdk\bin\java.exe
0x00007ff843b60000 - 0x00007ff843d50000 	C:\Windows\SYSTEM32\ntdll.dll
0x00007ff8439e0000 - 0x00007ff843a92000 	C:\Windows\System32\KERNEL32.DLL
0x00007ff840e00000 - 0x00007ff8410a2000 	C:\Windows\System32\KERNELBASE.dll
0x00007ff842fb0000 - 0x00007ff843053000 	C:\Windows\System32\ADVAPI32.dll
0x00007ff841f30000 - 0x00007ff841fce000 	C:\Windows\System32\msvcrt.dll
0x00007ff8427a0000 - 0x00007ff842837000 	C:\Windows\System32\sechost.dll
0x00007ff8421e0000 - 0x00007ff842300000 	C:\Windows\System32\RPCRT4.dll
0x00007ff841d90000 - 0x00007ff841f23000 	C:\Windows\System32\USER32.dll
0x00007ff840c90000 - 0x00007ff840cb1000 	C:\Windows\System32\win32u.dll
0x00007ff842300000 - 0x00007ff842326000 	C:\Windows\System32\GDI32.dll
0x00007ff840af0000 - 0x00007ff840c84000 	C:\Windows\System32\gdi32full.dll
0x00007ff841210000 - 0x00007ff8412ae000 	C:\Windows\System32\msvcp_win.dll
0x00007ff8410b0000 - 0x00007ff8411aa000 	C:\Windows\System32\ucrtbase.dll
0x00007ff830d80000 - 0x00007ff831005000 	C:\Windows\WinSxS\amd64_microsoft.windows.common-controls_6595b64144ccf1df_6.0.18362.30_none_a1435978519dce7f\COMCTL32.dll
0x00007ff843380000 - 0x00007ff8436b6000 	C:\Windows\System32\combase.dll
0x00007ff840d70000 - 0x00007ff840df1000 	C:\Windows\System32\bcryptPrimitives.dll
0x00007ff8428a0000 - 0x00007ff8428ce000 	C:\Windows\System32\IMM32.DLL
0x000000006bbd0000 - 0x000000006bca2000 	D:\java\jdk\jre\bin\msvcr100.dll
0x000000006b340000 - 0x000000006bbd0000 	D:\java\jdk\jre\bin\server\jvm.dll
0x00007ff841fd0000 - 0x00007ff841fd8000 	C:\Windows\System32\PSAPI.DLL
0x00007ff83d5a0000 - 0x00007ff83d5a9000 	C:\Windows\SYSTEM32\WSOCK32.dll
0x00007ff842170000 - 0x00007ff8421df000 	C:\Windows\System32\WS2_32.dll
0x00007ff83eb60000 - 0x00007ff83eb84000 	C:\Windows\SYSTEM32\WINMM.dll
0x00007ff83c530000 - 0x00007ff83c53a000 	C:\Windows\SYSTEM32\VERSION.dll
0x00007ff83eb30000 - 0x00007ff83eb5d000 	C:\Windows\SYSTEM32\WINMMBASE.dll
0x00007ff841bd0000 - 0x00007ff841c1a000 	C:\Windows\System32\cfgmgr32.dll
0x000000006b330000 - 0x000000006b33f000 	D:\java\jdk\jre\bin\verify.dll
0x000000006b300000 - 0x000000006b329000 	D:\java\jdk\jre\bin\java.dll
0x000000006b2e0000 - 0x000000006b2f6000 	D:\java\jdk\jre\bin\zip.dll
0x00007ff8428d0000 - 0x00007ff842fb0000 	C:\Windows\System32\SHELL32.dll
0x00007ff8420b0000 - 0x00007ff842159000 	C:\Windows\System32\shcore.dll
0x00007ff841450000 - 0x00007ff841bcb000 	C:\Windows\System32\windows.storage.dll
0x00007ff840ad0000 - 0x00007ff840aef000 	C:\Windows\System32\profapi.dll
0x00007ff840a80000 - 0x00007ff840aca000 	C:\Windows\System32\powrprof.dll
0x00007ff840a30000 - 0x00007ff840a40000 	C:\Windows\System32\UMPDC.dll
0x00007ff843730000 - 0x00007ff843782000 	C:\Windows\System32\shlwapi.dll
0x00007ff840a40000 - 0x00007ff840a51000 	C:\Windows\System32\kernel.appcore.dll
0x00007ff8412b0000 - 0x00007ff8412c7000 	C:\Windows\System32\cryptsp.dll
0x000000006b2c0000 - 0x000000006b2da000 	D:\java\jdk\jre\bin\net.dll
0x00007ff840240000 - 0x00007ff8402a7000 	C:\Windows\system32\mswsock.dll
0x000000006b2a0000 - 0x000000006b2b1000 	D:\java\jdk\jre\bin\nio.dll
0x00007ff82d910000 - 0x00007ff82d936000 	C:\Users\dell\.gradle\native\29\windows-amd64\native-platform.dll
0x000000006b290000 - 0x000000006b29d000 	D:\java\jdk\jre\bin\management.dll
0x00007ff83fe00000 - 0x00007ff83fe33000 	C:\Windows\system32\rsaenh.dll
0x00007ff8412d0000 - 0x00007ff8412f6000 	C:\Windows\System32\bcrypt.dll
0x00007ff840920000 - 0x00007ff840945000 	C:\Windows\SYSTEM32\USERENV.dll
0x00007ff840410000 - 0x00007ff84041c000 	C:\Windows\SYSTEM32\CRYPTBASE.dll
0x00007ff83ffa0000 - 0x00007ff83ffda000 	C:\Windows\SYSTEM32\IPHLPAPI.DLL
0x00007ff841d80000 - 0x00007ff841d88000 	C:\Windows\System32\NSI.dll
0x00007ff831a10000 - 0x00007ff831a26000 	C:\Windows\SYSTEM32\dhcpcsvc6.DLL
0x00007ff8319f0000 - 0x00007ff831a0c000 	C:\Windows\SYSTEM32\dhcpcsvc.DLL
0x00007ff83ffe0000 - 0x00007ff8400aa000 	C:\Windows\SYSTEM32\DNSAPI.dll
0x000000006b260000 - 0x000000006b284000 	D:\java\jdk\jre\bin\sunec.dll
0x00007ff82ce10000 - 0x00007ff82ce1a000 	C:\Windows\System32\rasadhlp.dll
0x00007ff831f30000 - 0x00007ff831fa7000 	C:\Windows\System32\fwpuclnt.dll
0x00007ff82b890000 - 0x00007ff82b8a6000 	C:\Windows\system32\napinsp.dll
0x00007ff82b860000 - 0x00007ff82b87a000 	C:\Windows\system32\pnrpnsp.dll
0x00007ff82a920000 - 0x00007ff82a92e000 	C:\Windows\System32\winrnr.dll
0x00007ff83d320000 - 0x00007ff83d33c000 	C:\Windows\system32\NLAapi.dll
0x00007ff83be80000 - 0x00007ff83be95000 	C:\Windows\system32\wshbth.dll
0x00007ff83eb90000 - 0x00007ff83ec1f000 	C:\Windows\system32\apphelp.dll
0x00007ff83fae0000 - 0x00007ff83fb11000 	C:\Windows\SYSTEM32\ntmarta.dll

VM Arguments:
jvm_args: -Xmx1536m -Dfile.encoding=GBK -Duser.country=CN -Duser.language=zh -Duser.variant 
java_command: org.gradle.launcher.daemon.bootstrap.GradleDaemon 5.4.1
java_class_path (initial): C:\Users\dell\.gradle\wrapper\dists\gradle-5.4.1-all\3221gyojl5jsh0helicew7rwx\gradle-5.4.1\lib\gradle-launcher-5.4.1.jar
Launcher Type: SUN_STANDARD

Environment Variables:
JAVA_HOME=D:\java\jdk
CLASSPATH=.;D:\java\jdk\lib
PATH=C:\ProgramData\Oracle\Java\javapath;C:\Windows\system32;C:\Windows;C:\Windows\System32\Wbem;C:\Windows\System32\WindowsPowerShell\v1.0\;C:\Windows\System32\OpenSSH\;C:\Program Files (x86)\Intel\Intel(R) Management Engine Components\DAL;C:\Program Files\Intel\Intel(R) Management Engine Components\DAL;C:\Program Files (x86)\NVIDIA Corporation\PhysX\Common;C:\Program Files\NVIDIA Corporation\NVIDIA NvDLISR;C:\Program Files\TortoiseGit\bin;C:\Program Files\Git\cmd;D:\java\jdk\bin;C:\Program Files\dotnet\;C:\Program Files\Microsoft SQL Server\130\Tools\Binn\;C:\Users\dell\.gradle\wrapper\dists\gradle-5.4.1-all\3221gyojl5jsh0helicew7rwx\gradle-5.4.1\bin;C:\Program Files (x86)\Common Files\Thunder Network\KanKan\Codecs;C:\Users\dell\AppData\Local\Android\Sdk\platform-tools;F:\Idea\mysql-8.0.20-winx64bin;C:\Program Files\MySQL\MySQL Utilities 1.6\;F:\Idea\maven\apache-maven-3.6.3-bin\apache-maven-3.6.3\bin;C:\Users\dell\AppData\Local\Microsoft\WindowsApps;C:\Users\dell\AppData\Local\Programs\Fiddler
USERNAME=dell
OS=Windows_NT
PROCESSOR_IDENTIFIER=Intel64 Family 6 Model 158 Stepping 10, GenuineIntel



---------------  S Y S T E M  ---------------

OS: Windows 10.0 , 64 bit Build 18362 (10.0.18362.1)

CPU:total 4 (2 cores per cpu, 2 threads per core) family 6 model 158 stepping 10, cmov, cx8, fxsr, mmx, sse, sse2, sse3, ssse3, sse4.1, sse4.2, popcnt, aes, clmul, erms, 3dnowpref, lzcnt, ht, tsc, tscinvbit

Memory: 4k page, physical 8200160k(523592k free), swap 9248736k(432k free)

vm_info: Java HotSpot(TM) 64-Bit Server VM (25.73-b02) for windows-amd64 JRE (1.8.0_73-b02), built on Jan 29 2016 17:38:49 by "java_re" with MS VC++ 10.0 (VS2010)

time: Sat Jul 11 15:51:59 2020
elapsed time: 634 seconds (0d 0h 10m 34s)

