#
# There is insufficient memory for the Java Runtime Environment to continue.
# Native memory allocation (malloc) failed to allocate 1689424 bytes for Chunk::new
# Possible reasons:
#   The system is out of physical RAM or swap space
#   In 32 bit mode, the process size limit was hit
# Possible solutions:
#   Reduce memory load on the system
#   Increase physical memory or swap space
#   Check if swap backing store is full
#   Use 64 bit Java on a 64 bit OS
#   Decrease Java heap size (-Xmx/-Xms)
#   Decrease number of Java threads
#   Decrease Java thread stack sizes (-Xss)
#   Set larger code cache with -XX:ReservedCodeCacheSize=
# This output file may be truncated or incomplete.
#
#  Out of Memory Error (allocation.cpp:390), pid=9344, tid=5728
#
# JRE version: Java(TM) SE Runtime Environment (8.0_73-b02) (build 1.8.0_73-b02)
# Java VM: Java HotSpot(TM) 64-Bit Server VM (25.73-b02 mixed mode windows-amd64 compressed oops)
# Failed to write core dump. Minidumps are not enabled by default on client versions of Windows
#

---------------  T H R E A D  ---------------

Current thread (0x0000000016cdd000):  JavaThread "C2 CompilerThread1" daemon [_thread_in_native, id=5728, stack(0x0000000018730000,0x0000000018830000)]

Stack: [0x0000000018730000,0x0000000018830000]
[error occurred during error reporting (printing stack bounds), id 0xc0000005]

Native frames: (J=compiled Java code, j=interpreted, Vv=VM code, C=native code)


Current CompileTask:
C2:8851676 36136   !   4       com.android.tools.r8.dex.c::b (2274 bytes)


---------------  P R O C E S S  ---------------

Java Threads: ( => current thread )
  0x000000001d112800 JavaThread "ForkJoinPool.commonPool-worker-0" daemon [_thread_blocked, id=5412, stack(0x0000000029690000,0x0000000029790000)]
  0x0000000022515800 JavaThread "Daemon worker Thread 14" [_thread_blocked, id=11776, stack(0x000000001acd0000,0x000000001add0000)]
  0x0000000022513800 JavaThread "Handler for socket connection from /127.0.0.1:60591 to /127.0.0.1:52661" [_thread_in_native, id=7732, stack(0x000000001a7d0000,0x000000001a8d0000)]
  0x0000000022512000 JavaThread "Daemon Thread 14" [_thread_blocked, id=2204, stack(0x0000000002c30000,0x0000000002d30000)]
  0x0000000021bac800 JavaThread "Cache worker for Java compile cache (C:\Users\dell\.gradle\caches\5.4.1\javaCompile)" [_thread_blocked, id=14264, stack(0x0000000025fb0000,0x00000000260b0000)]
  0x000000001d113000 JavaThread "Cache worker for file content cache (C:\Users\dell\.gradle\caches\5.4.1\fileContent)" [_thread_blocked, id=12684, stack(0x0000000024f90000,0x0000000025090000)]
  0x000000001d107000 JavaThread "Memory manager" [_thread_blocked, id=6560, stack(0x00000000234d0000,0x00000000235d0000)]
  0x000000001840b000 JavaThread "Cache worker for execution history cache (C:\Users\dell\.gradle\caches\5.4.1\executionHistory)" [_thread_blocked, id=2344, stack(0x000000001f4a0000,0x000000001f5a0000)]
  0x000000001840e000 JavaThread "Cache worker for journal cache (C:\Users\dell\.gradle\caches\journal-1)" [_thread_blocked, id=8288, stack(0x000000001b3d0000,0x000000001b4d0000)]
  0x0000000018409000 JavaThread "File lock request listener" [_thread_in_native, id=13124, stack(0x000000001b2d0000,0x000000001b3d0000)]
  0x000000001840c800 JavaThread "Cache worker for file hash cache (C:\Users\dell\.gradle\caches\5.4.1\fileHashes)" [_thread_blocked, id=3156, stack(0x000000001b1d0000,0x000000001b2d0000)]
  0x000000001834f800 JavaThread "Daemon periodic checks" [_thread_blocked, id=11536, stack(0x000000001a8d0000,0x000000001a9d0000)]
  0x000000001834c800 JavaThread "Incoming local TCP Connector on port 60591" [_thread_in_native, id=10208, stack(0x000000001a620000,0x000000001a720000)]
  0x000000001984f800 JavaThread "Daemon health stats" [_thread_blocked, id=14984, stack(0x000000001a300000,0x000000001a400000)]
  0x0000000018392800 JavaThread "Service Thread" daemon [_thread_blocked, id=13820, stack(0x0000000018930000,0x0000000018a30000)]
  0x0000000018387000 JavaThread "C1 CompilerThread2" daemon [_thread_blocked, id=13080, stack(0x0000000018830000,0x0000000018930000)]
=>0x0000000016cdd000 JavaThread "C2 CompilerThread1" daemon [_thread_in_native, id=5728, stack(0x0000000018730000,0x0000000018830000)]
  0x0000000016cdb000 JavaThread "C2 CompilerThread0" daemon [_thread_blocked, id=2180, stack(0x0000000018230000,0x0000000018330000)]
  0x0000000016c8f000 JavaThread "Attach Listener" daemon [_thread_blocked, id=812, stack(0x0000000018130000,0x0000000018230000)]
  0x0000000016c8d800 JavaThread "Signal Dispatcher" daemon [_thread_blocked, id=10836, stack(0x0000000018030000,0x0000000018130000)]
  0x00000000032e6800 JavaThread "Finalizer" daemon [_thread_blocked, id=15272, stack(0x0000000017ed0000,0x0000000017fd0000)]
  0x0000000016c49000 JavaThread "Reference Handler" daemon [_thread_blocked, id=14676, stack(0x0000000017dd0000,0x0000000017ed0000)]
  0x00000000031f0800 JavaThread "main" [_thread_blocked, id=14228, stack(0x00000000030f0000,0x00000000031f0000)]

Other Threads:
  0x0000000016c46000 VMThread [stack: 0x0000000017cd0000,0x0000000017dd0000] [id=7144]
  0x00000000183a7800 WatcherThread [stack: 0x0000000018a30000,0x0000000018b30000] [id=14352]

VM state:not at safepoint (normal execution)

VM Mutex/Monitor currently owned by a thread: None

Heap:
 PSYoungGen      total 387072K, used 180442K [0x00000000e0000000, 0x00000000ff400000, 0x0000000100000000)
  eden space 270336K, 45% used [0x00000000e0000000,0x00000000e7831e08,0x00000000f0800000)
  from space 116736K, 49% used [0x00000000f8200000,0x00000000fba04d50,0x00000000ff400000)
  to   space 120832K, 0% used [0x00000000f0800000,0x00000000f0800000,0x00000000f7e00000)
 ParOldGen       total 344576K, used 108752K [0x00000000a0000000, 0x00000000b5080000, 0x00000000e0000000)
  object space 344576K, 31% used [0x00000000a0000000,0x00000000a6a341b0,0x00000000b5080000)
 Metaspace       used 112235K, capacity 118996K, committed 120064K, reserved 1155072K
  class space    used 13741K, capacity 14884K, committed 15360K, reserved 1048576K

Card table byte_map: [0x00000000126b0000,0x00000000129c0000] byte_map_base: 0x00000000121b0000

Marking Bits: (ParMarkBitMap*) 0x0000000050ab0600
 Begin Bits: [0x0000000012fc0000, 0x00000000147c0000)
 End Bits:   [0x00000000147c0000, 0x0000000015fc0000)

Polling page: 0x0000000002d60000

CodeCache: size=245760Kb used=98026Kb max_used=100916Kb free=147734Kb
 bounds [0x00000000032f0000, 0x0000000009610000, 0x00000000122f0000]
 total_blobs=26424 nmethods=25511 adapters=822
 compilation: enabled

Compilation events (10 events):
Event: 8850.688 Thread 0x0000000016cdb000 36183       4       com.google.common.collect.HashBiMap::seekByValue (47 bytes)
Event: 8850.690 Thread 0x0000000016cdb000 nmethod 36183 0x000000000913ab10 code [0x000000000913ac60, 0x000000000913ad98]
Event: 8850.690 Thread 0x0000000016cdb000 36184  s    4       com.android.tools.build.apkzlib.bytestorage.LruTracker::track (65 bytes)
Event: 8850.712 Thread 0x0000000016cdb000 nmethod 36184 0x00000000091add90 code [0x00000000091adf80, 0x00000000091af088]
Event: 8850.714 Thread 0x0000000016cdb000 36185       4       com.google.common.collect.HashBiMap::delete (216 bytes)
Event: 8850.717 Thread 0x0000000016cdb000 nmethod 36185 0x0000000005a05f10 code [0x0000000005a06060, 0x0000000005a06278]
Event: 8850.719 Thread 0x0000000016cdb000 36186       4       com.android.tools.build.apkzlib.zip.utils.CloseableDelegateByteSource::openStream (8 bytes)
Event: 8850.720 Thread 0x0000000016cdb000 nmethod 36186 0x000000000597d110 code [0x000000000597d260, 0x000000000597d498]
Event: 8851.205 Thread 0x0000000016cdb000 36187       4       com.android.apksig.DefaultApkSignerEngine::checkNotClosed (18 bytes)
Event: 8851.206 Thread 0x0000000016cdb000 nmethod 36187 0x00000000055ae350 code [0x00000000055ae480, 0x00000000055ae4f8]

GC Heap History (10 events):
Event: 8841.923 GC heap before
{Heap before GC invocations=84 (full 10):
 PSYoungGen      total 340992K, used 91126K [0x00000000e0000000, 0x0000000100000000, 0x0000000100000000)
  eden space 249856K, 0% used [0x00000000e0000000,0x00000000e0000000,0x00000000ef400000)
  from space 91136K, 99% used [0x00000000fa700000,0x00000000ffffd940,0x0000000100000000)
  to   space 137216K, 0% used [0x00000000ef400000,0x00000000ef400000,0x00000000f7a00000)
 ParOldGen       total 340992K, used 276671K [0x00000000a0000000, 0x00000000b4d00000, 0x00000000e0000000)
  object space 340992K, 81% used [0x00000000a0000000,0x00000000b0e2fe58,0x00000000b4d00000)
 Metaspace       used 112823K, capacity 119664K, committed 120064K, reserved 1155072K
  class space    used 13831K, capacity 14999K, committed 15360K, reserved 1048576K
Event: 8842.355 GC heap after
Heap after GC invocations=84 (full 10):
 PSYoungGen      total 340992K, used 0K [0x00000000e0000000, 0x0000000100000000, 0x0000000100000000)
  eden space 249856K, 0% used [0x00000000e0000000,0x00000000e0000000,0x00000000ef400000)
  from space 91136K, 0% used [0x00000000fa700000,0x00000000fa700000,0x0000000100000000)
  to   space 137216K, 0% used [0x00000000ef400000,0x00000000ef400000,0x00000000f7a00000)
 ParOldGen       total 344576K, used 108752K [0x00000000a0000000, 0x00000000b5080000, 0x00000000e0000000)
  object space 344576K, 31% used [0x00000000a0000000,0x00000000a6a341b0,0x00000000b5080000)
 Metaspace       used 112007K, capacity 118750K, committed 120064K, reserved 1155072K
  class space    used 13730K, capacity 14868K, committed 15360K, reserved 1048576K
}
Event: 8842.990 GC heap before
{Heap before GC invocations=85 (full 10):
 PSYoungGen      total 340992K, used 249856K [0x00000000e0000000, 0x0000000100000000, 0x0000000100000000)
  eden space 249856K, 100% used [0x00000000e0000000,0x00000000ef400000,0x00000000ef400000)
  from space 91136K, 0% used [0x00000000fa700000,0x00000000fa700000,0x0000000100000000)
  to   space 137216K, 0% used [0x00000000ef400000,0x00000000ef400000,0x00000000f7a00000)
 ParOldGen       total 344576K, used 108752K [0x00000000a0000000, 0x00000000b5080000, 0x00000000e0000000)
  object space 344576K, 31% used [0x00000000a0000000,0x00000000a6a341b0,0x00000000b5080000)
 Metaspace       used 112007K, capacity 118750K, committed 120064K, reserved 1155072K
  class space    used 13730K, capacity 14868K, committed 15360K, reserved 1048576K
Event: 8842.994 GC heap after
Heap after GC invocations=85 (full 10):
 PSYoungGen      total 387072K, used 1567K [0x00000000e0000000, 0x0000000100000000, 0x0000000100000000)
  eden space 249856K, 0% used [0x00000000e0000000,0x00000000e0000000,0x00000000ef400000)
  from space 137216K, 1% used [0x00000000ef400000,0x00000000ef587c88,0x00000000f7a00000)
  to   space 136704K, 0% used [0x00000000f7a80000,0x00000000f7a80000,0x0000000100000000)
 ParOldGen       total 344576K, used 108752K [0x00000000a0000000, 0x00000000b5080000, 0x00000000e0000000)
  object space 344576K, 31% used [0x00000000a0000000,0x00000000a6a341b0,0x00000000b5080000)
 Metaspace       used 112007K, capacity 118750K, committed 120064K, reserved 1155072K
  class space    used 13730K, capacity 14868K, committed 15360K, reserved 1048576K
}
Event: 8843.488 GC heap before
{Heap before GC invocations=86 (full 10):
 PSYoungGen      total 387072K, used 251423K [0x00000000e0000000, 0x0000000100000000, 0x0000000100000000)
  eden space 249856K, 100% used [0x00000000e0000000,0x00000000ef400000,0x00000000ef400000)
  from space 137216K, 1% used [0x00000000ef400000,0x00000000ef587c88,0x00000000f7a00000)
  to   space 136704K, 0% used [0x00000000f7a80000,0x00000000f7a80000,0x0000000100000000)
 ParOldGen       total 344576K, used 108752K [0x00000000a0000000, 0x00000000b5080000, 0x00000000e0000000)
  object space 344576K, 31% used [0x00000000a0000000,0x00000000a6a341b0,0x00000000b5080000)
 Metaspace       used 112015K, capacity 118750K, committed 120064K, reserved 1155072K
  class space    used 13730K, capacity 14868K, committed 15360K, reserved 1048576K
Event: 8843.509 GC heap after
Heap after GC invocations=86 (full 10):
 PSYoungGen      total 373248K, used 31313K [0x00000000e0000000, 0x00000000ff280000, 0x0000000100000000)
  eden space 250368K, 0% used [0x00000000e0000000,0x00000000e0000000,0x00000000ef480000)
  from space 122880K, 25% used [0x00000000f7a80000,0x00000000f9914548,0x00000000ff280000)
  to   space 130048K, 0% used [0x00000000ef480000,0x00000000ef480000,0x00000000f7380000)
 ParOldGen       total 344576K, used 108752K [0x00000000a0000000, 0x00000000b5080000, 0x00000000e0000000)
  object space 344576K, 31% used [0x00000000a0000000,0x00000000a6a341b0,0x00000000b5080000)
 Metaspace       used 112015K, capacity 118750K, committed 120064K, reserved 1155072K
  class space    used 13730K, capacity 14868K, committed 15360K, reserved 1048576K
}
Event: 8845.074 GC heap before
{Heap before GC invocations=87 (full 10):
 PSYoungGen      total 373248K, used 281681K [0x00000000e0000000, 0x00000000ff280000, 0x0000000100000000)
  eden space 250368K, 100% used [0x00000000e0000000,0x00000000ef480000,0x00000000ef480000)
  from space 122880K, 25% used [0x00000000f7a80000,0x00000000f9914548,0x00000000ff280000)
  to   space 130048K, 0% used [0x00000000ef480000,0x00000000ef480000,0x00000000f7380000)
 ParOldGen       total 344576K, used 108752K [0x00000000a0000000, 0x00000000b5080000, 0x00000000e0000000)
  object space 344576K, 31% used [0x00000000a0000000,0x00000000a6a341b0,0x00000000b5080000)
 Metaspace       used 112109K, capacity 118810K, committed 120064K, reserved 1155072K
  class space    used 13738K, capacity 14879K, committed 15360K, reserved 1048576K
Event: 8845.108 GC heap after
Heap after GC invocations=87 (full 10):
 PSYoungGen      total 380416K, used 50848K [0x00000000e0000000, 0x00000000ffb00000, 0x0000000100000000)
  eden space 250368K, 0% used [0x00000000e0000000,0x00000000e0000000,0x00000000ef480000)
  from space 130048K, 39% used [0x00000000ef480000,0x00000000f2628098,0x00000000f7380000)
  to   space 123904K, 0% used [0x00000000f8200000,0x00000000f8200000,0x00000000ffb00000)
 ParOldGen       total 344576K, used 108752K [0x00000000a0000000, 0x00000000b5080000, 0x00000000e0000000)
  object space 344576K, 31% used [0x00000000a0000000,0x00000000a6a341b0,0x00000000b5080000)
 Metaspace       used 112109K, capacity 118810K, committed 120064K, reserved 1155072K
  class space    used 13738K, capacity 14879K, committed 15360K, reserved 1048576K
}
Event: 8850.242 GC heap before
{Heap before GC invocations=88 (full 10):
 PSYoungGen      total 380416K, used 301216K [0x00000000e0000000, 0x00000000ffb00000, 0x0000000100000000)
  eden space 250368K, 100% used [0x00000000e0000000,0x00000000ef480000,0x00000000ef480000)
  from space 130048K, 39% used [0x00000000ef480000,0x00000000f2628098,0x00000000f7380000)
  to   space 123904K, 0% used [0x00000000f8200000,0x00000000f8200000,0x00000000ffb00000)
 ParOldGen       total 344576K, used 108752K [0x00000000a0000000, 0x00000000b5080000, 0x00000000e0000000)
  object space 344576K, 31% used [0x00000000a0000000,0x00000000a6a341b0,0x00000000b5080000)
 Metaspace       used 112195K, capacity 118914K, committed 120064K, reserved 1155072K
  class space    used 13741K, capacity 14883K, committed 15360K, reserved 1048576K
Event: 8850.266 GC heap after
Heap after GC invocations=88 (full 10):
 PSYoungGen      total 387072K, used 57363K [0x00000000e0000000, 0x00000000ff400000, 0x0000000100000000)
  eden space 270336K, 0% used [0x00000000e0000000,0x00000000e0000000,0x00000000f0800000)
  from space 116736K, 49% used [0x00000000f8200000,0x00000000fba04d50,0x00000000ff400000)
  to   space 120832K, 0% used [0x00000000f0800000,0x00000000f0800000,0x00000000f7e00000)
 ParOldGen       total 344576K, used 108752K [0x00000000a0000000, 0x00000000b5080000, 0x00000000e0000000)
  object space 344576K, 31% used [0x00000000a0000000,0x00000000a6a341b0,0x00000000b5080000)
 Metaspace       used 112195K, capacity 118914K, committed 120064K, reserved 1155072K
  class space    used 13741K, capacity 14883K, committed 15360K, reserved 1048576K
}

Deoptimization events (10 events):
Event: 8840.726 Thread 0x0000000022515800 Uncommon trap: reason=class_check action=maybe_recompile pc=0x00000000049b6e18 method=com.sun.tools.javac.jvm.Items$ImmediateItem.coerce(I)Lcom/sun/tools/javac/jvm/Items$Item; @ 195
Event: 8844.516 Thread 0x0000000022515800 Uncommon trap: reason=array_check action=maybe_recompile pc=0x0000000008de6c50 method=java.util.ComparableTimSort.reverseRange([Ljava/lang/Object;II)V @ 27
Event: 8844.791 Thread 0x000000001d109800 Uncommon trap: reason=unstable_if action=reinterpret pc=0x0000000007187f34 method=java.util.concurrent.locks.LockSupport.unpark(Ljava/lang/Thread;)V @ 1
Event: 8845.205 Thread 0x000000001d10b800 Uncommon trap: reason=unstable_if action=reinterpret pc=0x00000000088a57d0 method=com.android.tools.r8.ir.optimize.PeepholeOptimizer.optimize(Lcom/android/tools/r8/ir/code/IRCode;Lcom/android/tools/r8/ir/regalloc/LinearScanRegisterAllocator;)V @ 235
Event: 8845.357 Thread 0x000000001d10b800 Uncommon trap: reason=class_check action=maybe_recompile pc=0x0000000006d3aa4c method=com.android.tools.r8.ir.conversion.IRBuilder.a(Lcom/android/tools/r8/ir/code/Position;)V @ 124
Event: 8845.687 Thread 0x000000001d10b800 Uncommon trap: reason=array_check action=maybe_recompile pc=0x0000000008bf3aa4 method=java.util.TimSort.mergeHi(IIII)V @ 282
Event: 8845.687 Thread 0x000000001d10b800 Uncommon trap: reason=array_check action=maybe_recompile pc=0x0000000008bf6be8 method=java.util.TimSort.mergeLo(IIII)V @ 468
Event: 8845.688 Thread 0x000000001d10b800 Uncommon trap: reason=array_check action=maybe_recompile pc=0x0000000008bf3f84 method=java.util.TimSort.mergeHi(IIII)V @ 171
Event: 8845.688 Thread 0x000000001d10b800 Uncommon trap: reason=array_check action=maybe_recompile pc=0x0000000008bf3f84 method=java.util.TimSort.mergeHi(IIII)V @ 171
Event: 8845.688 Thread 0x000000001d10b800 Uncommon trap: reason=array_check action=maybe_recompile pc=0x0000000008bf6be8 method=java.util.TimSort.mergeLo(IIII)V @ 468

Internal exceptions (10 events):
Event: 8846.001 Thread 0x000000001d105800 Exception <a 'sun/nio/fs/WindowsException'> (0x00000000eb27e6b8) thrown at [D:\re\puppet\workspace\8-2-build-windows-amd64-cygwin\jdk8u73\6086\hotspot\src\share\vm\prims\jni.cpp, line 709]
Event: 8846.002 Thread 0x000000001d105800 Exception <a 'sun/nio/fs/WindowsException'> (0x00000000eb2847f0) thrown at [D:\re\puppet\workspace\8-2-build-windows-amd64-cygwin\jdk8u73\6086\hotspot\src\share\vm\prims\jni.cpp, line 709]
Event: 8846.003 Thread 0x000000001d105800 Exception <a 'sun/nio/fs/WindowsException'> (0x00000000eb290298) thrown at [D:\re\puppet\workspace\8-2-build-windows-amd64-cygwin\jdk8u73\6086\hotspot\src\share\vm\prims\jni.cpp, line 709]
Event: 8846.004 Thread 0x000000001d105800 Exception <a 'sun/nio/fs/WindowsException'> (0x00000000eb360ce0) thrown at [D:\re\puppet\workspace\8-2-build-windows-amd64-cygwin\jdk8u73\6086\hotspot\src\share\vm\prims\jni.cpp, line 709]
Event: 8846.200 Thread 0x0000000022520800 Exception <a 'java/lang/NoSuchMethodError': <clinit>> (0x00000000ebc01998) thrown at [D:\re\puppet\workspace\8-2-build-windows-amd64-cygwin\jdk8u73\6086\hotspot\src\share\vm\prims\jni.cpp, line 1591]
Event: 8846.253 Thread 0x000000001d109800 Exception <a 'java/io/FileNotFoundException'> (0x00000000ec3d4c20) thrown at [D:\re\puppet\workspace\8-2-build-windows-amd64-cygwin\jdk8u73\6086\hotspot\src\share\vm\prims\jni.cpp, line 709]
Event: 8846.284 Thread 0x000000002251d000 Exception <a 'java/io/FileNotFoundException'> (0x00000000ec70d508) thrown at [D:\re\puppet\workspace\8-2-build-windows-amd64-cygwin\jdk8u73\6086\hotspot\src\share\vm\prims\jni.cpp, line 709]
Event: 8850.206 Thread 0x0000000021bb1000 Exception <a 'sun/nio/fs/WindowsException'> (0x00000000ed1c6f48) thrown at [D:\re\puppet\workspace\8-2-build-windows-amd64-cygwin\jdk8u73\6086\hotspot\src\share\vm\prims\jni.cpp, line 709]
Event: 8850.511 Thread 0x0000000021bb8800 Exception <a 'sun/nio/fs/WindowsException'> (0x00000000e2f78780) thrown at [D:\re\puppet\workspace\8-2-build-windows-amd64-cygwin\jdk8u73\6086\hotspot\src\share\vm\prims\jni.cpp, line 709]
Event: 8850.530 Thread 0x000000002251d000 Exception <a 'java/lang/NoSuchMethodError': <clinit>> (0x00000000e3321698) thrown at [D:\re\puppet\workspace\8-2-build-windows-amd64-cygwin\jdk8u73\6086\hotspot\src\share\vm\prims\jni.cpp, line 1591]

Events (10 events):
Event: 8850.682 Executing VM operation: RevokeBias
Event: 8850.683 Executing VM operation: RevokeBias done
Event: 8850.683 Thread 0x0000000021bb5800 Thread exited: 0x0000000021bb5800
Event: 8850.696 Executing VM operation: RevokeBias
Event: 8850.696 Executing VM operation: RevokeBias done
Event: 8850.696 Executing VM operation: RevokeBias
Event: 8850.696 Executing VM operation: RevokeBias done
Event: 8850.962 Executing VM operation: RevokeBias
Event: 8850.963 Executing VM operation: RevokeBias done
Event: 8850.963 Thread 0x0000000021bb4800 Thread exited: 0x0000000021bb4800


Dynamic libraries:
0x00007ff795540000 - 0x00007ff795577000 	D:\java\jdk\bin\java.exe
0x00007ffa79bc0000 - 0x00007ffa79db0000 	C:\Windows\SYSTEM32\ntdll.dll
0x00007ffa791f0000 - 0x00007ffa792a2000 	C:\Windows\System32\KERNEL32.DLL
0x00007ffa77370000 - 0x00007ffa77612000 	C:\Windows\System32\KERNELBASE.dll
0x00007ffa792b0000 - 0x00007ffa79353000 	C:\Windows\System32\ADVAPI32.dll
0x00007ffa79480000 - 0x00007ffa7951e000 	C:\Windows\System32\msvcrt.dll
0x00007ffa79150000 - 0x00007ffa791e7000 	C:\Windows\System32\sechost.dll
0x00007ffa79360000 - 0x00007ffa79480000 	C:\Windows\System32\RPCRT4.dll
0x00007ffa78fb0000 - 0x00007ffa79143000 	C:\Windows\System32\USER32.dll
0x00007ffa77900000 - 0x00007ffa77921000 	C:\Windows\System32\win32u.dll
0x00007ffa783e0000 - 0x00007ffa78406000 	C:\Windows\System32\GDI32.dll
0x00007ffa77a30000 - 0x00007ffa77bc4000 	C:\Windows\System32\gdi32full.dll
0x00007ffa772d0000 - 0x00007ffa7736e000 	C:\Windows\System32\msvcp_win.dll
0x00007ffa77620000 - 0x00007ffa7771a000 	C:\Windows\System32\ucrtbase.dll
0x00007ffa68060000 - 0x00007ffa682e5000 	C:\Windows\WinSxS\amd64_microsoft.windows.common-controls_6595b64144ccf1df_6.0.18362.30_none_a1435978519dce7f\COMCTL32.dll
0x00007ffa78750000 - 0x00007ffa78a86000 	C:\Windows\System32\combase.dll
0x00007ffa77720000 - 0x00007ffa777a1000 	C:\Windows\System32\bcryptPrimitives.dll
0x00007ffa79970000 - 0x00007ffa7999e000 	C:\Windows\System32\IMM32.DLL
0x0000000050b30000 - 0x0000000050c02000 	D:\java\jdk\jre\bin\msvcr100.dll
0x00000000502a0000 - 0x0000000050b30000 	D:\java\jdk\jre\bin\server\jvm.dll
0x00007ffa79890000 - 0x00007ffa79898000 	C:\Windows\System32\PSAPI.DLL
0x00007ffa6ac40000 - 0x00007ffa6ac49000 	C:\Windows\SYSTEM32\WSOCK32.dll
0x00007ffa74b90000 - 0x00007ffa74bb4000 	C:\Windows\SYSTEM32\WINMM.dll
0x00007ffa795a0000 - 0x00007ffa7960f000 	C:\Windows\System32\WS2_32.dll
0x00007ffa74b60000 - 0x00007ffa74b8d000 	C:\Windows\SYSTEM32\winmmbase.dll
0x00007ffa779c0000 - 0x00007ffa77a0a000 	C:\Windows\System32\cfgmgr32.dll
0x00007ffa72590000 - 0x00007ffa7259a000 	C:\Windows\SYSTEM32\VERSION.dll
0x0000000050290000 - 0x000000005029f000 	D:\java\jdk\jre\bin\verify.dll
0x0000000050260000 - 0x0000000050289000 	D:\java\jdk\jre\bin\java.dll
0x0000000050240000 - 0x0000000050256000 	D:\java\jdk\jre\bin\zip.dll
0x00007ffa77c80000 - 0x00007ffa78360000 	C:\Windows\System32\SHELL32.dll
0x00007ffa78560000 - 0x00007ffa78609000 	C:\Windows\System32\shcore.dll
0x00007ffa76b50000 - 0x00007ffa772cb000 	C:\Windows\System32\windows.storage.dll
0x00007ffa76b30000 - 0x00007ffa76b4f000 	C:\Windows\System32\profapi.dll
0x00007ffa76aa0000 - 0x00007ffa76aea000 	C:\Windows\System32\powrprof.dll
0x00007ffa76a90000 - 0x00007ffa76aa0000 	C:\Windows\System32\UMPDC.dll
0x00007ffa78420000 - 0x00007ffa78472000 	C:\Windows\System32\shlwapi.dll
0x00007ffa76af0000 - 0x00007ffa76b01000 	C:\Windows\System32\kernel.appcore.dll
0x00007ffa77a10000 - 0x00007ffa77a27000 	C:\Windows\System32\cryptsp.dll
0x0000000050220000 - 0x000000005023a000 	D:\java\jdk\jre\bin\net.dll
0x00007ffa762a0000 - 0x00007ffa76307000 	C:\Windows\system32\mswsock.dll
0x0000000050200000 - 0x0000000050211000 	D:\java\jdk\jre\bin\nio.dll
0x00007ffa6d3a0000 - 0x00007ffa6d3c6000 	C:\Users\dell\.gradle\native\29\windows-amd64\native-platform.dll
0x00000000501f0000 - 0x00000000501fd000 	D:\java\jdk\jre\bin\management.dll
0x00007ffa75e60000 - 0x00007ffa75e93000 	C:\Windows\system32\rsaenh.dll
0x00007ffa77930000 - 0x00007ffa77956000 	C:\Windows\System32\bcrypt.dll
0x00007ffa769b0000 - 0x00007ffa769d5000 	C:\Windows\SYSTEM32\USERENV.dll
0x00007ffa76470000 - 0x00007ffa7647c000 	C:\Windows\SYSTEM32\CRYPTBASE.dll
0x00007ffa76000000 - 0x00007ffa7603a000 	C:\Windows\SYSTEM32\IPHLPAPI.DLL
0x00007ffa78410000 - 0x00007ffa78418000 	C:\Windows\System32\NSI.dll
0x00007ffa6b540000 - 0x00007ffa6b556000 	C:\Windows\SYSTEM32\dhcpcsvc6.DLL
0x00007ffa68660000 - 0x00007ffa6867c000 	C:\Windows\SYSTEM32\dhcpcsvc.DLL
0x00007ffa76040000 - 0x00007ffa7610a000 	C:\Windows\SYSTEM32\DNSAPI.dll
0x00000000501c0000 - 0x00000000501e4000 	D:\java\jdk\jre\bin\sunec.dll
0x00007ffa63750000 - 0x00007ffa6375a000 	C:\Windows\System32\rasadhlp.dll
0x00007ffa68b80000 - 0x00007ffa68bf7000 	C:\Windows\System32\fwpuclnt.dll
0x00007ffa61720000 - 0x00007ffa61736000 	C:\Windows\system32\napinsp.dll
0x00007ffa61290000 - 0x00007ffa612aa000 	C:\Windows\system32\pnrpnsp.dll
0x00007ffa61260000 - 0x00007ffa6126e000 	C:\Windows\System32\winrnr.dll
0x00007ffa73380000 - 0x00007ffa7339c000 	C:\Windows\system32\NLAapi.dll
0x00007ffa720d0000 - 0x00007ffa720e5000 	C:\Windows\system32\wshbth.dll

VM Arguments:
jvm_args: -Xmx1536m -Dfile.encoding=GBK -Duser.country=CN -Duser.language=zh -Duser.variant 
java_command: org.gradle.launcher.daemon.bootstrap.GradleDaemon 5.4.1
java_class_path (initial): C:\Users\dell\.gradle\wrapper\dists\gradle-5.4.1-all\3221gyojl5jsh0helicew7rwx\gradle-5.4.1\lib\gradle-launcher-5.4.1.jar
Launcher Type: SUN_STANDARD

Environment Variables:
JAVA_HOME=D:\java\jdk
CLASSPATH=.;D:\java\jdk\lib
PATH=C:\ProgramData\Oracle\Java\javapath;C:\Windows\system32;C:\Windows;C:\Windows\System32\Wbem;C:\Windows\System32\WindowsPowerShell\v1.0\;C:\Windows\System32\OpenSSH\;C:\Program Files (x86)\Intel\Intel(R) Management Engine Components\DAL;C:\Program Files\Intel\Intel(R) Management Engine Components\DAL;C:\Program Files (x86)\NVIDIA Corporation\PhysX\Common;C:\Program Files\NVIDIA Corporation\NVIDIA NvDLISR;C:\Program Files\TortoiseGit\bin;C:\Program Files\Git\cmd;D:\java\jdk\bin;C:\Program Files\dotnet\;C:\Program Files\Microsoft SQL Server\130\Tools\Binn\;C:\Users\dell\.gradle\wrapper\dists\gradle-5.4.1-all\3221gyojl5jsh0helicew7rwx\gradle-5.4.1\bin;C:\Program Files (x86)\Common Files\Thunder Network\KanKan\Codecs;C:\Users\dell\AppData\Local\Android\Sdk\platform-tools;F:\Idea\mysql-8.0.20-winx64bin;C:\Program Files\MySQL\MySQL Utilities 1.6\;F:\Idea\maven\apache-maven-3.6.3-bin\apache-maven-3.6.3\bin;C:\Users\dell\AppData\Local\Microsoft\WindowsApps;;C:\Users\dell\AppData\Local\Programs\Fiddler
USERNAME=dell
OS=Windows_NT
PROCESSOR_IDENTIFIER=Intel64 Family 6 Model 158 Stepping 10, GenuineIntel



---------------  S Y S T E M  ---------------

OS: Windows 10.0 , 64 bit Build 18362 (10.0.18362.1)

CPU:total 4 (2 cores per cpu, 2 threads per core) family 6 model 158 stepping 10, cmov, cx8, fxsr, mmx, sse, sse2, sse3, ssse3, sse4.1, sse4.2, popcnt, aes, clmul, erms, 3dnowpref, lzcnt, ht, tsc, tscinvbit

Memory: 4k page, physical 8200160k(1753564k free), swap 9248736k(19236k free)

vm_info: Java HotSpot(TM) 64-Bit Server VM (25.73-b02) for windows-amd64 JRE (1.8.0_73-b02), built on Jan 29 2016 17:38:49 by "java_re" with MS VC++ 10.0 (VS2010)

time: Mon Sep 07 01:17:14 2020
elapsed time: 8851 seconds (0d 2h 27m 31s)

