#
# There is insufficient memory for the Java Runtime Environment to continue.
# Native memory allocation (malloc) failed to allocate 2556688 bytes for Chunk::new
# Possible reasons:
#   The system is out of physical RAM or swap space
#   In 32 bit mode, the process size limit was hit
# Possible solutions:
#   Reduce memory load on the system
#   Increase physical memory or swap space
#   Check if swap backing store is full
#   Use 64 bit Java on a 64 bit OS
#   Decrease Java heap size (-Xmx/-Xms)
#   Decrease number of Java threads
#   Decrease Java thread stack sizes (-Xss)
#   Set larger code cache with -XX:ReservedCodeCacheSize=
# This output file may be truncated or incomplete.
#
#  Out of Memory Error (allocation.cpp:390), pid=3720, tid=10288
#
# JRE version: Java(TM) SE Runtime Environment (8.0_73-b02) (build 1.8.0_73-b02)
# Java VM: Java HotSpot(TM) 64-Bit Server VM (25.73-b02 mixed mode windows-amd64 compressed oops)
# Failed to write core dump. Minidumps are not enabled by default on client versions of Windows
#

---------------  T H R E A D  ---------------

Current thread (0x000000001628d800):  JavaThread "C2 CompilerThread1" daemon [_thread_in_native, id=10288, stack(0x0000000017ca0000,0x0000000017da0000)]

Stack: [0x0000000017ca0000,0x0000000017da0000]
[error occurred during error reporting (printing stack bounds), id 0xc0000005]

Native frames: (J=compiled Java code, j=interpreted, Vv=VM code, C=native code)


Current CompileTask:
C2: 186941 29588       4       org.gradle.internal.component.local.model.DefaultLocalComponentMetadata::addVariant (127 bytes)


---------------  P R O C E S S  ---------------

Java Threads: ( => current thread )
  0x000000001e283000 JavaThread "stdout" [_thread_in_native, id=4572, stack(0x00000000269d0000,0x0000000026ad0000)]
  0x000000001e284800 JavaThread "stderr" [_thread_in_native, id=10188, stack(0x00000000262d0000,0x00000000263d0000)]
  0x000000001e27b000 JavaThread "pool-11-thread-1" [_thread_blocked, id=8620, stack(0x0000000026090000,0x0000000026190000)]
  0x000000001e282000 JavaThread "WorkerExecutor Queue Thread 2" [_thread_blocked, id=8960, stack(0x0000000025d70000,0x0000000025e70000)]
  0x000000001e27a800 JavaThread "WorkerExecutor Queue" [_thread_blocked, id=5464, stack(0x0000000025c70000,0x0000000025d70000)]
  0x000000001e27e800 JavaThread "Cache worker for execution history cache (F:\RentalCarWorkSpace\code\RentalCarProject\.gradle\5.4.1\executionHistory)" [_thread_blocked, id=7156, stack(0x0000000025b70000,0x0000000025c70000)]
  0x000000001e27c800 JavaThread "Execution worker for ':' Thread 3" [_thread_blocked, id=9860, stack(0x0000000025a70000,0x0000000025b70000)]
  0x000000001e281800 JavaThread "Execution worker for ':' Thread 2" [_thread_blocked, id=10584, stack(0x0000000025970000,0x0000000025a70000)]
  0x000000001e27f000 JavaThread "Execution worker for ':'" [_thread_blocked, id=12512, stack(0x0000000025870000,0x0000000025970000)]
  0x000000001d973000 JavaThread "Cache worker for file content cache (F:\RentalCarWorkSpace\code\RentalCarProject\.gradle\5.4.1\fileContent)" [_thread_blocked, id=12144, stack(0x0000000025270000,0x0000000025370000)]
  0x000000001d972800 JavaThread "Cache worker for Build Output Cleanup Cache (F:\RentalCarWorkSpace\code\RentalCarProject\.gradle\buildOutputCleanup)" [_thread_blocked, id=6028, stack(0x0000000024ea0000,0x0000000024fa0000)]
  0x000000001d971000 JavaThread "Build operations Thread 4" [_thread_blocked, id=7604, stack(0x0000000021eb0000,0x0000000021fb0000)]
  0x000000001d971800 JavaThread "Build operations Thread 3" [_thread_blocked, id=6904, stack(0x00000000202e0000,0x00000000203e0000)]
  0x000000001d970000 JavaThread "Build operations Thread 2" [_thread_blocked, id=11304, stack(0x000000001f160000,0x000000001f260000)]
  0x000000001d96f800 JavaThread "Build operations" [_thread_blocked, id=13120, stack(0x000000001ed20000,0x000000001ee20000)]
  0x000000001d968000 JavaThread "Cache worker for cache directory md-rule (C:\Users\dell\.gradle\caches\5.4.1\md-rule)" [_thread_blocked, id=1800, stack(0x000000001ec20000,0x000000001ed20000)]
  0x000000001d968800 JavaThread "Cache worker for cache directory md-supplier (C:\Users\dell\.gradle\caches\5.4.1\md-supplier)" [_thread_blocked, id=13308, stack(0x000000001eb20000,0x000000001ec20000)]
  0x000000001d96e800 JavaThread "Cache worker for file hash cache (F:\RentalCarWorkSpace\code\RentalCarProject\.gradle\5.4.1\fileHashes)" [_thread_blocked, id=13600, stack(0x000000001e820000,0x000000001e920000)]
  0x000000001d967000 JavaThread "Thread-62" [_thread_blocked, id=10644, stack(0x000000001e720000,0x000000001e820000)]
  0x000000001d96e000 JavaThread "Stdin handler" [_thread_blocked, id=3300, stack(0x000000001a620000,0x000000001a720000)]
  0x000000001d96d000 JavaThread "Asynchronous log dispatcher for DefaultDaemonConnection: socket connection from /127.0.0.1:58624 to /127.0.0.1:59342" [_thread_blocked, id=6588, stack(0x000000001a220000,0x000000001a320000)]
  0x000000001d966800 JavaThread "Cancel handler" [_thread_blocked, id=8920, stack(0x0000000019f20000,0x000000001a020000)]
  0x000000001d96c800 JavaThread "Handler for socket connection from /127.0.0.1:58624 to /127.0.0.1:59342" [_thread_in_native, id=8984, stack(0x0000000000a00000,0x0000000000b00000)]
  0x000000001d969800 JavaThread "Exec process Thread 3" [_thread_blocked, id=13172, stack(0x000000002bc60000,0x000000002bd60000)]
  0x000000001d965800 JavaThread "Exec process Thread 2" [_thread_blocked, id=6500, stack(0x0000000027da0000,0x0000000027ea0000)]
  0x000000001d965000 JavaThread "Exec process" [_thread_blocked, id=13580, stack(0x0000000027360000,0x0000000027460000)]
  0x000000001cb1a000 JavaThread "Cache worker for Java compile cache (C:\Users\dell\.gradle\caches\5.4.1\javaCompile)" [_thread_blocked, id=9236, stack(0x00000000261d0000,0x00000000262d0000)]
  0x000000001e289000 JavaThread "Cache worker for file content cache (C:\Users\dell\.gradle\caches\5.4.1\fileContent)" [_thread_blocked, id=2472, stack(0x0000000025570000,0x0000000025670000)]
  0x000000001cb15000 JavaThread "Memory manager" [_thread_blocked, id=7452, stack(0x0000000023220000,0x0000000023320000)]
  0x0000000019349800 JavaThread "Cache worker for execution history cache (C:\Users\dell\.gradle\caches\5.4.1\executionHistory)" [_thread_blocked, id=8180, stack(0x000000001f060000,0x000000001f160000)]
  0x0000000019348000 JavaThread "Cache worker for journal cache (C:\Users\dell\.gradle\caches\journal-1)" [_thread_blocked, id=6544, stack(0x000000001a920000,0x000000001aa20000)]
  0x0000000019347000 JavaThread "File lock request listener" [_thread_in_native, id=10832, stack(0x000000001a820000,0x000000001a920000)]
  0x0000000019348800 JavaThread "Cache worker for file hash cache (C:\Users\dell\.gradle\caches\5.4.1\fileHashes)" [_thread_blocked, id=5936, stack(0x000000001a720000,0x000000001a820000)]
  0x000000001911b000 JavaThread "Daemon worker" [_thread_blocked, id=11092, stack(0x000000001a320000,0x000000001a420000)]
  0x00000000192ee000 JavaThread "Daemon" [_thread_blocked, id=860, stack(0x0000000019e20000,0x0000000019f20000)]
  0x0000000019212800 JavaThread "Daemon periodic checks" [_thread_blocked, id=7020, stack(0x0000000019d20000,0x0000000019e20000)]
  0x000000001920a800 JavaThread "Incoming local TCP Connector on port 58624" [_thread_in_native, id=2008, stack(0x0000000019b70000,0x0000000019c70000)]
  0x0000000019069000 JavaThread "Daemon health stats" [_thread_blocked, id=7660, stack(0x0000000019870000,0x0000000019970000)]
  0x000000001792a000 JavaThread "Service Thread" daemon [_thread_blocked, id=9724, stack(0x0000000017ea0000,0x0000000017fa0000)]
  0x00000000178a5800 JavaThread "C1 CompilerThread2" daemon [_thread_blocked, id=13432, stack(0x0000000017da0000,0x0000000017ea0000)]
=>0x000000001628d800 JavaThread "C2 CompilerThread1" daemon [_thread_in_native, id=10288, stack(0x0000000017ca0000,0x0000000017da0000)]
  0x000000001628b800 JavaThread "C2 CompilerThread0" daemon [_thread_blocked, id=2140, stack(0x00000000177a0000,0x00000000178a0000)]
  0x000000001623f000 JavaThread "Attach Listener" daemon [_thread_blocked, id=7760, stack(0x00000000176a0000,0x00000000177a0000)]
  0x000000001623e000 JavaThread "Signal Dispatcher" daemon [_thread_blocked, id=11316, stack(0x00000000175a0000,0x00000000176a0000)]
  0x00000000028b7000 JavaThread "Finalizer" daemon [_thread_blocked, id=10332, stack(0x00000000174a0000,0x00000000175a0000)]
  0x00000000028ae800 JavaThread "Reference Handler" daemon [_thread_blocked, id=2920, stack(0x00000000173a0000,0x00000000174a0000)]
  0x00000000027c0800 JavaThread "main" [_thread_blocked, id=9292, stack(0x00000000022a0000,0x00000000023a0000)]

Other Threads:
  0x00000000161f6000 VMThread [stack: 0x00000000172a0000,0x00000000173a0000] [id=7492]
  0x0000000017965800 WatcherThread [stack: 0x0000000017fa0000,0x00000000180a0000] [id=8836]

VM state:not at safepoint (normal execution)

VM Mutex/Monitor currently owned by a thread: None

Heap:
 PSYoungGen      total 397824K, used 194695K [0x00000000e0000000, 0x00000000fff00000, 0x0000000100000000)
  eden space 271360K, 60% used [0x00000000e0000000,0x00000000ea018e58,0x00000000f0900000)
  from space 126464K, 24% used [0x00000000f0900000,0x00000000f2709158,0x00000000f8480000)
  to   space 121344K, 0% used [0x00000000f8880000,0x00000000f8880000,0x00000000fff00000)
 ParOldGen       total 522752K, used 280998K [0x00000000a0000000, 0x00000000bfe80000, 0x00000000e0000000)
  object space 522752K, 53% used [0x00000000a0000000,0x00000000b1269918,0x00000000bfe80000)
 Metaspace       used 114317K, capacity 120242K, committed 120320K, reserved 1155072K
  class space    used 14247K, capacity 15354K, committed 15360K, reserved 1048576K

Card table byte_map: [0x0000000011c80000,0x0000000011f90000] byte_map_base: 0x0000000011780000

Marking Bits: (ParMarkBitMap*) 0x000000005d3a0600
 Begin Bits: [0x0000000012590000, 0x0000000013d90000)
 End Bits:   [0x0000000013d90000, 0x0000000015590000)

Polling page: 0x00000000006d0000

CodeCache: size=245760Kb used=81047Kb max_used=81060Kb free=164712Kb
 bounds [0x00000000028c0000, 0x0000000007850000, 0x00000000118c0000]
 total_blobs=23568 nmethods=22640 adapters=837
 compilation: enabled

Compilation events (10 events):
Event: 186.687 Thread 0x00000000178a5800 29606       3       java.security.AccessController::getContext (23 bytes)
Event: 186.687 Thread 0x00000000178a5800 nmethod 29606 0x0000000004308050 code [0x00000000043081e0, 0x0000000004308558]
Event: 186.687 Thread 0x00000000178a5800 29607       3       java.security.AccessControlContext::optimize (318 bytes)
Event: 186.689 Thread 0x00000000178a5800 nmethod 29607 0x000000000783b910 code [0x000000000783bc40, 0x000000000783d548]
Event: 186.767 Thread 0x000000001628b800 29608       4       java.io.File::listFiles (52 bytes)
Event: 186.773 Thread 0x000000001628b800 nmethod 29608 0x0000000004d9f1d0 code [0x0000000004d9f360, 0x0000000004d9f818]
Event: 186.788 Thread 0x000000001628b800 29609       4       com.android.builder.internal.aapt.v2.AaptV2CommandBuilder$makeLinkCommand$$inlined$sortedBy$1::compare (60 bytes)
Event: 186.790 Thread 0x000000001628b800 nmethod 29609 0x0000000005f7b690 code [0x0000000005f7b7e0, 0x0000000005f7b9b8]
Event: 186.790 Thread 0x000000001628b800 29610       4       com.google.common.collect.ImmutableList$Builder::add (14 bytes)
Event: 186.798 Thread 0x000000001628b800 nmethod 29610 0x0000000007847690 code [0x00000000078477e0, 0x0000000007847dc8]

GC Heap History (10 events):
Event: 117.119 GC heap before
{Heap before GC invocations=49 (full 6):
 PSYoungGen      total 451072K, used 73204K [0x00000000e0000000, 0x0000000100000000, 0x0000000100000000)
  eden space 377856K, 0% used [0x00000000e0000000,0x00000000e0000000,0x00000000f7100000)
  from space 73216K, 99% used [0x00000000f7100000,0x00000000fb87d108,0x00000000fb880000)
  to   space 73216K, 0% used [0x00000000fb880000,0x00000000fb880000,0x0000000100000000)
 ParOldGen       total 367616K, used 352928K [0x00000000a0000000, 0x00000000b6700000, 0x00000000e0000000)
  object space 367616K, 96% used [0x00000000a0000000,0x00000000b58a82f0,0x00000000b6700000)
 Metaspace       used 111831K, capacity 117014K, committed 117120K, reserved 1150976K
  class space    used 13899K, capacity 14968K, committed 14976K, reserved 1048576K
Event: 118.198 GC heap after
Heap after GC invocations=49 (full 6):
 PSYoungGen      total 451072K, used 0K [0x00000000e0000000, 0x0000000100000000, 0x0000000100000000)
  eden space 377856K, 0% used [0x00000000e0000000,0x00000000e0000000,0x00000000f7100000)
  from space 73216K, 0% used [0x00000000f7100000,0x00000000f7100000,0x00000000fb880000)
  to   space 73216K, 0% used [0x00000000fb880000,0x00000000fb880000,0x0000000100000000)
 ParOldGen       total 522752K, used 272771K [0x00000000a0000000, 0x00000000bfe80000, 0x00000000e0000000)
  object space 522752K, 52% used [0x00000000a0000000,0x00000000b0a60fa8,0x00000000bfe80000)
 Metaspace       used 111743K, capacity 116818K, committed 117120K, reserved 1150976K
  class space    used 13866K, capacity 14912K, committed 14976K, reserved 1048576K
}
Event: 121.010 GC heap before
{Heap before GC invocations=50 (full 6):
 PSYoungGen      total 451072K, used 377446K [0x00000000e0000000, 0x0000000100000000, 0x0000000100000000)
  eden space 377856K, 99% used [0x00000000e0000000,0x00000000f7099898,0x00000000f7100000)
  from space 73216K, 0% used [0x00000000f7100000,0x00000000f7100000,0x00000000fb880000)
  to   space 73216K, 0% used [0x00000000fb880000,0x00000000fb880000,0x0000000100000000)
 ParOldGen       total 522752K, used 272771K [0x00000000a0000000, 0x00000000bfe80000, 0x00000000e0000000)
  object space 522752K, 52% used [0x00000000a0000000,0x00000000b0a60fa8,0x00000000bfe80000)
 Metaspace       used 111896K, capacity 117064K, committed 117376K, reserved 1150976K
  class space    used 13875K, capacity 14919K, committed 14976K, reserved 1048576K
Event: 121.058 GC heap after
Heap after GC invocations=50 (full 6):
 PSYoungGen      total 354816K, used 51731K [0x00000000e0000000, 0x0000000100000000, 0x0000000100000000)
  eden space 281600K, 0% used [0x00000000e0000000,0x00000000e0000000,0x00000000f1300000)
  from space 73216K, 70% used [0x00000000fb880000,0x00000000feb04ef8,0x0000000100000000)
  to   space 121344K, 0% used [0x00000000f1300000,0x00000000f1300000,0x00000000f8980000)
 ParOldGen       total 522752K, used 272771K [0x00000000a0000000, 0x00000000bfe80000, 0x00000000e0000000)
  object space 522752K, 52% used [0x00000000a0000000,0x00000000b0a60fa8,0x00000000bfe80000)
 Metaspace       used 111896K, capacity 117064K, committed 117376K, reserved 1150976K
  class space    used 13875K, capacity 14919K, committed 14976K, reserved 1048576K
}
Event: 140.513 GC heap before
{Heap before GC invocations=51 (full 6):
 PSYoungGen      total 354816K, used 333300K [0x00000000e0000000, 0x0000000100000000, 0x0000000100000000)
  eden space 281600K, 99% used [0x00000000e0000000,0x00000000f12f8468,0x00000000f1300000)
  from space 73216K, 70% used [0x00000000fb880000,0x00000000feb04ef8,0x0000000100000000)
  to   space 121344K, 0% used [0x00000000f1300000,0x00000000f1300000,0x00000000f8980000)
 ParOldGen       total 522752K, used 280963K [0x00000000a0000000, 0x00000000bfe80000, 0x00000000e0000000)
  object space 522752K, 53% used [0x00000000a0000000,0x00000000b1260fb8,0x00000000bfe80000)
 Metaspace       used 112651K, capacity 117920K, committed 118016K, reserved 1153024K
  class space    used 13992K, capacity 15033K, committed 15104K, reserved 1048576K
Event: 140.541 GC heap after
Heap after GC invocations=51 (full 6):
 PSYoungGen      total 402944K, used 24111K [0x00000000e0000000, 0x0000000100000000, 0x0000000100000000)
  eden space 281600K, 0% used [0x00000000e0000000,0x00000000e0000000,0x00000000f1300000)
  from space 121344K, 19% used [0x00000000f1300000,0x00000000f2a8bd50,0x00000000f8980000)
  to   space 117248K, 0% used [0x00000000f8d80000,0x00000000f8d80000,0x0000000100000000)
 ParOldGen       total 522752K, used 280971K [0x00000000a0000000, 0x00000000bfe80000, 0x00000000e0000000)
  object space 522752K, 53% used [0x00000000a0000000,0x00000000b1262fb8,0x00000000bfe80000)
 Metaspace       used 112651K, capacity 117920K, committed 118016K, reserved 1153024K
  class space    used 13992K, capacity 15033K, committed 15104K, reserved 1048576K
}
Event: 141.590 GC heap before
{Heap before GC invocations=52 (full 6):
 PSYoungGen      total 402944K, used 305711K [0x00000000e0000000, 0x0000000100000000, 0x0000000100000000)
  eden space 281600K, 100% used [0x00000000e0000000,0x00000000f1300000,0x00000000f1300000)
  from space 121344K, 19% used [0x00000000f1300000,0x00000000f2a8bd50,0x00000000f8980000)
  to   space 117248K, 0% used [0x00000000f8d80000,0x00000000f8d80000,0x0000000100000000)
 ParOldGen       total 522752K, used 280982K [0x00000000a0000000, 0x00000000bfe80000, 0x00000000e0000000)
  object space 522752K, 53% used [0x00000000a0000000,0x00000000b1265918,0x00000000bfe80000)
 Metaspace       used 112757K, capacity 118066K, committed 118272K, reserved 1153024K
  class space    used 14008K, capacity 15046K, committed 15104K, reserved 1048576K
Event: 141.623 GC heap after
Heap after GC invocations=52 (full 6):
 PSYoungGen      total 388608K, used 88122K [0x00000000e0000000, 0x0000000100000000, 0x0000000100000000)
  eden space 271360K, 0% used [0x00000000e0000000,0x00000000e0000000,0x00000000f0900000)
  from space 117248K, 75% used [0x00000000f8d80000,0x00000000fe38eae0,0x0000000100000000)
  to   space 126464K, 0% used [0x00000000f0900000,0x00000000f0900000,0x00000000f8480000)
 ParOldGen       total 522752K, used 280990K [0x00000000a0000000, 0x00000000bfe80000, 0x00000000e0000000)
  object space 522752K, 53% used [0x00000000a0000000,0x00000000b1267918,0x00000000bfe80000)
 Metaspace       used 112757K, capacity 118066K, committed 118272K, reserved 1153024K
  class space    used 14008K, capacity 15046K, committed 15104K, reserved 1048576K
}
Event: 184.097 GC heap before
{Heap before GC invocations=53 (full 6):
 PSYoungGen      total 388608K, used 359482K [0x00000000e0000000, 0x0000000100000000, 0x0000000100000000)
  eden space 271360K, 100% used [0x00000000e0000000,0x00000000f0900000,0x00000000f0900000)
  from space 117248K, 75% used [0x00000000f8d80000,0x00000000fe38eae0,0x0000000100000000)
  to   space 126464K, 0% used [0x00000000f0900000,0x00000000f0900000,0x00000000f8480000)
 ParOldGen       total 522752K, used 280990K [0x00000000a0000000, 0x00000000bfe80000, 0x00000000e0000000)
  object space 522752K, 53% used [0x00000000a0000000,0x00000000b1267918,0x00000000bfe80000)
 Metaspace       used 114174K, capacity 119894K, committed 120064K, reserved 1155072K
  class space    used 14227K, capacity 15318K, committed 15360K, reserved 1048576K
Event: 184.142 GC heap after
Heap after GC invocations=53 (full 6):
 PSYoungGen      total 397824K, used 30756K [0x00000000e0000000, 0x00000000fff00000, 0x0000000100000000)
  eden space 271360K, 0% used [0x00000000e0000000,0x00000000e0000000,0x00000000f0900000)
  from space 126464K, 24% used [0x00000000f0900000,0x00000000f2709158,0x00000000f8480000)
  to   space 121344K, 0% used [0x00000000f8880000,0x00000000f8880000,0x00000000fff00000)
 ParOldGen       total 522752K, used 280998K [0x00000000a0000000, 0x00000000bfe80000, 0x00000000e0000000)
  object space 522752K, 53% used [0x00000000a0000000,0x00000000b1269918,0x00000000bfe80000)
 Metaspace       used 114174K, capacity 119894K, committed 120064K, reserved 1155072K
  class space    used 14227K, capacity 15318K, committed 15360K, reserved 1048576K
}

Deoptimization events (10 events):
Event: 183.636 Thread 0x000000001911b000 Uncommon trap: reason=bimorphic action=maybe_recompile pc=0x0000000006359788 method=java.util.Spliterators$ArraySpliterator.forEachRemaining(Ljava/util/function/Consumer;)V @ 53
Event: 183.636 Thread 0x000000001911b000 Uncommon trap: reason=bimorphic action=maybe_recompile pc=0x0000000006359788 method=java.util.Spliterators$ArraySpliterator.forEachRemaining(Ljava/util/function/Consumer;)V @ 53
Event: 183.647 Thread 0x000000001911b000 Uncommon trap: reason=class_check action=maybe_recompile pc=0x00000000046f728c method=org.gradle.api.internal.collections.FilteredCollection$FilteringIterator.findNext()Ljava/lang/Object; @ 4
Event: 183.648 Thread 0x000000001911b000 Uncommon trap: reason=class_check action=maybe_recompile pc=0x00000000046f728c method=org.gradle.api.internal.collections.FilteredCollection$FilteringIterator.findNext()Ljava/lang/Object; @ 4
Event: 183.735 Thread 0x000000001911b000 Uncommon trap: reason=null_check action=make_not_entrant pc=0x00000000038ae65c method=java.lang.ThreadLocal$ThreadLocalMap.getEntryAfterMiss(Ljava/lang/ThreadLocal;ILjava/lang/ThreadLocal$ThreadLocalMap$Entry;)Ljava/lang/ThreadLocal$ThreadLocalMap$Entry; @
Event: 183.802 Thread 0x000000001911b000 Uncommon trap: reason=predicate action=maybe_recompile pc=0x000000000699a554 method=java.util.Spliterators$ArraySpliterator.forEachRemaining(Ljava/util/function/Consumer;)V @ 49
Event: 183.938 Thread 0x000000001911b000 Uncommon trap: reason=bimorphic action=maybe_recompile pc=0x0000000005ddfca0 method=java.util.Collection.removeIf(Ljava/util/function/Predicate;)Z @ 8
Event: 183.939 Thread 0x000000001911b000 Uncommon trap: reason=bimorphic action=maybe_recompile pc=0x0000000005ddfca0 method=java.util.Collection.removeIf(Ljava/util/function/Predicate;)Z @ 8
Event: 183.939 Thread 0x000000001911b000 Uncommon trap: reason=bimorphic action=maybe_recompile pc=0x0000000005ddfca0 method=java.util.Collection.removeIf(Ljava/util/function/Predicate;)Z @ 8
Event: 183.961 Thread 0x000000001911b000 Uncommon trap: reason=bimorphic action=maybe_recompile pc=0x0000000005ddfca0 method=java.util.Collection.removeIf(Ljava/util/function/Predicate;)Z @ 8

Internal exceptions (10 events):
Event: 140.417 Thread 0x000000001911b000 Exception <a 'java/lang/NoSuchMethodError': <clinit>> (0x00000000efcf2410) thrown at [D:\re\puppet\workspace\8-2-build-windows-amd64-cygwin\jdk8u73\6086\hotspot\src\share\vm\prims\jni.cpp, line 1591]
Event: 140.494 Thread 0x000000001cb19000 Exception <a 'java/lang/NoSuchMethodError': java.lang.Object.lambda$static$0(Lcom/android/apksig/util/RunnablesProvider;)V> (0x00000000f06ceaa8) thrown at [D:\re\puppet\workspace\8-2-build-windows-amd64-cygwin\jdk8u73\6086\hotspot\src\share\vm\interpreter\§-d¤Ëa@
Event: 142.364 Thread 0x000000001cb19000 Implicit null exception at 0x00000000066987dd to 0x00000000066988b5
Event: 147.426 Thread 0x000000001911b000 Exception <a 'sun/nio/fs/WindowsException'> (0x00000000ea0eed98) thrown at [D:\re\puppet\workspace\8-2-build-windows-amd64-cygwin\jdk8u73\6086\hotspot\src\share\vm\prims\jni.cpp, line 709]
Event: 147.434 Thread 0x000000001911b000 Exception <a 'sun/nio/fs/WindowsException'> (0x00000000ea0f5e00) thrown at [D:\re\puppet\workspace\8-2-build-windows-amd64-cygwin\jdk8u73\6086\hotspot\src\share\vm\prims\jni.cpp, line 709]
Event: 147.435 Thread 0x000000001911b000 Exception <a 'sun/nio/fs/WindowsException'> (0x00000000ea0f7818) thrown at [D:\re\puppet\workspace\8-2-build-windows-amd64-cygwin\jdk8u73\6086\hotspot\src\share\vm\prims\jni.cpp, line 709]
Event: 147.435 Thread 0x000000001911b000 Exception <a 'sun/nio/fs/WindowsException'> (0x00000000ea0f9238) thrown at [D:\re\puppet\workspace\8-2-build-windows-amd64-cygwin\jdk8u73\6086\hotspot\src\share\vm\prims\jni.cpp, line 709]
Event: 147.436 Thread 0x000000001911b000 Exception <a 'sun/nio/fs/WindowsException'> (0x00000000ea0fac50) thrown at [D:\re\puppet\workspace\8-2-build-windows-amd64-cygwin\jdk8u73\6086\hotspot\src\share\vm\prims\jni.cpp, line 709]
Event: 148.287 Thread 0x00000000192ee000 Implicit null exception at 0x00000000075a2004 to 0x00000000075a2079
Event: 183.735 Thread 0x000000001911b000 Implicit null exception at 0x00000000038ae143 to 0x00000000038ae639

Events (10 events):
Event: 186.489 Executing VM operation: RevokeBias
Event: 186.491 Executing VM operation: RevokeBias done
Event: 186.492 Executing VM operation: RevokeBias
Event: 186.492 Executing VM operation: RevokeBias done
Event: 186.498 Thread 0x000000001628b800 flushing nmethod 0x0000000004d9ef50
Event: 186.610 Thread 0x000000001628b800 flushing nmethod 0x0000000005f7b690
Event: 186.647 Thread 0x00000000178a5800 flushing nmethod 0x0000000006cefc90
Event: 186.674 Thread 0x000000001e27b000 Thread added: 0x000000001e27b000
Event: 186.687 Thread 0x000000001e284800 Thread added: 0x000000001e284800
Event: 186.687 Thread 0x000000001e283000 Thread added: 0x000000001e283000


Dynamic libraries:
0x00007ff67aa00000 - 0x00007ff67aa37000 	D:\java\jdk\bin\java.exe
0x00007ffcfcf00000 - 0x00007ffcfd0f0000 	C:\Windows\SYSTEM32\ntdll.dll
0x00007ffcfce00000 - 0x00007ffcfceb2000 	C:\Windows\System32\KERNEL32.DLL
0x00007ffcfaa80000 - 0x00007ffcfad22000 	C:\Windows\System32\KERNELBASE.dll
0x00007ffcfc220000 - 0x00007ffcfc2c3000 	C:\Windows\System32\ADVAPI32.dll
0x00007ffcfc080000 - 0x00007ffcfc11e000 	C:\Windows\System32\msvcrt.dll
0x00007ffcfca80000 - 0x00007ffcfcb17000 	C:\Windows\System32\sechost.dll
0x00007ffcfc2d0000 - 0x00007ffcfc3f0000 	C:\Windows\System32\RPCRT4.dll
0x00007ffcfb2b0000 - 0x00007ffcfb443000 	C:\Windows\System32\USER32.dll
0x00007ffcfaf30000 - 0x00007ffcfaf51000 	C:\Windows\System32\win32u.dll
0x00007ffcfc3f0000 - 0x00007ffcfc416000 	C:\Windows\System32\GDI32.dll
0x00007ffcfa8e0000 - 0x00007ffcfaa74000 	C:\Windows\System32\gdi32full.dll
0x00007ffcf9f20000 - 0x00007ffcf9fbe000 	C:\Windows\System32\msvcp_win.dll
0x00007ffcfad80000 - 0x00007ffcfae7a000 	C:\Windows\System32\ucrtbase.dll
0x00007ffce9a90000 - 0x00007ffce9d15000 	C:\Windows\WinSxS\amd64_microsoft.windows.common-controls_6595b64144ccf1df_6.0.18362.30_none_a1435978519dce7f\COMCTL32.dll
0x00007ffcfc690000 - 0x00007ffcfc9c6000 	C:\Windows\System32\combase.dll
0x00007ffcf9e90000 - 0x00007ffcf9f11000 	C:\Windows\System32\bcryptPrimitives.dll
0x00007ffcfafc0000 - 0x00007ffcfafee000 	C:\Windows\System32\IMM32.DLL
0x000000005d420000 - 0x000000005d4f2000 	D:\java\jdk\jre\bin\msvcr100.dll
0x000000005cb90000 - 0x000000005d420000 	D:\java\jdk\jre\bin\server\jvm.dll
0x00007ffcfc680000 - 0x00007ffcfc688000 	C:\Windows\System32\PSAPI.DLL
0x00007ffcf8940000 - 0x00007ffcf894a000 	C:\Windows\SYSTEM32\VERSION.dll
0x00007ffcf5620000 - 0x00007ffcf5629000 	C:\Windows\SYSTEM32\WSOCK32.dll
0x00007ffcf73f0000 - 0x00007ffcf7414000 	C:\Windows\SYSTEM32\WINMM.dll
0x00007ffcfc1b0000 - 0x00007ffcfc21f000 	C:\Windows\System32\WS2_32.dll
0x00007ffcf6d00000 - 0x00007ffcf6d2d000 	C:\Windows\SYSTEM32\WINMMBASE.dll
0x00007ffcfad30000 - 0x00007ffcfad7a000 	C:\Windows\System32\cfgmgr32.dll
0x000000005cb80000 - 0x000000005cb8f000 	D:\java\jdk\jre\bin\verify.dll
0x000000005cb50000 - 0x000000005cb79000 	D:\java\jdk\jre\bin\java.dll
0x000000005cb30000 - 0x000000005cb46000 	D:\java\jdk\jre\bin\zip.dll
0x00007ffcfb4d0000 - 0x00007ffcfbbb0000 	C:\Windows\System32\SHELL32.dll
0x00007ffcfc9d0000 - 0x00007ffcfca79000 	C:\Windows\System32\shcore.dll
0x00007ffcfa160000 - 0x00007ffcfa8db000 	C:\Windows\System32\windows.storage.dll
0x00007ffcf9e50000 - 0x00007ffcf9e6f000 	C:\Windows\System32\profapi.dll
0x00007ffcf9e00000 - 0x00007ffcf9e4a000 	C:\Windows\System32\powrprof.dll
0x00007ffcf9dd0000 - 0x00007ffcf9de0000 	C:\Windows\System32\UMPDC.dll
0x00007ffcfcda0000 - 0x00007ffcfcdf2000 	C:\Windows\System32\shlwapi.dll
0x00007ffcf9de0000 - 0x00007ffcf9df1000 	C:\Windows\System32\kernel.appcore.dll
0x00007ffcf9ff0000 - 0x00007ffcfa007000 	C:\Windows\System32\cryptsp.dll
0x000000005cb10000 - 0x000000005cb2a000 	D:\java\jdk\jre\bin\net.dll
0x00007ffcf95e0000 - 0x00007ffcf9647000 	C:\Windows\system32\mswsock.dll
0x000000005caf0000 - 0x000000005cb01000 	D:\java\jdk\jre\bin\nio.dll
0x00007ffcdbf00000 - 0x00007ffcdbf26000 	C:\Users\dell\.gradle\native\29\windows-amd64\native-platform.dll
0x000000005cae0000 - 0x000000005caed000 	D:\java\jdk\jre\bin\management.dll
0x00007ffcf91a0000 - 0x00007ffcf91d3000 	C:\Windows\system32\rsaenh.dll
0x00007ffcf9fc0000 - 0x00007ffcf9fe6000 	C:\Windows\System32\bcrypt.dll
0x00007ffcf9cc0000 - 0x00007ffcf9ce5000 	C:\Windows\SYSTEM32\USERENV.dll
0x00007ffcf97b0000 - 0x00007ffcf97bc000 	C:\Windows\SYSTEM32\CRYPTBASE.dll
0x00007ffcf9340000 - 0x00007ffcf937a000 	C:\Windows\SYSTEM32\IPHLPAPI.DLL
0x00007ffcfc420000 - 0x00007ffcfc428000 	C:\Windows\System32\NSI.dll
0x00007ffceb450000 - 0x00007ffceb466000 	C:\Windows\SYSTEM32\dhcpcsvc6.DLL
0x00007ffceb430000 - 0x00007ffceb44c000 	C:\Windows\SYSTEM32\dhcpcsvc.DLL
0x00007ffcf9380000 - 0x00007ffcf944a000 	C:\Windows\SYSTEM32\DNSAPI.dll
0x000000005ca90000 - 0x000000005cab4000 	D:\java\jdk\jre\bin\sunec.dll
0x00007ffce67c0000 - 0x00007ffce67ca000 	C:\Windows\System32\rasadhlp.dll
0x00007ffceb970000 - 0x00007ffceb9e7000 	C:\Windows\System32\fwpuclnt.dll
0x00007ffce4a70000 - 0x00007ffce4a86000 	C:\Windows\system32\napinsp.dll
0x00007ffce4920000 - 0x00007ffce493a000 	C:\Windows\system32\pnrpnsp.dll
0x00007ffce5280000 - 0x00007ffce528e000 	C:\Windows\System32\winrnr.dll
0x00007ffcf6180000 - 0x00007ffcf619c000 	C:\Windows\system32\NLAapi.dll
0x00007ffcf5440000 - 0x00007ffcf5455000 	C:\Windows\system32\wshbth.dll
0x00007ffcf8e80000 - 0x00007ffcf8eb1000 	C:\Windows\SYSTEM32\ntmarta.dll

VM Arguments:
jvm_args: -Xmx1536m -Dfile.encoding=GBK -Duser.country=CN -Duser.language=zh -Duser.variant 
java_command: org.gradle.launcher.daemon.bootstrap.GradleDaemon 5.4.1
java_class_path (initial): C:\Users\dell\.gradle\wrapper\dists\gradle-5.4.1-all\3221gyojl5jsh0helicew7rwx\gradle-5.4.1\lib\gradle-launcher-5.4.1.jar
Launcher Type: SUN_STANDARD

Environment Variables:
JAVA_HOME=D:\java\jdk
CLASSPATH=.;D:\java\jdk\lib
PATH=C:\ProgramData\Oracle\Java\javapath;C:\Windows\system32;C:\Windows;C:\Windows\System32\Wbem;C:\Windows\System32\WindowsPowerShell\v1.0\;C:\Windows\System32\OpenSSH\;C:\Program Files (x86)\Intel\Intel(R) Management Engine Components\DAL;C:\Program Files\Intel\Intel(R) Management Engine Components\DAL;C:\Program Files (x86)\NVIDIA Corporation\PhysX\Common;C:\Program Files\NVIDIA Corporation\NVIDIA NvDLISR;C:\Program Files\TortoiseGit\bin;C:\Program Files\Git\cmd;D:\java\jdk\bin;C:\Program Files\dotnet\;C:\Program Files\Microsoft SQL Server\130\Tools\Binn\;C:\Users\dell\.gradle\wrapper\dists\gradle-5.4.1-all\3221gyojl5jsh0helicew7rwx\gradle-5.4.1\bin;C:\Program Files (x86)\Common Files\Thunder Network\KanKan\Codecs;C:\Users\dell\AppData\Local\Android\Sdk\platform-tools;F:\Idea\mysql-8.0.20-winx64bin;C:\Program Files\MySQL\MySQL Utilities 1.6\;F:\Idea\maven\apache-maven-3.6.3-bin\apache-maven-3.6.3\bin;C:\Users\dell\AppData\Local\Microsoft\WindowsApps;;C:\Users\dell\AppData\Local\Programs\Fiddler
USERNAME=dell
OS=Windows_NT
PROCESSOR_IDENTIFIER=Intel64 Family 6 Model 158 Stepping 10, GenuineIntel



---------------  S Y S T E M  ---------------

OS: Windows 10.0 , 64 bit Build 18362 (10.0.18362.1)

CPU:total 4 (2 cores per cpu, 2 threads per core) family 6 model 158 stepping 10, cmov, cx8, fxsr, mmx, sse, sse2, sse3, ssse3, sse4.1, sse4.2, popcnt, aes, clmul, erms, 3dnowpref, lzcnt, ht, tsc, tscinvbit

Memory: 4k page, physical 8200160k(1898844k free), swap 9248736k(2224k free)

vm_info: Java HotSpot(TM) 64-Bit Server VM (25.73-b02) for windows-amd64 JRE (1.8.0_73-b02), built on Jan 29 2016 17:38:49 by "java_re" with MS VC++ 10.0 (VS2010)

time: Sun Aug 23 14:09:25 2020
elapsed time: 186 seconds (0d 0h 3m 6s)

