#
# There is insufficient memory for the Java Runtime Environment to continue.
# Native memory allocation (malloc) failed to allocate 1752336 bytes for Chunk::new
# Possible reasons:
#   The system is out of physical RAM or swap space
#   In 32 bit mode, the process size limit was hit
# Possible solutions:
#   Reduce memory load on the system
#   Increase physical memory or swap space
#   Check if swap backing store is full
#   Use 64 bit Java on a 64 bit OS
#   Decrease Java heap size (-Xmx/-Xms)
#   Decrease number of Java threads
#   Decrease Java thread stack sizes (-Xss)
#   Set larger code cache with -XX:ReservedCodeCacheSize=
# This output file may be truncated or incomplete.
#
#  Out of Memory Error (allocation.cpp:390), pid=3592, tid=11772
#
# JRE version: Java(TM) SE Runtime Environment (8.0_73-b02) (build 1.8.0_73-b02)
# Java VM: Java HotSpot(TM) 64-Bit Server VM (25.73-b02 mixed mode windows-amd64 compressed oops)
# Failed to write core dump. Minidumps are not enabled by default on client versions of Windows
#

---------------  T H R E A D  ---------------

Current thread (0x000000001654b800):  JavaThread "C2 CompilerThread1" daemon [_thread_in_native, id=11772, stack(0x0000000017b40000,0x0000000017c40000)]

Stack: [0x0000000017b40000,0x0000000017c40000]
[error occurred during error reporting (printing stack bounds), id 0xc0000005]

Native frames: (J=compiled Java code, j=interpreted, Vv=VM code, C=native code)


Current CompileTask:
C2:9275717 49474       4       com.android.tools.r8.ir.regalloc.LinearScanRegisterAllocator::f (605 bytes)


---------------  P R O C E S S  ---------------

Java Threads: ( => current thread )
  0x0000000017de2000 JavaThread "WorkerExecutor Queue Thread 4" [_thread_blocked, id=6868, stack(0x000000002f5b0000,0x000000002f6b0000)]
  0x0000000017dda000 JavaThread "WorkerExecutor Queue Thread 3" [_thread_in_native, id=5936, stack(0x000000002eb60000,0x000000002ec60000)]
  0x0000000017ddf800 JavaThread "WorkerExecutor Queue Thread 2" [_thread_blocked, id=14356, stack(0x000000002ea60000,0x000000002eb60000)]
  0x0000000017dd9800 JavaThread "WorkerExecutor Queue" [_thread_blocked, id=13232, stack(0x000000002dce0000,0x000000002dde0000)]
  0x000000002074c000 JavaThread "ForkJoinPool.commonPool-worker-0" daemon [_thread_blocked, id=13736, stack(0x000000002dbe0000,0x000000002dce0000)]
  0x0000000020748800 JavaThread "ForkJoinPool.commonPool-worker-3" daemon [_thread_blocked, id=9416, stack(0x000000002cd80000,0x000000002ce80000)]
  0x000000002074a800 JavaThread "ForkJoinPool.commonPool-worker-2" daemon [_thread_blocked, id=9344, stack(0x000000002cc80000,0x000000002cd80000)]
  0x000000002074a000 JavaThread "Cache worker for Java compile cache (F:\RentalCarWorkSpace\code\RentalCarProject\.gradle\5.4.1\javaCompile)" [_thread_blocked, id=12604, stack(0x000000002a260000,0x000000002a360000)]
  0x000000002074b800 JavaThread "Cache worker for execution history cache (F:\RentalCarWorkSpace\code\RentalCarProject\.gradle\5.4.1\executionHistory)" [_thread_blocked, id=7588, stack(0x0000000029350000,0x0000000029450000)]
  0x0000000020741000 JavaThread "Execution worker for ':' Thread 3" [_thread_in_native, id=9400, stack(0x0000000025fa0000,0x00000000260a0000)]
  0x0000000020744800 JavaThread "Execution worker for ':' Thread 2" [_thread_in_native, id=10504, stack(0x00000000256a0000,0x00000000257a0000)]
  0x0000000026882000 JavaThread "Execution worker for ':'" [_thread_in_Java, id=11220, stack(0x00000000255a0000,0x00000000256a0000)]
  0x000000002687d800 JavaThread "Cache worker for file content cache (F:\RentalCarWorkSpace\code\RentalCarProject\.gradle\5.4.1\fileContent)" [_thread_blocked, id=12036, stack(0x00000000254a0000,0x00000000255a0000)]
  0x000000002687e800 JavaThread "Cache worker for Build Output Cleanup Cache (F:\RentalCarWorkSpace\code\RentalCarProject\.gradle\buildOutputCleanup)" [_thread_blocked, id=3964, stack(0x0000000024ed0000,0x0000000024fd0000)]
  0x0000000026881800 JavaThread "Build operations Thread 4" [_thread_blocked, id=3864, stack(0x0000000024cb0000,0x0000000024db0000)]
  0x000000002687c000 JavaThread "Build operations Thread 3" [_thread_blocked, id=11580, stack(0x0000000023670000,0x0000000023770000)]
  0x0000000026873000 JavaThread "Build operations Thread 2" [_thread_blocked, id=11972, stack(0x0000000023170000,0x0000000023270000)]
  0x000000002687a000 JavaThread "Build operations" [_thread_blocked, id=13860, stack(0x0000000021820000,0x0000000021920000)]
  0x0000000026878000 JavaThread "Cache worker for cache directory md-rule (C:\Users\dell\.gradle\caches\5.4.1\md-rule)" [_thread_blocked, id=8444, stack(0x000000001f070000,0x000000001f170000)]
  0x0000000026877800 JavaThread "Cache worker for cache directory md-supplier (C:\Users\dell\.gradle\caches\5.4.1\md-supplier)" [_thread_blocked, id=9608, stack(0x000000001ee70000,0x000000001ef70000)]
  0x0000000026876800 JavaThread "Cache worker for file hash cache (F:\RentalCarWorkSpace\code\RentalCarProject\.gradle\5.4.1\fileHashes)" [_thread_blocked, id=6960, stack(0x000000001afc0000,0x000000001b0c0000)]
  0x000000001d88c800 JavaThread "Thread-861" [_thread_blocked, id=14732, stack(0x000000001a8c0000,0x000000001a9c0000)]
  0x000000001d884000 JavaThread "Stdin handler" [_thread_blocked, id=13656, stack(0x000000001a5c0000,0x000000001a6c0000)]
  0x000000001d883800 JavaThread "Asynchronous log dispatcher for DefaultDaemonConnection: socket connection from /127.0.0.1:53692 to /127.0.0.1:49240" [_thread_blocked, id=6260, stack(0x000000001a4c0000,0x000000001a5c0000)]
  0x000000001d882800 JavaThread "Daemon worker Thread 27" [_thread_blocked, id=8032, stack(0x000000001a1c0000,0x000000001a2c0000)]
  0x000000001d886800 JavaThread "Cancel handler" [_thread_blocked, id=6852, stack(0x000000001a0c0000,0x000000001a1c0000)]
  0x000000001d880800 JavaThread "Handler for socket connection from /127.0.0.1:53692 to /127.0.0.1:49240" [_thread_in_native, id=1316, stack(0x0000000002980000,0x0000000002a80000)]
  0x000000001d881000 JavaThread "Daemon Thread 27" [_thread_blocked, id=4320, stack(0x0000000000af0000,0x0000000000bf0000)]
  0x0000000017de7000 JavaThread "Cache worker for Java compile cache (C:\Users\dell\.gradle\caches\5.4.1\javaCompile)" [_thread_blocked, id=9476, stack(0x0000000024dd0000,0x0000000024ed0000)]
  0x000000001d88b800 JavaThread "Cache worker for file content cache (C:\Users\dell\.gradle\caches\5.4.1\fileContent)" [_thread_blocked, id=12228, stack(0x0000000021b20000,0x0000000021c20000)]
  0x000000001d88a000 JavaThread "Memory manager" [_thread_blocked, id=4812, stack(0x0000000022a70000,0x0000000022b70000)]
  0x000000001d87f800 JavaThread "Cache worker for execution history cache (C:\Users\dell\.gradle\caches\5.4.1\executionHistory)" [_thread_blocked, id=5512, stack(0x000000001ef70000,0x000000001f070000)]
  0x0000000018d78800 JavaThread "Cache worker for journal cache (C:\Users\dell\.gradle\caches\journal-1)" [_thread_in_native, id=12632, stack(0x000000001abc0000,0x000000001acc0000)]
  0x0000000018d76000 JavaThread "File lock request listener" [_thread_in_native, id=9712, stack(0x000000001aac0000,0x000000001abc0000)]
  0x0000000018d7a800 JavaThread "Cache worker for file hash cache (C:\Users\dell\.gradle\caches\5.4.1\fileHashes)" [_thread_blocked, id=12492, stack(0x000000001a9c0000,0x000000001aac0000)]
  0x00000000186c1000 JavaThread "Daemon periodic checks" [_thread_blocked, id=13628, stack(0x0000000019fc0000,0x000000001a0c0000)]
  0x00000000186c7800 JavaThread "Incoming local TCP Connector on port 53692" [_thread_in_native, id=7428, stack(0x0000000019e10000,0x0000000019f10000)]
  0x00000000194d8800 JavaThread "Daemon health stats" [_thread_blocked, id=8752, stack(0x0000000019b10000,0x0000000019c10000)]
  0x0000000017cb0000 JavaThread "Service Thread" daemon [_thread_blocked, id=6052, stack(0x0000000018140000,0x0000000018240000)]
  0x0000000017ca7800 JavaThread "C1 CompilerThread2" daemon [_thread_blocked, id=9252, stack(0x0000000018040000,0x0000000018140000)]
=>0x000000001654b800 JavaThread "C2 CompilerThread1" daemon [_thread_in_native, id=11772, stack(0x0000000017b40000,0x0000000017c40000)]
  0x00000000164fe800 JavaThread "C2 CompilerThread0" daemon [_thread_in_native, id=5932, stack(0x0000000017a40000,0x0000000017b40000)]
  0x00000000164fc000 JavaThread "Attach Listener" daemon [_thread_blocked, id=1232, stack(0x0000000017940000,0x0000000017a40000)]
  0x00000000164fb800 JavaThread "Signal Dispatcher" daemon [_thread_blocked, id=6824, stack(0x0000000017840000,0x0000000017940000)]
  0x0000000002b71000 JavaThread "Finalizer" daemon [_thread_blocked, id=10812, stack(0x0000000017740000,0x0000000017840000)]
  0x00000000164b9000 JavaThread "Reference Handler" daemon [_thread_blocked, id=9536, stack(0x0000000017640000,0x0000000017740000)]
  0x0000000002a80800 JavaThread "main" [_thread_blocked, id=7608, stack(0x0000000002880000,0x0000000002980000)]

Other Threads:
  0x00000000164b6000 VMThread [stack: 0x0000000017540000,0x0000000017640000] [id=8988]
  0x0000000017cfb000 WatcherThread [stack: 0x0000000018240000,0x0000000018340000] [id=14132]

VM state:not at safepoint (normal execution)

VM Mutex/Monitor currently owned by a thread: None

Heap:
 PSYoungGen      total 460800K, used 229485K [0x00000000e0000000, 0x0000000100000000, 0x0000000100000000)
  eden space 398336K, 49% used [0x00000000e0000000,0x00000000ebfa5e28,0x00000000f8500000)
  from space 62464K, 53% used [0x00000000fc300000,0x00000000fe3757b0,0x0000000100000000)
  to   space 62976K, 0% used [0x00000000f8500000,0x00000000f8500000,0x00000000fc280000)
 ParOldGen       total 406528K, used 297783K [0x00000000a0000000, 0x00000000b8d00000, 0x00000000e0000000)
  object space 406528K, 73% used [0x00000000a0000000,0x00000000b22cdee8,0x00000000b8d00000)
 Metaspace       used 172253K, capacity 181922K, committed 198016K, reserved 1222656K
  class space    used 20701K, capacity 22339K, committed 25216K, reserved 1048576K

Card table byte_map: [0x0000000011f40000,0x0000000012250000] byte_map_base: 0x0000000011a40000

Marking Bits: (ParMarkBitMap*) 0x0000000060580600
 Begin Bits: [0x0000000012850000, 0x0000000014050000)
 End Bits:   [0x0000000014050000, 0x0000000015850000)

Polling page: 0x0000000000c40000

CodeCache: size=245760Kb used=132995Kb max_used=132995Kb free=112764Kb
 bounds [0x0000000002b80000, 0x000000000ae40000, 0x0000000011b80000]
 total_blobs=34498 nmethods=33585 adapters=822
 compilation: enabled

Compilation events (10 events):
Event: 9275.511 Thread 0x0000000017ca7800 49480       3       com.android.tools.r8.dex.e::j (10 bytes)
Event: 9275.511 Thread 0x0000000017ca7800 nmethod 49480 0x000000000abb0f90 code [0x000000000abb1100, 0x000000000abb1328]
Event: 9275.511 Thread 0x0000000017ca7800 49481       3       com.android.tools.r8.dex.e::i (10 bytes)
Event: 9275.511 Thread 0x0000000017ca7800 nmethod 49481 0x000000000abb0b50 code [0x000000000abb0cc0, 0x000000000abb0ee8]
Event: 9275.511 Thread 0x0000000017ca7800 49482       3       com.android.tools.r8.dex.e::d (10 bytes)
Event: 9275.512 Thread 0x0000000017ca7800 nmethod 49482 0x000000000aba9f50 code [0x000000000abaa0c0, 0x000000000abaa2e8]
Event: 9275.514 Thread 0x0000000017ca7800 49483       3       com.android.tools.r8.dex.e::g (10 bytes)
Event: 9275.515 Thread 0x0000000017ca7800 nmethod 49483 0x000000000aba9b10 code [0x000000000aba9c80, 0x000000000aba9ea8]
Event: 9275.543 Thread 0x000000001654b800 nmethod 49468% 0x000000000ae28450 code [0x000000000ae28680, 0x000000000ae2ab08]
Event: 9275.544 Thread 0x000000001654b800 49474       4       com.android.tools.r8.ir.regalloc.LinearScanRegisterAllocator::f (605 bytes)

GC Heap History (10 events):
Event: 7681.211 GC heap before
{Heap before GC invocations=149 (full 13):
 PSYoungGen      total 393728K, used 393528K [0x00000000e0000000, 0x00000000ffe80000, 0x0000000100000000)
  eden space 391168K, 100% used [0x00000000e0000000,0x00000000f7e00000,0x00000000f7e00000)
  from space 2560K, 92% used [0x00000000f7e00000,0x00000000f804e240,0x00000000f8080000)
  to   space 65536K, 0% used [0x00000000fbe80000,0x00000000fbe80000,0x00000000ffe80000)
 ParOldGen       total 406528K, used 225506K [0x00000000a0000000, 0x00000000b8d00000, 0x00000000e0000000)
  object space 406528K, 55% used [0x00000000a0000000,0x00000000adc38838,0x00000000b8d00000)
 Metaspace       used 171433K, capacity 181042K, committed 198016K, reserved 1222656K
  class space    used 20615K, capacity 22235K, committed 25216K, reserved 1048576K
Event: 7681.224 GC heap after
Heap after GC invocations=149 (full 13):
 PSYoungGen      total 461312K, used 21326K [0x00000000e0000000, 0x0000000100000000, 0x0000000100000000)
  eden space 395776K, 0% used [0x00000000e0000000,0x00000000e0000000,0x00000000f8280000)
  from space 65536K, 32% used [0x00000000fbe80000,0x00000000fd353918,0x00000000ffe80000)
  to   space 61440K, 0% used [0x00000000f8280000,0x00000000f8280000,0x00000000fbe80000)
 ParOldGen       total 406528K, used 226658K [0x00000000a0000000, 0x00000000b8d00000, 0x00000000e0000000)
  object space 406528K, 55% used [0x00000000a0000000,0x00000000add58be8,0x00000000b8d00000)
 Metaspace       used 171433K, capacity 181042K, committed 198016K, reserved 1222656K
  class space    used 20615K, capacity 22235K, committed 25216K, reserved 1048576K
}
Event: 7684.454 GC heap before
{Heap before GC invocations=150 (full 13):
 PSYoungGen      total 461312K, used 417102K [0x00000000e0000000, 0x0000000100000000, 0x0000000100000000)
  eden space 395776K, 100% used [0x00000000e0000000,0x00000000f8280000,0x00000000f8280000)
  from space 65536K, 32% used [0x00000000fbe80000,0x00000000fd353918,0x00000000ffe80000)
  to   space 61440K, 0% used [0x00000000f8280000,0x00000000f8280000,0x00000000fbe80000)
 ParOldGen       total 406528K, used 226658K [0x00000000a0000000, 0x00000000b8d00000, 0x00000000e0000000)
  object space 406528K, 55% used [0x00000000a0000000,0x00000000add58be8,0x00000000b8d00000)
 Metaspace       used 171447K, capacity 181042K, committed 198016K, reserved 1222656K
  class space    used 20615K, capacity 22235K, committed 25216K, reserved 1048576K
Event: 7684.482 GC heap after
Heap after GC invocations=150 (full 13):
 PSYoungGen      total 422400K, used 26165K [0x00000000e0000000, 0x00000000ff800000, 0x0000000100000000)
  eden space 395776K, 0% used [0x00000000e0000000,0x00000000e0000000,0x00000000f8280000)
  from space 26624K, 98% used [0x00000000f8280000,0x00000000f9c0d408,0x00000000f9c80000)
  to   space 59392K, 0% used [0x00000000fbe00000,0x00000000fbe00000,0x00000000ff800000)
 ParOldGen       total 406528K, used 246256K [0x00000000a0000000, 0x00000000b8d00000, 0x00000000e0000000)
  object space 406528K, 60% used [0x00000000a0000000,0x00000000af07c2b0,0x00000000b8d00000)
 Metaspace       used 171447K, capacity 181042K, committed 198016K, reserved 1222656K
  class space    used 20615K, capacity 22235K, committed 25216K, reserved 1048576K
}
Event: 9272.687 GC heap before
{Heap before GC invocations=151 (full 13):
 PSYoungGen      total 422400K, used 421941K [0x00000000e0000000, 0x00000000ff800000, 0x0000000100000000)
  eden space 395776K, 100% used [0x00000000e0000000,0x00000000f8280000,0x00000000f8280000)
  from space 26624K, 98% used [0x00000000f8280000,0x00000000f9c0d408,0x00000000f9c80000)
  to   space 59392K, 0% used [0x00000000fbe00000,0x00000000fbe00000,0x00000000ff800000)
 ParOldGen       total 406528K, used 246256K [0x00000000a0000000, 0x00000000b8d00000, 0x00000000e0000000)
  object space 406528K, 60% used [0x00000000a0000000,0x00000000af07c2b0,0x00000000b8d00000)
 Metaspace       used 172193K, capacity 181858K, committed 198016K, reserved 1222656K
  class space    used 20691K, capacity 22339K, committed 25216K, reserved 1048576K
Event: 9272.738 GC heap after
Heap after GC invocations=151 (full 13):
 PSYoungGen      total 453632K, used 41559K [0x00000000e0000000, 0x0000000100000000, 0x0000000100000000)
  eden space 394240K, 0% used [0x00000000e0000000,0x00000000e0000000,0x00000000f8100000)
  from space 59392K, 69% used [0x00000000fbe00000,0x00000000fe695de0,0x00000000ff800000)
  to   space 62464K, 0% used [0x00000000f8100000,0x00000000f8100000,0x00000000fbe00000)
 ParOldGen       total 406528K, used 267412K [0x00000000a0000000, 0x00000000b8d00000, 0x00000000e0000000)
  object space 406528K, 65% used [0x00000000a0000000,0x00000000b0525260,0x00000000b8d00000)
 Metaspace       used 172193K, capacity 181858K, committed 198016K, reserved 1222656K
  class space    used 20691K, capacity 22339K, committed 25216K, reserved 1048576K
}
Event: 9273.657 GC heap before
{Heap before GC invocations=152 (full 13):
 PSYoungGen      total 453632K, used 435799K [0x00000000e0000000, 0x0000000100000000, 0x0000000100000000)
  eden space 394240K, 100% used [0x00000000e0000000,0x00000000f8100000,0x00000000f8100000)
  from space 59392K, 69% used [0x00000000fbe00000,0x00000000fe695de0,0x00000000ff800000)
  to   space 62464K, 0% used [0x00000000f8100000,0x00000000f8100000,0x00000000fbe00000)
 ParOldGen       total 406528K, used 267412K [0x00000000a0000000, 0x00000000b8d00000, 0x00000000e0000000)
  object space 406528K, 65% used [0x00000000a0000000,0x00000000b0525260,0x00000000b8d00000)
 Metaspace       used 172239K, capacity 181858K, committed 198016K, reserved 1222656K
  class space    used 20701K, capacity 22339K, committed 25216K, reserved 1048576K
Event: 9273.679 GC heap after
Heap after GC invocations=152 (full 13):
 PSYoungGen      total 456704K, used 1597K [0x00000000e0000000, 0x0000000100000000, 0x0000000100000000)
  eden space 394240K, 0% used [0x00000000e0000000,0x00000000e0000000,0x00000000f8100000)
  from space 62464K, 2% used [0x00000000f8100000,0x00000000f828f700,0x00000000fbe00000)
  to   space 62464K, 0% used [0x00000000fc300000,0x00000000fc300000,0x0000000100000000)
 ParOldGen       total 406528K, used 296871K [0x00000000a0000000, 0x00000000b8d00000, 0x00000000e0000000)
  object space 406528K, 73% used [0x00000000a0000000,0x00000000b21e9ea0,0x00000000b8d00000)
 Metaspace       used 172239K, capacity 181858K, committed 198016K, reserved 1222656K
  class space    used 20701K, capacity 22339K, committed 25216K, reserved 1048576K
}
Event: 9274.478 GC heap before
{Heap before GC invocations=153 (full 13):
 PSYoungGen      total 456704K, used 395837K [0x00000000e0000000, 0x0000000100000000, 0x0000000100000000)
  eden space 394240K, 100% used [0x00000000e0000000,0x00000000f8100000,0x00000000f8100000)
  from space 62464K, 2% used [0x00000000f8100000,0x00000000f828f700,0x00000000fbe00000)
  to   space 62464K, 0% used [0x00000000fc300000,0x00000000fc300000,0x0000000100000000)
 ParOldGen       total 406528K, used 296871K [0x00000000a0000000, 0x00000000b8d00000, 0x00000000e0000000)
  object space 406528K, 73% used [0x00000000a0000000,0x00000000b21e9ea0,0x00000000b8d00000)
 Metaspace       used 172240K, capacity 181858K, committed 198016K, reserved 1222656K
  class space    used 20701K, capacity 22339K, committed 25216K, reserved 1048576K
Event: 9274.501 GC heap after
Heap after GC invocations=153 (full 13):
 PSYoungGen      total 460800K, used 33237K [0x00000000e0000000, 0x0000000100000000, 0x0000000100000000)
  eden space 398336K, 0% used [0x00000000e0000000,0x00000000e0000000,0x00000000f8500000)
  from space 62464K, 53% used [0x00000000fc300000,0x00000000fe3757b0,0x0000000100000000)
  to   space 62976K, 0% used [0x00000000f8500000,0x00000000f8500000,0x00000000fc280000)
 ParOldGen       total 406528K, used 297783K [0x00000000a0000000, 0x00000000b8d00000, 0x00000000e0000000)
  object space 406528K, 73% used [0x00000000a0000000,0x00000000b22cdee8,0x00000000b8d00000)
 Metaspace       used 172240K, capacity 181858K, committed 198016K, reserved 1222656K
  class space    used 20701K, capacity 22339K, committed 25216K, reserved 1048576K
}

Deoptimization events (10 events):
Event: 6331.805 Thread 0x0000000017de2000 Uncommon trap: reason=null_check action=make_not_entrant pc=0x000000000a372148 method=com.google.gson.internal.Excluder.isAnonymousOrLocal(Ljava/lang/Class;)Z @ 3
Event: 7058.554 Thread 0x000000002687a000 Uncommon trap: reason=null_check action=make_not_entrant pc=0x000000000ab76cd8 method=com.google.gson.internal.bind.TypeAdapters$35.create(Lcom/google/gson/Gson;Lcom/google/gson/reflect/TypeToken;)Lcom/google/gson/TypeAdapter; @ 10
Event: 7059.312 Thread 0x000000002074a000 Uncommon trap: reason=unstable_if action=reinterpret pc=0x000000000982c3c4 method=java.util.concurrent.ConcurrentHashMap.putVal(Ljava/lang/Object;Ljava/lang/Object;Z)Ljava/lang/Object; @ 147
Event: 7059.981 Thread 0x000000002687a000 Uncommon trap: reason=bimorphic action=maybe_recompile pc=0x000000000a6e6824 method=com.sun.tools.javac.code.Type$ClassType.accept(Ljavax/lang/model/type/TypeVisitor;Ljava/lang/Object;)Ljava/lang/Object; @ 3
Event: 7059.982 Thread 0x000000002687a000 Uncommon trap: reason=bimorphic action=maybe_recompile pc=0x000000000a6e6824 method=com.sun.tools.javac.code.Type$ClassType.accept(Ljavax/lang/model/type/TypeVisitor;Ljava/lang/Object;)Ljava/lang/Object; @ 3
Event: 7059.982 Thread 0x000000002687a000 Uncommon trap: reason=bimorphic action=maybe_recompile pc=0x000000000a6e6824 method=com.sun.tools.javac.code.Type$ClassType.accept(Ljavax/lang/model/type/TypeVisitor;Ljava/lang/Object;)Ljava/lang/Object; @ 3
Event: 7059.983 Thread 0x000000002687a000 Uncommon trap: reason=bimorphic action=maybe_recompile pc=0x000000000a6e6824 method=com.sun.tools.javac.code.Type$ClassType.accept(Ljavax/lang/model/type/TypeVisitor;Ljava/lang/Object;)Ljava/lang/Object; @ 3
Event: 7060.735 Thread 0x000000002687a000 Uncommon trap: reason=unstable_if action=reinterpret pc=0x0000000003a960c4 method=java.util.concurrent.locks.AbstractQueuedSynchronizer.unparkSuccessor(Ljava/util/concurrent/locks/AbstractQueuedSynchronizer$Node;)V @ 22
Event: 7678.348 Thread 0x000000002074c000 Uncommon trap: reason=unstable_if action=reinterpret pc=0x000000000ab8b458 method=java.util.concurrent.ConcurrentHashMap.putVal(Ljava/lang/Object;Ljava/lang/Object;Z)Ljava/lang/Object; @ 113
Event: 9272.327 Thread 0x000000001d882800 Uncommon trap: reason=unstable_if action=reinterpret pc=0x000000000add7e80 method=com.sun.tools.javac.util.Options.isSet(Lcom/sun/tools/javac/main/Option;)Z @ 11

Internal exceptions (10 events):
Event: 9274.222 Thread 0x000000001d882800 Exception <a 'java/lang/ArrayIndexOutOfBoundsException'> (0x00000000f5c218e8) thrown at [D:\re\puppet\workspace\8-2-build-windows-amd64-cygwin\jdk8u73\6086\hotspot\src\share\vm\runtime\sharedRuntime.cpp, line 605]
Event: 9274.222 Thread 0x000000001d882800 Exception <a 'java/lang/ArrayIndexOutOfBoundsException'> (0x00000000f5c22690) thrown at [D:\re\puppet\workspace\8-2-build-windows-amd64-cygwin\jdk8u73\6086\hotspot\src\share\vm\runtime\sharedRuntime.cpp, line 605]
Event: 9274.224 Thread 0x000000001d882800 Exception <a 'java/lang/ArrayIndexOutOfBoundsException'> (0x00000000f5d899e8) thrown at [D:\re\puppet\workspace\8-2-build-windows-amd64-cygwin\jdk8u73\6086\hotspot\src\share\vm\runtime\sharedRuntime.cpp, line 605]
Event: 9274.224 Thread 0x000000001d882800 Exception <a 'java/lang/ArrayIndexOutOfBoundsException'> (0x00000000f5d8a790) thrown at [D:\re\puppet\workspace\8-2-build-windows-amd64-cygwin\jdk8u73\6086\hotspot\src\share\vm\runtime\sharedRuntime.cpp, line 605]
Event: 9274.225 Thread 0x000000001d882800 Exception <a 'java/lang/ArrayIndexOutOfBoundsException'> (0x00000000f5e0d690) thrown at [D:\re\puppet\workspace\8-2-build-windows-amd64-cygwin\jdk8u73\6086\hotspot\src\share\vm\runtime\sharedRuntime.cpp, line 605]
Event: 9274.225 Thread 0x000000001d882800 Exception <a 'java/lang/ArrayIndexOutOfBoundsException'> (0x00000000f5e0e438) thrown at [D:\re\puppet\workspace\8-2-build-windows-amd64-cygwin\jdk8u73\6086\hotspot\src\share\vm\runtime\sharedRuntime.cpp, line 605]
Event: 9275.487 Thread 0x0000000017ddf800 Exception <a 'sun/nio/fs/WindowsException'> (0x00000000ea9614a8) thrown at [D:\re\puppet\workspace\8-2-build-windows-amd64-cygwin\jdk8u73\6086\hotspot\src\share\vm\prims\jni.cpp, line 709]
Event: 9275.508 Thread 0x0000000017ddf800 Exception <a 'sun/nio/fs/WindowsException'> (0x00000000eae3c6f8) thrown at [D:\re\puppet\workspace\8-2-build-windows-amd64-cygwin\jdk8u73\6086\hotspot\src\share\vm\prims\jni.cpp, line 709]
Event: 9275.511 Thread 0x0000000017ddf800 Exception <a 'sun/nio/fs/WindowsException'> (0x00000000eae498d0) thrown at [D:\re\puppet\workspace\8-2-build-windows-amd64-cygwin\jdk8u73\6086\hotspot\src\share\vm\prims\jni.cpp, line 709]
Event: 9275.515 Thread 0x0000000017ddf800 Exception <a 'sun/nio/fs/WindowsException'> (0x00000000eae5c900) thrown at [D:\re\puppet\workspace\8-2-build-windows-amd64-cygwin\jdk8u73\6086\hotspot\src\share\vm\prims\jni.cpp, line 709]

Events (10 events):
Event: 9275.463 Executing VM operation: RevokeBias
Event: 9275.463 Executing VM operation: RevokeBias done
Event: 9275.463 Executing VM operation: RevokeBias
Event: 9275.463 Executing VM operation: RevokeBias done
Event: 9275.465 Thread 0x000000002074a800 Thread added: 0x000000002074a800
Event: 9275.465 Thread 0x0000000020748800 Thread added: 0x0000000020748800
Event: 9275.465 Thread 0x000000002074c000 Thread added: 0x000000002074c000
Event: 9275.469 Thread 0x0000000017dd9800 Thread added: 0x0000000017dd9800
Event: 9275.472 Thread 0x0000000017ddf800 Thread added: 0x0000000017ddf800
Event: 9275.472 Thread 0x0000000017dda000 Thread added: 0x0000000017dda000


Dynamic libraries:
0x00007ff751090000 - 0x00007ff7510c7000 	D:\java\jdk\bin\java.exe
0x00007ffc637e0000 - 0x00007ffc639d0000 	C:\Windows\SYSTEM32\ntdll.dll
0x00007ffc61f90000 - 0x00007ffc62042000 	C:\Windows\System32\KERNEL32.DLL
0x00007ffc61560000 - 0x00007ffc61802000 	C:\Windows\System32\KERNELBASE.dll
0x00007ffc63510000 - 0x00007ffc635b3000 	C:\Windows\System32\ADVAPI32.dll
0x00007ffc62c20000 - 0x00007ffc62cbe000 	C:\Windows\System32\msvcrt.dll
0x00007ffc635c0000 - 0x00007ffc63657000 	C:\Windows\System32\sechost.dll
0x00007ffc62cc0000 - 0x00007ffc62de0000 	C:\Windows\System32\RPCRT4.dll
0x00007ffc618a0000 - 0x00007ffc61a33000 	C:\Windows\System32\USER32.dll
0x00007ffc609f0000 - 0x00007ffc60a11000 	C:\Windows\System32\win32u.dll
0x00007ffc62bf0000 - 0x00007ffc62c16000 	C:\Windows\System32\GDI32.dll
0x00007ffc60850000 - 0x00007ffc609e4000 	C:\Windows\System32\gdi32full.dll
0x00007ffc614c0000 - 0x00007ffc6155e000 	C:\Windows\System32\msvcp_win.dll
0x00007ffc613c0000 - 0x00007ffc614ba000 	C:\Windows\System32\ucrtbase.dll
0x00007ffc51380000 - 0x00007ffc51605000 	C:\Windows\WinSxS\amd64_microsoft.windows.common-controls_6595b64144ccf1df_6.0.18362.30_none_a1435978519dce7f\COMCTL32.dll
0x00007ffc631d0000 - 0x00007ffc63506000 	C:\Windows\System32\combase.dll
0x00007ffc61810000 - 0x00007ffc61891000 	C:\Windows\System32\bcryptPrimitives.dll
0x00007ffc62bb0000 - 0x00007ffc62bde000 	C:\Windows\System32\IMM32.DLL
0x00000000611e0000 - 0x00000000612b2000 	D:\java\jdk\jre\bin\msvcr100.dll
0x000000005fd70000 - 0x0000000060600000 	D:\java\jdk\jre\bin\server\jvm.dll
0x00007ffc62ba0000 - 0x00007ffc62ba8000 	C:\Windows\System32\PSAPI.DLL
0x00007ffc58e30000 - 0x00007ffc58e39000 	C:\Windows\SYSTEM32\WSOCK32.dll
0x00007ffc63160000 - 0x00007ffc631cf000 	C:\Windows\System32\WS2_32.dll
0x00007ffc5e870000 - 0x00007ffc5e894000 	C:\Windows\SYSTEM32\WINMM.dll
0x00007ffc5b530000 - 0x00007ffc5b53a000 	C:\Windows\SYSTEM32\VERSION.dll
0x00007ffc5e840000 - 0x00007ffc5e86d000 	C:\Windows\SYSTEM32\WINMMBASE.dll
0x00007ffc60a80000 - 0x00007ffc60aca000 	C:\Windows\System32\cfgmgr32.dll
0x00000000611d0000 - 0x00000000611df000 	D:\java\jdk\jre\bin\verify.dll
0x00000000611a0000 - 0x00000000611c9000 	D:\java\jdk\jre\bin\java.dll
0x0000000061180000 - 0x0000000061196000 	D:\java\jdk\jre\bin\zip.dll
0x00007ffc624c0000 - 0x00007ffc62ba0000 	C:\Windows\System32\SHELL32.dll
0x00007ffc61a40000 - 0x00007ffc61ae9000 	C:\Windows\System32\shcore.dll
0x00007ffc60c40000 - 0x00007ffc613bb000 	C:\Windows\System32\windows.storage.dll
0x00007ffc60750000 - 0x00007ffc6076f000 	C:\Windows\System32\profapi.dll
0x00007ffc60700000 - 0x00007ffc6074a000 	C:\Windows\System32\powrprof.dll
0x00007ffc606b0000 - 0x00007ffc606c0000 	C:\Windows\System32\UMPDC.dll
0x00007ffc61af0000 - 0x00007ffc61b42000 	C:\Windows\System32\shlwapi.dll
0x00007ffc606e0000 - 0x00007ffc606f1000 	C:\Windows\System32\kernel.appcore.dll
0x00007ffc60c20000 - 0x00007ffc60c37000 	C:\Windows\System32\cryptsp.dll
0x0000000061160000 - 0x000000006117a000 	D:\java\jdk\jre\bin\net.dll
0x00007ffc5fec0000 - 0x00007ffc5ff27000 	C:\Windows\system32\mswsock.dll
0x0000000061140000 - 0x0000000061151000 	D:\java\jdk\jre\bin\nio.dll
0x00007ffc3ea50000 - 0x00007ffc3ea76000 	C:\Users\dell\.gradle\native\29\windows-amd64\native-platform.dll
0x0000000061130000 - 0x000000006113d000 	D:\java\jdk\jre\bin\management.dll
0x00007ffc5fa80000 - 0x00007ffc5fab3000 	C:\Windows\system32\rsaenh.dll
0x00007ffc60770000 - 0x00007ffc60796000 	C:\Windows\System32\bcrypt.dll
0x00007ffc605a0000 - 0x00007ffc605c5000 	C:\Windows\SYSTEM32\USERENV.dll
0x00007ffc60090000 - 0x00007ffc6009c000 	C:\Windows\SYSTEM32\CRYPTBASE.dll
0x00007ffc5fc20000 - 0x00007ffc5fc5a000 	C:\Windows\SYSTEM32\IPHLPAPI.DLL
0x00007ffc63710000 - 0x00007ffc63718000 	C:\Windows\System32\NSI.dll
0x00007ffc518a0000 - 0x00007ffc518b6000 	C:\Windows\SYSTEM32\dhcpcsvc6.DLL
0x00007ffc51880000 - 0x00007ffc5189c000 	C:\Windows\SYSTEM32\dhcpcsvc.DLL
0x00007ffc5fc60000 - 0x00007ffc5fd2a000 	C:\Windows\SYSTEM32\DNSAPI.dll
0x0000000061100000 - 0x0000000061124000 	D:\java\jdk\jre\bin\sunec.dll
0x00007ffc4cdd0000 - 0x00007ffc4cdda000 	C:\Windows\System32\rasadhlp.dll
0x00007ffc518c0000 - 0x00007ffc51937000 	C:\Windows\System32\fwpuclnt.dll
0x00007ffc4b080000 - 0x00007ffc4b096000 	C:\Windows\system32\napinsp.dll
0x00007ffc4b060000 - 0x00007ffc4b07a000 	C:\Windows\system32\pnrpnsp.dll
0x00007ffc4b690000 - 0x00007ffc4b69e000 	C:\Windows\System32\winrnr.dll
0x00007ffc5cf60000 - 0x00007ffc5cf7c000 	C:\Windows\system32\NLAapi.dll
0x00007ffc5b930000 - 0x00007ffc5b945000 	C:\Windows\system32\wshbth.dll

VM Arguments:
jvm_args: -Xmx1536m -Dfile.encoding=GBK -Duser.country=CN -Duser.language=zh -Duser.variant 
java_command: org.gradle.launcher.daemon.bootstrap.GradleDaemon 5.4.1
java_class_path (initial): C:\Users\dell\.gradle\wrapper\dists\gradle-5.4.1-all\3221gyojl5jsh0helicew7rwx\gradle-5.4.1\lib\gradle-launcher-5.4.1.jar
Launcher Type: SUN_STANDARD

Environment Variables:
JAVA_HOME=D:\java\jdk
CLASSPATH=.;D:\java\jdk\lib
PATH=C:\ProgramData\Oracle\Java\javapath;C:\Windows\system32;C:\Windows;C:\Windows\System32\Wbem;C:\Windows\System32\WindowsPowerShell\v1.0\;C:\Windows\System32\OpenSSH\;C:\Program Files (x86)\Intel\Intel(R) Management Engine Components\DAL;C:\Program Files\Intel\Intel(R) Management Engine Components\DAL;C:\Program Files (x86)\NVIDIA Corporation\PhysX\Common;C:\Program Files\NVIDIA Corporation\NVIDIA NvDLISR;C:\Program Files\TortoiseGit\bin;C:\Program Files\Git\cmd;D:\java\jdk\bin;C:\Program Files\dotnet\;C:\Program Files\Microsoft SQL Server\130\Tools\Binn\;C:\Users\dell\.gradle\wrapper\dists\gradle-5.4.1-all\3221gyojl5jsh0helicew7rwx\gradle-5.4.1\bin;C:\Program Files (x86)\Common Files\Thunder Network\KanKan\Codecs;C:\Users\dell\AppData\Local\Android\Sdk\platform-tools;F:\Idea\mysql-8.0.20-winx64bin;C:\Program Files\MySQL\MySQL Utilities 1.6\;F:\Idea\maven\apache-maven-3.6.3-bin\apache-maven-3.6.3\bin;C:\Users\dell\AppData\Local\Microsoft\WindowsApps;;C:\Users\dell\AppData\Local\Programs\Fiddler
USERNAME=dell
OS=Windows_NT
PROCESSOR_IDENTIFIER=Intel64 Family 6 Model 158 Stepping 10, GenuineIntel



---------------  S Y S T E M  ---------------

OS: Windows 10.0 , 64 bit Build 18362 (10.0.18362.1)

CPU:total 4 (2 cores per cpu, 2 threads per core) family 6 model 158 stepping 10, cmov, cx8, fxsr, mmx, sse, sse2, sse3, ssse3, sse4.1, sse4.2, popcnt, aes, clmul, erms, 3dnowpref, lzcnt, ht, tsc, tscinvbit

Memory: 4k page, physical 8200160k(1166484k free), swap 9248736k(5480k free)

vm_info: Java HotSpot(TM) 64-Bit Server VM (25.73-b02) for windows-amd64 JRE (1.8.0_73-b02), built on Jan 29 2016 17:38:49 by "java_re" with MS VC++ 10.0 (VS2010)

time: Fri Aug 28 22:57:46 2020
elapsed time: 9275 seconds (0d 2h 34m 35s)

