#
# There is insufficient memory for the Java Runtime Environment to continue.
# Native memory allocation (malloc) failed to allocate 32744 bytes for ChunkPool::allocate
# Possible reasons:
#   The system is out of physical RAM or swap space
#   In 32 bit mode, the process size limit was hit
# Possible solutions:
#   Reduce memory load on the system
#   Increase physical memory or swap space
#   Check if swap backing store is full
#   Use 64 bit Java on a 64 bit OS
#   Decrease Java heap size (-Xmx/-Xms)
#   Decrease number of Java threads
#   Decrease Java thread stack sizes (-Xss)
#   Set larger code cache with -XX:ReservedCodeCacheSize=
# This output file may be truncated or incomplete.
#
#  Out of Memory Error (allocation.cpp:273), pid=13612, tid=10860
#
# JRE version: Java(TM) SE Runtime Environment (8.0_73-b02) (build 1.8.0_73-b02)
# Java VM: Java HotSpot(TM) 64-Bit Server VM (25.73-b02 mixed mode windows-amd64 compressed oops)
# Failed to write core dump. Minidumps are not enabled by default on client versions of Windows
#

---------------  T H R E A D  ---------------

Current thread (0x000000001684d000):  JavaThread "C2 CompilerThread1" daemon [_thread_in_native, id=10860, stack(0x00000000182b0000,0x00000000183b0000)]

Stack: [0x00000000182b0000,0x00000000183b0000]
[error occurred during error reporting (printing stack bounds), id 0xc0000005]

Native frames: (J=compiled Java code, j=interpreted, Vv=VM code, C=native code)


Current CompileTask:
C2:6082104 34404       4       org.aspectj.weaver.bcel.BcelWorld::addSourceObjectType (326 bytes)


---------------  P R O C E S S  ---------------

Java Threads: ( => current thread )
  0x000000001fbd5800 JavaThread "Cache worker for Java compile cache (F:\RentalCarWorkSpace\code\RentalCarProject\.gradle\5.4.1\javaCompile)" [_thread_blocked, id=1648, stack(0x00000000270b0000,0x00000000271b0000)]
  0x000000001fbd5000 JavaThread "WorkerExecutor Queue Thread 5" [_thread_blocked, id=11472, stack(0x000000002bd00000,0x000000002be00000)]
  0x000000001fbd4000 JavaThread "stdout" [_thread_in_native, id=7980, stack(0x000000002c7a0000,0x000000002c8a0000)]
  0x000000001c13c800 JavaThread "stderr" [_thread_in_native, id=7100, stack(0x000000002c6a0000,0x000000002c7a0000)]
  0x000000001c142800 JavaThread "stdout" [_thread_in_native, id=13980, stack(0x000000002c5a0000,0x000000002c6a0000)]
  0x000000001c141000 JavaThread "stderr" [_thread_in_native, id=8224, stack(0x000000002bea0000,0x000000002bfa0000)]
  0x000000001c140000 JavaThread "stdout" [_thread_in_native, id=2344, stack(0x000000002c4a0000,0x000000002c5a0000)]
  0x000000001c13f800 JavaThread "stderr" [_thread_in_native, id=13984, stack(0x000000002c3a0000,0x000000002c4a0000)]
  0x000000001c141800 JavaThread "stdout" [_thread_in_native, id=13728, stack(0x000000002c100000,0x000000002c200000)]
  0x000000001c13b800 JavaThread "stderr" [_thread_in_native, id=2480, stack(0x000000002c000000,0x000000002c100000)]
  0x000000001c13e800 JavaThread "pool-20-thread-1" [_thread_blocked, id=4984, stack(0x000000002b850000,0x000000002b950000)]
  0x00000000194db000 JavaThread "WorkerExecutor Queue Thread 2" [_thread_blocked, id=7180, stack(0x00000000275e0000,0x00000000276e0000)]
  0x000000001bed1800 JavaThread "Cache worker for execution history cache (F:\RentalCarWorkSpace\code\RentalCarProject\.gradle\5.4.1\executionHistory)" [_thread_blocked, id=12620, stack(0x0000000025d20000,0x0000000025e20000)]
  0x000000001bed2000 JavaThread "Execution worker for ':' Thread 3" [_thread_in_native, id=1728, stack(0x0000000025720000,0x0000000025820000)]
  0x000000001bed0800 JavaThread "Execution worker for ':' Thread 2" [_thread_blocked, id=14064, stack(0x0000000025350000,0x0000000025450000)]
  0x000000001bec9000 JavaThread "Execution worker for ':'" [_thread_blocked, id=7304, stack(0x0000000025050000,0x0000000025150000)]
  0x000000001becc000 JavaThread "Cache worker for file content cache (F:\RentalCarWorkSpace\code\RentalCarProject\.gradle\5.4.1\fileContent)" [_thread_blocked, id=9484, stack(0x0000000024440000,0x0000000024540000)]
  0x000000001becb800 JavaThread "Cache worker for Build Output Cleanup Cache (F:\RentalCarWorkSpace\code\RentalCarProject\.gradle\buildOutputCleanup)" [_thread_blocked, id=9184, stack(0x0000000023e00000,0x0000000023f00000)]
  0x000000001bec7800 JavaThread "Build operations Thread 4" [_thread_blocked, id=10620, stack(0x0000000023d00000,0x0000000023e00000)]
  0x000000001bece800 JavaThread "Build operations Thread 3" [_thread_blocked, id=13840, stack(0x00000000239f0000,0x0000000023af0000)]
  0x000000001becd800 JavaThread "Build operations Thread 2" [_thread_blocked, id=6904, stack(0x0000000020b10000,0x0000000020c10000)]
  0x000000001beca800 JavaThread "Build operations" [_thread_blocked, id=8052, stack(0x0000000020a10000,0x0000000020b10000)]
  0x000000001bec6000 JavaThread "Cache worker for cache directory md-rule (C:\Users\dell\.gradle\caches\5.4.1\md-rule)" [_thread_blocked, id=6872, stack(0x0000000020430000,0x0000000020530000)]
  0x000000001becd000 JavaThread "Cache worker for cache directory md-supplier (C:\Users\dell\.gradle\caches\5.4.1\md-supplier)" [_thread_blocked, id=13200, stack(0x000000001eb40000,0x000000001ec40000)]
  0x000000001bec7000 JavaThread "Cache worker for file hash cache (F:\RentalCarWorkSpace\code\RentalCarProject\.gradle\5.4.1\fileHashes)" [_thread_blocked, id=9712, stack(0x000000001aa30000,0x000000001ab30000)]
  0x0000000020349000 JavaThread "Thread-181" [_thread_blocked, id=888, stack(0x000000001a930000,0x000000001aa30000)]
  0x000000002034d800 JavaThread "Stdin handler" [_thread_blocked, id=1744, stack(0x000000001a830000,0x000000001a930000)]
  0x0000000020341800 JavaThread "Asynchronous log dispatcher for DefaultDaemonConnection: socket connection from /127.0.0.1:51878 to /127.0.0.1:63148" [_thread_blocked, id=13148, stack(0x000000001a530000,0x000000001a630000)]
  0x0000000020340800 JavaThread "Daemon worker Thread 8" [_thread_blocked, id=1720, stack(0x000000001a430000,0x000000001a530000)]
  0x0000000020346800 JavaThread "Cancel handler" [_thread_blocked, id=11632, stack(0x0000000000f50000,0x0000000001050000)]
  0x000000002033f000 JavaThread "Handler for socket connection from /127.0.0.1:51878 to /127.0.0.1:63148" [_thread_in_native, id=6540, stack(0x0000000000e50000,0x0000000000f50000)]
  0x0000000020343000 JavaThread "Daemon Thread 8" [_thread_blocked, id=13796, stack(0x0000000000d30000,0x0000000000e30000)]
  0x0000000020347800 JavaThread "Cache worker for Java compile cache (C:\Users\dell\.gradle\caches\5.4.1\javaCompile)" [_thread_blocked, id=7284, stack(0x0000000025c20000,0x0000000025d20000)]
  0x000000001becf000 JavaThread "Cache worker for file content cache (C:\Users\dell\.gradle\caches\5.4.1\fileContent)" [_thread_blocked, id=4020, stack(0x000000001ec40000,0x000000001ed40000)]
  0x000000001bec8800 JavaThread "Memory manager" [_thread_blocked, id=5196, stack(0x000000001ed40000,0x000000001ee40000)]
  0x00000000194dc800 JavaThread "Cache worker for execution history cache (C:\Users\dell\.gradle\caches\5.4.1\executionHistory)" [_thread_blocked, id=3180, stack(0x000000001eea0000,0x000000001efa0000)]
  0x00000000194de800 JavaThread "Cache worker for journal cache (C:\Users\dell\.gradle\caches\journal-1)" [_thread_blocked, id=6816, stack(0x000000001af30000,0x000000001b030000)]
  0x00000000194dd000 JavaThread "File lock request listener" [_thread_in_native, id=7724, stack(0x000000001ae30000,0x000000001af30000)]
  0x00000000194de000 JavaThread "Cache worker for file hash cache (C:\Users\dell\.gradle\caches\5.4.1\fileHashes)" [_thread_blocked, id=9292, stack(0x000000001ad30000,0x000000001ae30000)]
  0x0000000019780800 JavaThread "Daemon periodic checks" [_thread_blocked, id=10796, stack(0x000000001a330000,0x000000001a430000)]
  0x0000000018274000 JavaThread "Incoming local TCP Connector on port 51878" [_thread_in_native, id=7220, stack(0x000000001a180000,0x000000001a280000)]
  0x000000001960f800 JavaThread "Daemon health stats" [_thread_blocked, id=13484, stack(0x0000000019e80000,0x0000000019f80000)]
  0x0000000017f29000 JavaThread "Service Thread" daemon [_thread_blocked, id=6244, stack(0x00000000184b0000,0x00000000185b0000)]
  0x0000000017eb5000 JavaThread "C1 CompilerThread2" daemon [_thread_blocked, id=1408, stack(0x00000000183b0000,0x00000000184b0000)]
=>0x000000001684d000 JavaThread "C2 CompilerThread1" daemon [_thread_in_native, id=10860, stack(0x00000000182b0000,0x00000000183b0000)]
  0x000000001684b800 JavaThread "C2 CompilerThread0" daemon [_thread_in_native, id=13724, stack(0x0000000017db0000,0x0000000017eb0000)]
  0x00000000167ff800 JavaThread "Attach Listener" daemon [_thread_blocked, id=13940, stack(0x0000000017cb0000,0x0000000017db0000)]
  0x00000000167fe800 JavaThread "Signal Dispatcher" daemon [_thread_blocked, id=14092, stack(0x0000000017bb0000,0x0000000017cb0000)]
  0x0000000002e77800 JavaThread "Finalizer" daemon [_thread_blocked, id=11828, stack(0x0000000017a50000,0x0000000017b50000)]
  0x0000000002e6f000 JavaThread "Reference Handler" daemon [_thread_blocked, id=9280, stack(0x0000000017950000,0x0000000017a50000)]
  0x0000000002d80800 JavaThread "main" [_thread_blocked, id=924, stack(0x0000000002c80000,0x0000000002d80000)]

Other Threads:
  0x00000000167b6800 VMThread [stack: 0x0000000017850000,0x0000000017950000] [id=7960]
  0x0000000017f78000 WatcherThread [stack: 0x00000000185b0000,0x00000000186b0000] [id=7468]

VM state:not at safepoint (normal execution)

VM Mutex/Monitor currently owned by a thread: None

Heap:
 PSYoungGen      total 336896K, used 198539K [0x00000000e0000000, 0x0000000100000000, 0x0000000100000000)
  eden space 238592K, 78% used [0x00000000e0000000,0x00000000eb7e4ec0,0x00000000ee900000)
  from space 98304K, 10% used [0x00000000fa000000,0x00000000fa9fdde8,0x0000000100000000)
  to   space 142848K, 0% used [0x00000000ee900000,0x00000000ee900000,0x00000000f7480000)
 ParOldGen       total 453120K, used 250283K [0x00000000a0000000, 0x00000000bba80000, 0x00000000e0000000)
  object space 453120K, 55% used [0x00000000a0000000,0x00000000af46ae38,0x00000000bba80000)
 Metaspace       used 118992K, capacity 125202K, committed 129152K, reserved 1163264K
  class space    used 14518K, capacity 15663K, committed 16256K, reserved 1048576K

Card table byte_map: [0x0000000012240000,0x0000000012550000] byte_map_base: 0x0000000011d40000

Marking Bits: (ParMarkBitMap*) 0x0000000059f20600
 Begin Bits: [0x0000000012b50000, 0x0000000014350000)
 End Bits:   [0x0000000014350000, 0x0000000015b50000)

Polling page: 0x00000000010c0000

CodeCache: size=245760Kb used=93498Kb max_used=94708Kb free=152261Kb
 bounds [0x0000000002e80000, 0x0000000008bb0000, 0x0000000011e80000]
 total_blobs=25971 nmethods=25028 adapters=852
 compilation: enabled

Compilation events (10 events):
Event: 6080.840 Thread 0x0000000017eb5000 34407   !   2       org.aspectj.weaver.bcel.BcelObjectType::ensureAspectJAttributesUnpacked (341 bytes)
Event: 6080.842 Thread 0x0000000017eb5000 nmethod 34407 0x0000000006dcc1d0 code [0x0000000006dcc4c0, 0x0000000006dcd408]
Event: 6080.875 Thread 0x000000001684d000 nmethod 34406% 0x0000000007fe1ed0 code [0x0000000007fe21a0, 0x0000000007fe3868]
Event: 6080.875 Thread 0x000000001684d000 34404       4       org.aspectj.weaver.bcel.BcelWorld::addSourceObjectType (326 bytes)
Event: 6080.926 Thread 0x0000000017eb5000 34412   !   3       org.aspectj.weaver.bcel.BcelWeaver::addAspectsFromJarFile (180 bytes)
Event: 6080.929 Thread 0x0000000017eb5000 nmethod 34412 0x0000000005812b50 code [0x0000000005812f60, 0x00000000058153c8]
Event: 6081.223 Thread 0x000000001684b800 nmethod 34362 0x0000000007412190 code [0x0000000007412c60, 0x000000000741afc0]
Event: 6081.223 Thread 0x000000001684b800 34410       4       org.aspectj.util.GenericSignatureParser::parseClassTypeSignature (279 bytes)
Event: 6081.889 Thread 0x0000000017eb5000 34416       3       org.aspectj.apache.bcel.classfile.Attribute::readAttribute (568 bytes)
Event: 6081.893 Thread 0x0000000017eb5000 nmethod 34416 0x0000000007c4c3d0 code [0x0000000007c4ca80, 0x0000000007c518b8]

GC Heap History (10 events):
Event: 6067.946 GC heap before
{Heap before GC invocations=54 (full 5):
 PSYoungGen      total 430592K, used 403477K [0x00000000e0000000, 0x00000000ffb80000, 0x0000000100000000)
  eden space 347136K, 100% used [0x00000000e0000000,0x00000000f5300000,0x00000000f5300000)
  from space 83456K, 67% used [0x00000000fa480000,0x00000000fdb85750,0x00000000ff600000)
  to   space 83456K, 0% used [0x00000000f5300000,0x00000000f5300000,0x00000000fa480000)
 ParOldGen       total 291328K, used 178514K [0x00000000a0000000, 0x00000000b1c80000, 0x00000000e0000000)
  object space 291328K, 61% used [0x00000000a0000000,0x00000000aae54b00,0x00000000b1c80000)
 Metaspace       used 120958K, capacity 127576K, committed 127744K, reserved 1161216K
  class space    used 14828K, capacity 16086K, committed 16128K, reserved 1048576K
Event: 6068.044 GC heap after
Heap after GC invocations=54 (full 5):
 PSYoungGen      total 430592K, used 50461K [0x00000000e0000000, 0x00000000ffc00000, 0x0000000100000000)
  eden space 347136K, 0% used [0x00000000e0000000,0x00000000e0000000,0x00000000f5300000)
  from space 83456K, 60% used [0x00000000f5300000,0x00000000f84477e8,0x00000000fa480000)
  to   space 81408K, 0% used [0x00000000fac80000,0x00000000fac80000,0x00000000ffc00000)
 ParOldGen       total 291328K, used 178538K [0x00000000a0000000, 0x00000000b1c80000, 0x00000000e0000000)
  object space 291328K, 61% used [0x00000000a0000000,0x00000000aae5ab00,0x00000000b1c80000)
 Metaspace       used 120958K, capacity 127576K, committed 127744K, reserved 1161216K
  class space    used 14828K, capacity 16086K, committed 16128K, reserved 1048576K
}
Event: 6075.055 GC heap before
{Heap before GC invocations=55 (full 5):
 PSYoungGen      total 430592K, used 397597K [0x00000000e0000000, 0x00000000ffc00000, 0x0000000100000000)
  eden space 347136K, 100% used [0x00000000e0000000,0x00000000f5300000,0x00000000f5300000)
  from space 83456K, 60% used [0x00000000f5300000,0x00000000f84477e8,0x00000000fa480000)
  to   space 81408K, 0% used [0x00000000fac80000,0x00000000fac80000,0x00000000ffc00000)
 ParOldGen       total 291328K, used 178538K [0x00000000a0000000, 0x00000000b1c80000, 0x00000000e0000000)
  object space 291328K, 61% used [0x00000000a0000000,0x00000000aae5ab00,0x00000000b1c80000)
 Metaspace       used 121491K, capacity 128234K, committed 128384K, reserved 1161216K
  class space    used 14871K, capacity 16154K, committed 16256K, reserved 1048576K
Event: 6075.340 GC heap after
Heap after GC invocations=55 (full 5):
 PSYoungGen      total 409088K, used 81384K [0x00000000e0000000, 0x0000000100000000, 0x0000000100000000)
  eden space 327680K, 0% used [0x00000000e0000000,0x00000000e0000000,0x00000000f4000000)
  from space 81408K, 99% used [0x00000000fac80000,0x00000000ffbfa300,0x00000000ffc00000)
  to   space 98304K, 0% used [0x00000000f4000000,0x00000000f4000000,0x00000000fa000000)
 ParOldGen       total 291328K, used 199294K [0x00000000a0000000, 0x00000000b1c80000, 0x00000000e0000000)
  object space 291328K, 68% used [0x00000000a0000000,0x00000000ac29faf0,0x00000000b1c80000)
 Metaspace       used 121491K, capacity 128234K, committed 128384K, reserved 1161216K
  class space    used 14871K, capacity 16154K, committed 16256K, reserved 1048576K
}
Event: 6076.866 GC heap before
{Heap before GC invocations=56 (full 5):
 PSYoungGen      total 409088K, used 409064K [0x00000000e0000000, 0x0000000100000000, 0x0000000100000000)
  eden space 327680K, 100% used [0x00000000e0000000,0x00000000f4000000,0x00000000f4000000)
  from space 81408K, 99% used [0x00000000fac80000,0x00000000ffbfa300,0x00000000ffc00000)
  to   space 98304K, 0% used [0x00000000f4000000,0x00000000f4000000,0x00000000fa000000)
 ParOldGen       total 291328K, used 199294K [0x00000000a0000000, 0x00000000b1c80000, 0x00000000e0000000)
  object space 291328K, 68% used [0x00000000a0000000,0x00000000ac29faf0,0x00000000b1c80000)
 Metaspace       used 122227K, capacity 128980K, committed 129152K, reserved 1163264K
  class space    used 14956K, capacity 16256K, committed 16256K, reserved 1048576K
Event: 6077.090 GC heap after
Heap after GC invocations=56 (full 5):
 PSYoungGen      total 425984K, used 98298K [0x00000000e0000000, 0x0000000100000000, 0x0000000100000000)
  eden space 327680K, 0% used [0x00000000e0000000,0x00000000e0000000,0x00000000f4000000)
  from space 98304K, 99% used [0x00000000f4000000,0x00000000f9ffeba8,0x00000000fa000000)
  to   space 98304K, 0% used [0x00000000fa000000,0x00000000fa000000,0x0000000100000000)
 ParOldGen       total 291328K, used 281891K [0x00000000a0000000, 0x00000000b1c80000, 0x00000000e0000000)
  object space 291328K, 96% used [0x00000000a0000000,0x00000000b1348fe0,0x00000000b1c80000)
 Metaspace       used 122227K, capacity 128980K, committed 129152K, reserved 1163264K
  class space    used 14956K, capacity 16256K, committed 16256K, reserved 1048576K
}
Event: 6077.090 GC heap before
{Heap before GC invocations=57 (full 6):
 PSYoungGen      total 425984K, used 98298K [0x00000000e0000000, 0x0000000100000000, 0x0000000100000000)
  eden space 327680K, 0% used [0x00000000e0000000,0x00000000e0000000,0x00000000f4000000)
  from space 98304K, 99% used [0x00000000f4000000,0x00000000f9ffeba8,0x00000000fa000000)
  to   space 98304K, 0% used [0x00000000fa000000,0x00000000fa000000,0x0000000100000000)
 ParOldGen       total 291328K, used 281891K [0x00000000a0000000, 0x00000000b1c80000, 0x00000000e0000000)
  object space 291328K, 96% used [0x00000000a0000000,0x00000000b1348fe0,0x00000000b1c80000)
 Metaspace       used 122227K, capacity 128980K, committed 129152K, reserved 1163264K
  class space    used 14956K, capacity 16256K, committed 16256K, reserved 1048576K
Event: 6078.434 GC heap after
Heap after GC invocations=57 (full 6):
 PSYoungGen      total 425984K, used 0K [0x00000000e0000000, 0x0000000100000000, 0x0000000100000000)
  eden space 327680K, 0% used [0x00000000e0000000,0x00000000e0000000,0x00000000f4000000)
  from space 98304K, 0% used [0x00000000f4000000,0x00000000f4000000,0x00000000fa000000)
  to   space 98304K, 0% used [0x00000000fa000000,0x00000000fa000000,0x0000000100000000)
 ParOldGen       total 453120K, used 250283K [0x00000000a0000000, 0x00000000bba80000, 0x00000000e0000000)
  object space 453120K, 55% used [0x00000000a0000000,0x00000000af46ae38,0x00000000bba80000)
 Metaspace       used 118899K, capacity 125138K, committed 129152K, reserved 1163264K
  class space    used 14518K, capacity 15663K, committed 16256K, reserved 1048576K
}
Event: 6081.448 GC heap before
{Heap before GC invocations=58 (full 6):
 PSYoungGen      total 425984K, used 327680K [0x00000000e0000000, 0x0000000100000000, 0x0000000100000000)
  eden space 327680K, 100% used [0x00000000e0000000,0x00000000f4000000,0x00000000f4000000)
  from space 98304K, 0% used [0x00000000f4000000,0x00000000f4000000,0x00000000fa000000)
  to   space 98304K, 0% used [0x00000000fa000000,0x00000000fa000000,0x0000000100000000)
 ParOldGen       total 453120K, used 250283K [0x00000000a0000000, 0x00000000bba80000, 0x00000000e0000000)
  object space 453120K, 55% used [0x00000000a0000000,0x00000000af46ae38,0x00000000bba80000)
 Metaspace       used 118992K, capacity 125202K, committed 129152K, reserved 1163264K
  class space    used 14518K, capacity 15663K, committed 16256K, reserved 1048576K
Event: 6081.482 GC heap after
Heap after GC invocations=58 (full 6):
 PSYoungGen      total 336896K, used 10231K [0x00000000e0000000, 0x0000000100000000, 0x0000000100000000)
  eden space 238592K, 0% used [0x00000000e0000000,0x00000000e0000000,0x00000000ee900000)
  from space 98304K, 10% used [0x00000000fa000000,0x00000000fa9fdde8,0x0000000100000000)
  to   space 142848K, 0% used [0x00000000ee900000,0x00000000ee900000,0x00000000f7480000)
 ParOldGen       total 453120K, used 250283K [0x00000000a0000000, 0x00000000bba80000, 0x00000000e0000000)
  object space 453120K, 55% used [0x00000000a0000000,0x00000000af46ae38,0x00000000bba80000)
 Metaspace       used 118992K, capacity 125202K, committed 129152K, reserved 1163264K
  class space    used 14518K, capacity 15663K, committed 16256K, reserved 1048576K
}

Deoptimization events (10 events):
Event: 6079.657 Thread 0x000000001bed2000 Uncommon trap: reason=bimorphic action=maybe_recompile pc=0x0000000007cae078 method=com.sun.tools.javac.jvm.ClassWriter.enterInner(Lcom/sun/tools/javac/code/Symbol$ClassSymbol;)V @ 146
Event: 6079.658 Thread 0x000000001bed2000 Uncommon trap: reason=unstable_if action=reinterpret pc=0x00000000041d445c method=com.sun.tools.javac.jvm.Items$Item.coerce(I)Lcom/sun/tools/javac/jvm/Items$Item; @ 30
Event: 6079.659 Thread 0x000000001bed2000 Uncommon trap: reason=bimorphic action=maybe_recompile pc=0x0000000007cae078 method=com.sun.tools.javac.jvm.ClassWriter.enterInner(Lcom/sun/tools/javac/code/Symbol$ClassSymbol;)V @ 146
Event: 6079.659 Thread 0x000000001bed2000 Uncommon trap: reason=class_check action=maybe_recompile pc=0x00000000053708f8 method=com.sun.tools.javac.jvm.ClassWriter.writePool(Lcom/sun/tools/javac/jvm/Pool;)V @ 642
Event: 6079.669 Thread 0x000000001bed2000 Uncommon trap: reason=unstable_if action=reinterpret pc=0x000000000407f1fc method=com.sun.tools.javac.comp.Flow$AliveAnalyzer.visitVarDef(Lcom/sun/tools/javac/tree/JCTree$JCVariableDecl;)V @ 4
Event: 6080.479 Thread 0x000000001bed2000 Uncommon trap: reason=class_check action=maybe_recompile pc=0x00000000059fcf98 method=com.sun.tools.javac.comp.TransTypes$1.accepts(Ljava/lang/Object;)Z @ 2
Event: 6080.479 Thread 0x000000001bed2000 Uncommon trap: reason=class_check action=maybe_recompile pc=0x0000000005955f14 method=com.sun.tools.javac.code.Types$ImplementationCache.implementationInternal(Lcom/sun/tools/javac/code/Symbol$MethodSymbol;Lcom/sun/tools/javac/code/Symbol$TypeSymbol;ZLcom/
Event: 6080.538 Thread 0x000000001bed2000 Uncommon trap: reason=class_check action=maybe_recompile pc=0x00000000059fcf98 method=com.sun.tools.javac.comp.TransTypes$1.accepts(Ljava/lang/Object;)Z @ 2
Event: 6080.538 Thread 0x000000001bed2000 Uncommon trap: reason=class_check action=maybe_recompile pc=0x0000000005955f14 method=com.sun.tools.javac.code.Types$ImplementationCache.implementationInternal(Lcom/sun/tools/javac/code/Symbol$MethodSymbol;Lcom/sun/tools/javac/code/Symbol$TypeSymbol;ZLcom/çìg„¡∑@
Event: 6081.888 Thread 0x000000001bed2000 Uncommon trap: reason=unloaded action=reinterpret pc=0x000000000568bebc method=org.aspectj.apache.bcel.classfile.Attribute.readAttribute(Ljava/io/DataInputStream;Lorg/aspectj/apache/bcel/classfile/ConstantPool;)Lorg/aspectj/apache/bcel/classfile/Attribute;4«®!®ø∑@

Internal exceptions (10 events):
Event: 6057.871 Thread 0x000000001bed0800 Exception <a 'sun/nio/fs/WindowsException'> (0x00000000f12dbf40) thrown at [D:\re\puppet\workspace\8-2-build-windows-amd64-cygwin\jdk8u73\6086\hotspot\src\share\vm\prims\jni.cpp, line 709]
Event: 6057.885 Thread 0x0000000020340800 Exception <a 'sun/nio/fs/WindowsException'> (0x00000000f145b3c8) thrown at [D:\re\puppet\workspace\8-2-build-windows-amd64-cygwin\jdk8u73\6086\hotspot\src\share\vm\prims\jni.cpp, line 709]
Event: 6057.897 Thread 0x000000001bed0800 Exception <a 'sun/nio/fs/WindowsException'> (0x00000000f13108b8) thrown at [D:\re\puppet\workspace\8-2-build-windows-amd64-cygwin\jdk8u73\6086\hotspot\src\share\vm\prims\jni.cpp, line 709]
Event: 6057.899 Thread 0x000000001bec9000 Exception <a 'sun/nio/fs/WindowsException'> (0x00000000f124de80) thrown at [D:\re\puppet\workspace\8-2-build-windows-amd64-cygwin\jdk8u73\6086\hotspot\src\share\vm\prims\jni.cpp, line 709]
Event: 6057.941 Thread 0x000000001bed0800 Implicit null exception at 0x000000000683c8c8 to 0x000000000683cbad
Event: 6059.379 Thread 0x000000001bed2000 Implicit null exception at 0x00000000085fba18 to 0x00000000085fc055
Event: 6061.232 Thread 0x000000001bed2000 Implicit null exception at 0x0000000008334eaf to 0x0000000008336f59
Event: 6075.655 Thread 0x000000001bed2000 Implicit null exception at 0x000000000525a510 to 0x000000000525bba5
Event: 6080.693 Thread 0x000000001bed2000 Exception <a 'java/io/FileNotFoundException'> (0x00000000e7b62f90) thrown at [D:\re\puppet\workspace\8-2-build-windows-amd64-cygwin\jdk8u73\6086\hotspot\src\share\vm\prims\jni.cpp, line 709]
Event: 6080.801 Thread 0x000000001bed2000 Exception <a 'java/util/zip/ZipException'> (0x00000000e80b6c00) thrown at [D:\re\puppet\workspace\8-2-build-windows-amd64-cygwin\jdk8u73\6086\hotspot\src\share\vm\prims\jni.cpp, line 709]

Events (10 events):
Event: 6081.482 Executing VM operation: ParallelGCFailedAllocation done
Event: 6081.596 Thread 0x000000001bed2000 DEOPT PACKING pc=0x000000000581514b sp=0x000000002581c0e0
Event: 6081.596 Thread 0x000000001bed2000 DEOPT UNPACKING pc=0x0000000002ec747f sp=0x000000002581bea0 mode 0
Event: 6081.888 Thread 0x000000001bed2000 Uncommon trap: trap_request=0x00000037 fr.pc=0x000000000568bebc
Event: 6081.888 Thread 0x000000001bed2000 DEOPT PACKING pc=0x000000000568bebc sp=0x000000002581bf20
Event: 6081.888 Thread 0x000000001bed2000 DEOPT UNPACKING pc=0x0000000002ec582a sp=0x000000002581bef8 mode 2
Event: 6081.894 Thread 0x0000000017eb5000 flushing nmethod 0x0000000003050390
Event: 6081.894 Thread 0x0000000017eb5000 flushing nmethod 0x0000000003069550
Event: 6081.952 Thread 0x000000001bed2000 DEOPT PACKING pc=0x000000000581514b sp=0x000000002581c0e0
Event: 6081.952 Thread 0x000000001bed2000 DEOPT UNPACKING pc=0x0000000002ec747f sp=0x000000002581bea0 mode 0


Dynamic libraries:
0x00007ff65c490000 - 0x00007ff65c4c7000 	D:\java\jdk\bin\java.exe
0x00007ffd29a60000 - 0x00007ffd29c50000 	C:\Windows\SYSTEM32\ntdll.dll
0x00007ffd282c0000 - 0x00007ffd28372000 	C:\Windows\System32\KERNEL32.DLL
0x00007ffd27810000 - 0x00007ffd27ab2000 	C:\Windows\System32\KERNELBASE.dll
0x00007ffd29320000 - 0x00007ffd293c3000 	C:\Windows\System32\ADVAPI32.dll
0x00007ffd28380000 - 0x00007ffd2841e000 	C:\Windows\System32\msvcrt.dll
0x00007ffd28e90000 - 0x00007ffd28f27000 	C:\Windows\System32\sechost.dll
0x00007ffd28d70000 - 0x00007ffd28e90000 	C:\Windows\System32\RPCRT4.dll
0x00007ffd29600000 - 0x00007ffd29793000 	C:\Windows\System32\USER32.dll
0x00007ffd274c0000 - 0x00007ffd274e1000 	C:\Windows\System32\win32u.dll
0x00007ffd284f0000 - 0x00007ffd28516000 	C:\Windows\System32\GDI32.dll
0x00007ffd272a0000 - 0x00007ffd27434000 	C:\Windows\System32\gdi32full.dll
0x00007ffd26a80000 - 0x00007ffd26b1e000 	C:\Windows\System32\msvcp_win.dll
0x00007ffd274f0000 - 0x00007ffd275ea000 	C:\Windows\System32\ucrtbase.dll
0x00007ffd17b50000 - 0x00007ffd17dd5000 	C:\Windows\WinSxS\amd64_microsoft.windows.common-controls_6595b64144ccf1df_6.0.18362.30_none_a1435978519dce7f\COMCTL32.dll
0x00007ffd28a10000 - 0x00007ffd28d46000 	C:\Windows\System32\combase.dll
0x00007ffd269f0000 - 0x00007ffd26a71000 	C:\Windows\System32\bcryptPrimitives.dll
0x00007ffd294c0000 - 0x00007ffd294ee000 	C:\Windows\System32\IMM32.DLL
0x0000000059fa0000 - 0x000000005a072000 	D:\java\jdk\jre\bin\msvcr100.dll
0x0000000059710000 - 0x0000000059fa0000 	D:\java\jdk\jre\bin\server\jvm.dll
0x00007ffd29310000 - 0x00007ffd29318000 	C:\Windows\System32\PSAPI.DLL
0x00007ffd246b0000 - 0x00007ffd246d4000 	C:\Windows\SYSTEM32\WINMM.dll
0x00007ffd254a0000 - 0x00007ffd254aa000 	C:\Windows\SYSTEM32\VERSION.dll
0x00007ffd160e0000 - 0x00007ffd160e9000 	C:\Windows\SYSTEM32\WSOCK32.dll
0x00007ffd293d0000 - 0x00007ffd2943f000 	C:\Windows\System32\WS2_32.dll
0x00007ffd24680000 - 0x00007ffd246ad000 	C:\Windows\SYSTEM32\WINMMBASE.dll
0x00007ffd27470000 - 0x00007ffd274ba000 	C:\Windows\System32\cfgmgr32.dll
0x0000000059700000 - 0x000000005970f000 	D:\java\jdk\jre\bin\verify.dll
0x00000000596d0000 - 0x00000000596f9000 	D:\java\jdk\jre\bin\java.dll
0x00000000596b0000 - 0x00000000596c6000 	D:\java\jdk\jre\bin\zip.dll
0x00007ffd27bd0000 - 0x00007ffd282b0000 	C:\Windows\System32\SHELL32.dll
0x00007ffd29550000 - 0x00007ffd295f9000 	C:\Windows\System32\shcore.dll
0x00007ffd26b20000 - 0x00007ffd2729b000 	C:\Windows\System32\windows.storage.dll
0x00007ffd26940000 - 0x00007ffd2695f000 	C:\Windows\System32\profapi.dll
0x00007ffd269a0000 - 0x00007ffd269ea000 	C:\Windows\System32\powrprof.dll
0x00007ffd26930000 - 0x00007ffd26940000 	C:\Windows\System32\UMPDC.dll
0x00007ffd294f0000 - 0x00007ffd29542000 	C:\Windows\System32\shlwapi.dll
0x00007ffd26980000 - 0x00007ffd26991000 	C:\Windows\System32\kernel.appcore.dll
0x00007ffd277f0000 - 0x00007ffd27807000 	C:\Windows\System32\cryptsp.dll
0x0000000059690000 - 0x00000000596aa000 	D:\java\jdk\jre\bin\net.dll
0x00007ffd26140000 - 0x00007ffd261a7000 	C:\Windows\system32\mswsock.dll
0x0000000059670000 - 0x0000000059681000 	D:\java\jdk\jre\bin\nio.dll
0x00007ffcfd100000 - 0x00007ffcfd126000 	C:\Users\dell\.gradle\native\29\windows-amd64\native-platform.dll
0x0000000059660000 - 0x000000005966d000 	D:\java\jdk\jre\bin\management.dll
0x00007ffd25d00000 - 0x00007ffd25d33000 	C:\Windows\system32\rsaenh.dll
0x00007ffd27440000 - 0x00007ffd27466000 	C:\Windows\System32\bcrypt.dll
0x00007ffd26850000 - 0x00007ffd26875000 	C:\Windows\SYSTEM32\USERENV.dll
0x00007ffd26310000 - 0x00007ffd2631c000 	C:\Windows\SYSTEM32\CRYPTBASE.dll
0x00007ffd25ea0000 - 0x00007ffd25eda000 	C:\Windows\SYSTEM32\IPHLPAPI.DLL
0x00007ffd29000000 - 0x00007ffd29008000 	C:\Windows\System32\NSI.dll
0x00007ffd1f6f0000 - 0x00007ffd1f706000 	C:\Windows\SYSTEM32\dhcpcsvc6.DLL
0x00007ffd17b30000 - 0x00007ffd17b4c000 	C:\Windows\SYSTEM32\dhcpcsvc.DLL
0x00007ffd25ee0000 - 0x00007ffd25faa000 	C:\Windows\SYSTEM32\DNSAPI.dll
0x00000000595d0000 - 0x00000000595f4000 	D:\java\jdk\jre\bin\sunec.dll
0x00007ffd120f0000 - 0x00007ffd120fa000 	C:\Windows\System32\rasadhlp.dll
0x00007ffd18060000 - 0x00007ffd180d7000 	C:\Windows\System32\fwpuclnt.dll
0x00007ffd10ed0000 - 0x00007ffd10ee6000 	C:\Windows\system32\napinsp.dll
0x00007ffd10eb0000 - 0x00007ffd10eca000 	C:\Windows\system32\pnrpnsp.dll
0x00007ffd110e0000 - 0x00007ffd110ee000 	C:\Windows\System32\winrnr.dll
0x00007ffd22b70000 - 0x00007ffd22b8c000 	C:\Windows\system32\NLAapi.dll
0x00007ffd22060000 - 0x00007ffd22075000 	C:\Windows\system32\wshbth.dll

VM Arguments:
jvm_args: -Xmx1536m -Dfile.encoding=GBK -Duser.country=CN -Duser.language=zh -Duser.variant 
java_command: org.gradle.launcher.daemon.bootstrap.GradleDaemon 5.4.1
java_class_path (initial): C:\Users\dell\.gradle\wrapper\dists\gradle-5.4.1-all\3221gyojl5jsh0helicew7rwx\gradle-5.4.1\lib\gradle-launcher-5.4.1.jar
Launcher Type: SUN_STANDARD

Environment Variables:
JAVA_HOME=D:\java\jdk
CLASSPATH=.;D:\java\jdk\lib
PATH=C:\ProgramData\Oracle\Java\javapath;C:\Windows\system32;C:\Windows;C:\Windows\System32\Wbem;C:\Windows\System32\WindowsPowerShell\v1.0\;C:\Windows\System32\OpenSSH\;C:\Program Files (x86)\Intel\Intel(R) Management Engine Components\DAL;C:\Program Files\Intel\Intel(R) Management Engine Components\DAL;C:\Program Files (x86)\NVIDIA Corporation\PhysX\Common;C:\Program Files\NVIDIA Corporation\NVIDIA NvDLISR;C:\Program Files\TortoiseGit\bin;C:\Program Files\Git\cmd;D:\java\jdk\bin;C:\Program Files\dotnet\;C:\Program Files\Microsoft SQL Server\130\Tools\Binn\;C:\Users\dell\.gradle\wrapper\dists\gradle-5.4.1-all\3221gyojl5jsh0helicew7rwx\gradle-5.4.1\bin;C:\Program Files (x86)\Common Files\Thunder Network\KanKan\Codecs;C:\Users\dell\AppData\Local\Android\Sdk\platform-tools;F:\Idea\mysql-8.0.20-winx64bin;C:\Program Files\MySQL\MySQL Utilities 1.6\;F:\Idea\maven\apache-maven-3.6.3-bin\apache-maven-3.6.3\bin;C:\Users\dell\AppData\Local\Microsoft\WindowsApps;;C:\Users\dell\AppData\Local\Programs\Fiddler
USERNAME=dell
OS=Windows_NT
PROCESSOR_IDENTIFIER=Intel64 Family 6 Model 158 Stepping 10, GenuineIntel



---------------  S Y S T E M  ---------------

OS: Windows 10.0 , 64 bit Build 18362 (10.0.18362.1)

CPU:total 4 (2 cores per cpu, 2 threads per core) family 6 model 158 stepping 10, cmov, cx8, fxsr, mmx, sse, sse2, sse3, ssse3, sse4.1, sse4.2, popcnt, aes, clmul, erms, 3dnowpref, lzcnt, ht, tsc, tscinvbit

Memory: 4k page, physical 8200160k(1091536k free), swap 9248736k(3140k free)

vm_info: Java HotSpot(TM) 64-Bit Server VM (25.73-b02) for windows-amd64 JRE (1.8.0_73-b02), built on Jan 29 2016 17:38:49 by "java_re" with MS VC++ 10.0 (VS2010)

time: Sun Aug 02 12:05:25 2020
elapsed time: 6082 seconds (0d 1h 41m 22s)

