#
# There is insufficient memory for the Java Runtime Environment to continue.
# Native memory allocation (malloc) failed to allocate 32744 bytes for ChunkPool::allocate
# Possible reasons:
#   The system is out of physical RAM or swap space
#   In 32 bit mode, the process size limit was hit
# Possible solutions:
#   Reduce memory load on the system
#   Increase physical memory or swap space
#   Check if swap backing store is full
#   Use 64 bit Java on a 64 bit OS
#   Decrease Java heap size (-Xmx/-Xms)
#   Decrease number of Java threads
#   Decrease Java thread stack sizes (-Xss)
#   Set larger code cache with -XX:ReservedCodeCacheSize=
# This output file may be truncated or incomplete.
#
#  Out of Memory Error (allocation.cpp:273), pid=3312, tid=11044
#
# JRE version: Java(TM) SE Runtime Environment (8.0_73-b02) (build 1.8.0_73-b02)
# Java VM: Java HotSpot(TM) 64-Bit Server VM (25.73-b02 mixed mode windows-amd64 compressed oops)
# Failed to write core dump. Minidumps are not enabled by default on client versions of Windows
#

---------------  T H R E A D  ---------------

Current thread (0x0000000016eeb800):  JavaThread "C2 CompilerThread1" daemon [_thread_in_native, id=11044, stack(0x00000000184f0000,0x00000000185f0000)]

Stack: [0x00000000184f0000,0x00000000185f0000]
[error occurred during error reporting (printing stack bounds), id 0xc0000005]

Native frames: (J=compiled Java code, j=interpreted, Vv=VM code, C=native code)


Current CompileTask:
C2:8202892 29432       4       org.aspectj.weaver.bcel.BcelWorld::addSourceObjectType (326 bytes)


---------------  P R O C E S S  ---------------

Java Threads: ( => current thread )
  0x0000000020fe1000 JavaThread "Cache worker for Java compile cache (F:\RentalCarWorkSpace\code\RentalCarProject\.gradle\5.4.1\javaCompile)" [_thread_blocked, id=10116, stack(0x00000000281f0000,0x00000000282f0000)]
  0x0000000020fe0000 JavaThread "WorkerExecutor Queue Thread 3" [_thread_blocked, id=13684, stack(0x000000002bde0000,0x000000002bee0000)]
  0x0000000020fdf800 JavaThread "WorkerExecutor Queue Thread 2" [_thread_blocked, id=1052, stack(0x000000002bce0000,0x000000002bde0000)]
  0x0000000020fde000 JavaThread "stdout" [_thread_in_native, id=9100, stack(0x000000002abd0000,0x000000002acd0000)]
  0x0000000020fde800 JavaThread "stderr" [_thread_in_native, id=9972, stack(0x000000002aad0000,0x000000002abd0000)]
  0x0000000020fe3000 JavaThread "pool-29-thread-1" [_thread_blocked, id=12500, stack(0x000000002a5d0000,0x000000002a6d0000)]
  0x0000000020fd5000 JavaThread "WorkerExecutor Queue" [_thread_blocked, id=1168, stack(0x0000000027cf0000,0x0000000027df0000)]
  0x0000000020fd7000 JavaThread "Cache worker for execution history cache (F:\RentalCarWorkSpace\code\RentalCarProject\.gradle\5.4.1\executionHistory)" [_thread_blocked, id=2148, stack(0x0000000027360000,0x0000000027460000)]
  0x0000000020fdb000 JavaThread "Execution worker for ':' Thread 3" [_thread_blocked, id=9648, stack(0x0000000026b90000,0x0000000026c90000)]
  0x0000000020fd5800 JavaThread "Execution worker for ':' Thread 2" [_thread_in_native, id=3820, stack(0x0000000025e30000,0x0000000025f30000)]
  0x0000000020fd9800 JavaThread "Execution worker for ':'" [_thread_blocked, id=10252, stack(0x0000000025460000,0x0000000025560000)]
  0x0000000020fd8800 JavaThread "Cache worker for file content cache (F:\RentalCarWorkSpace\code\RentalCarProject\.gradle\5.4.1\fileContent)" [_thread_blocked, id=7144, stack(0x0000000025060000,0x0000000025160000)]
  0x000000001d444000 JavaThread "Cache worker for Build Output Cleanup Cache (F:\RentalCarWorkSpace\code\RentalCarProject\.gradle\buildOutputCleanup)" [_thread_blocked, id=9104, stack(0x0000000024d60000,0x0000000024e60000)]
  0x000000001d442000 JavaThread "Build operations Thread 4" [_thread_blocked, id=9892, stack(0x0000000024c60000,0x0000000024d60000)]
  0x000000001d43f000 JavaThread "Build operations Thread 3" [_thread_blocked, id=8440, stack(0x0000000022ce0000,0x0000000022de0000)]
  0x000000001d442800 JavaThread "Build operations Thread 2" [_thread_blocked, id=12680, stack(0x00000000227a0000,0x00000000228a0000)]
  0x000000001d441000 JavaThread "Build operations" [_thread_blocked, id=12456, stack(0x000000001f480000,0x000000001f580000)]
  0x000000001d43e000 JavaThread "Cache worker for cache directory md-rule (C:\Users\dell\.gradle\caches\5.4.1\md-rule)" [_thread_blocked, id=11396, stack(0x000000001e3b0000,0x000000001e4b0000)]
  0x000000001d43f800 JavaThread "Cache worker for cache directory md-supplier (C:\Users\dell\.gradle\caches\5.4.1\md-supplier)" [_thread_blocked, id=13192, stack(0x000000001de10000,0x000000001df10000)]
  0x000000001d437800 JavaThread "Cache worker for file hash cache (F:\RentalCarWorkSpace\code\RentalCarProject\.gradle\5.4.1\fileHashes)" [_thread_blocked, id=13668, stack(0x000000001dd10000,0x000000001de10000)]
  0x000000001d435000 JavaThread "Thread-242" [_thread_blocked, id=2244, stack(0x000000001b270000,0x000000001b370000)]
  0x000000001d436000 JavaThread "Stdin handler" [_thread_blocked, id=10556, stack(0x000000001af70000,0x000000001b070000)]
  0x000000001d43c000 JavaThread "Asynchronous log dispatcher for DefaultDaemonConnection: socket connection from /127.0.0.1:52993 to /127.0.0.1:62590" [_thread_blocked, id=14836, stack(0x000000001ae70000,0x000000001af70000)]
  0x000000001d43b000 JavaThread "Daemon worker Thread 7" [_thread_blocked, id=10740, stack(0x000000001ab70000,0x000000001ac70000)]
  0x000000001d438000 JavaThread "Cancel handler" [_thread_blocked, id=11856, stack(0x000000001aa70000,0x000000001ab70000)]
  0x000000001d439800 JavaThread "Handler for socket connection from /127.0.0.1:52993 to /127.0.0.1:62590" [_thread_in_native, id=8548, stack(0x00000000015f0000,0x00000000016f0000)]
  0x000000001d43a800 JavaThread "Daemon Thread 7" [_thread_blocked, id=11284, stack(0x00000000014f0000,0x00000000015f0000)]
  0x000000001ec07800 JavaThread "Cache worker for Java compile cache (C:\Users\dell\.gradle\caches\5.4.1\javaCompile)" [_thread_blocked, id=13348, stack(0x0000000025360000,0x0000000025460000)]
  0x000000001d43d800 JavaThread "Cache worker for file content cache (C:\Users\dell\.gradle\caches\5.4.1\fileContent)" [_thread_blocked, id=10160, stack(0x000000001fc60000,0x000000001fd60000)]
  0x000000001d439000 JavaThread "Memory manager" [_thread_blocked, id=10216, stack(0x000000001e010000,0x000000001e110000)]
  0x00000000194ab000 JavaThread "Cache worker for execution history cache (C:\Users\dell\.gradle\caches\5.4.1\executionHistory)" [_thread_blocked, id=9812, stack(0x000000001df10000,0x000000001e010000)]
  0x00000000194ac000 JavaThread "Cache worker for journal cache (C:\Users\dell\.gradle\caches\journal-1)" [_thread_blocked, id=13176, stack(0x000000001b570000,0x000000001b670000)]
  0x00000000194a9000 JavaThread "File lock request listener" [_thread_in_native, id=12692, stack(0x000000001b470000,0x000000001b570000)]
  0x00000000194ac800 JavaThread "Cache worker for file hash cache (C:\Users\dell\.gradle\caches\5.4.1\fileHashes)" [_thread_blocked, id=3668, stack(0x000000001b370000,0x000000001b470000)]
  0x00000000190ef800 JavaThread "Daemon periodic checks" [_thread_blocked, id=4040, stack(0x000000001a970000,0x000000001aa70000)]
  0x00000000190ec800 JavaThread "Incoming local TCP Connector on port 52993" [_thread_in_native, id=10940, stack(0x000000001a7c0000,0x000000001a8c0000)]
  0x0000000019925000 JavaThread "Daemon health stats" [_thread_blocked, id=11592, stack(0x000000001a4c0000,0x000000001a5c0000)]
  0x000000001864d800 JavaThread "Service Thread" daemon [_thread_blocked, id=5504, stack(0x0000000018af0000,0x0000000018bf0000)]
  0x0000000018646000 JavaThread "C1 CompilerThread2" daemon [_thread_blocked, id=7312, stack(0x00000000189f0000,0x0000000018af0000)]
=>0x0000000016eeb800 JavaThread "C2 CompilerThread1" daemon [_thread_in_native, id=11044, stack(0x00000000184f0000,0x00000000185f0000)]
  0x0000000016e9f800 JavaThread "C2 CompilerThread0" daemon [_thread_in_native, id=2192, stack(0x00000000183f0000,0x00000000184f0000)]
  0x0000000016e9e000 JavaThread "Attach Listener" daemon [_thread_blocked, id=13008, stack(0x00000000182f0000,0x00000000183f0000)]
  0x0000000016e9d000 JavaThread "Signal Dispatcher" daemon [_thread_blocked, id=10924, stack(0x00000000181f0000,0x00000000182f0000)]
  0x0000000003511800 JavaThread "Finalizer" daemon [_thread_blocked, id=5416, stack(0x00000000180f0000,0x00000000181f0000)]
  0x000000000350e800 JavaThread "Reference Handler" daemon [_thread_blocked, id=8648, stack(0x0000000017ff0000,0x00000000180f0000)]
  0x0000000003420800 JavaThread "main" [_thread_blocked, id=12668, stack(0x0000000003320000,0x0000000003420000)]

Other Threads:
  0x0000000016e56000 VMThread [stack: 0x0000000017ef0000,0x0000000017ff0000] [id=9264]
  0x000000001868a000 WatcherThread [stack: 0x0000000018bf0000,0x0000000018cf0000] [id=548]

VM state:not at safepoint (normal execution)

VM Mutex/Monitor currently owned by a thread: None

Heap:
 PSYoungGen      total 444416K, used 130489K [0x00000000e0000000, 0x0000000100000000, 0x0000000100000000)
  eden space 364544K, 35% used [0x00000000e0000000,0x00000000e7f6e770,0x00000000f6400000)
  from space 79872K, 0% used [0x00000000f6400000,0x00000000f6400000,0x00000000fb200000)
  to   space 79872K, 0% used [0x00000000fb200000,0x00000000fb200000,0x0000000100000000)
 ParOldGen       total 325120K, used 103740K [0x00000000a0000000, 0x00000000b3d80000, 0x00000000e0000000)
  object space 325120K, 31% used [0x00000000a0000000,0x00000000a654f020,0x00000000b3d80000)
 Metaspace       used 109139K, capacity 114858K, committed 117248K, reserved 1150976K
  class space    used 13583K, capacity 14651K, committed 15104K, reserved 1048576K

Card table byte_map: [0x00000000128e0000,0x0000000012bf0000] byte_map_base: 0x00000000123e0000

Marking Bits: (ParMarkBitMap*) 0x000000006a430600
 Begin Bits: [0x00000000131f0000, 0x00000000149f0000)
 End Bits:   [0x00000000149f0000, 0x00000000161f0000)

Polling page: 0x0000000000ff0000

CodeCache: size=245760Kb used=80170Kb max_used=80522Kb free=165589Kb
 bounds [0x0000000003520000, 0x0000000008470000, 0x0000000012520000]
 total_blobs=22780 nmethods=21868 adapters=822
 compilation: enabled

Compilation events (10 events):
Event: 8201.639 Thread 0x0000000016e9f800 nmethod 29431 0x0000000004993d10 code [0x0000000004993fe0, 0x00000000049954e0]
Event: 8201.640 Thread 0x0000000016e9f800 29433       4       org.aspectj.weaver.bcel.BcelObjectType::isAspect (13 bytes)
Event: 8201.640 Thread 0x0000000016e9f800 nmethod 29433 0x000000000785ad50 code [0x000000000785ae80, 0x000000000785aef8]
Event: 8201.642 Thread 0x0000000018646000 29434  s    3       java.io.PushbackInputStream::close (26 bytes)
Event: 8201.642 Thread 0x0000000018646000 nmethod 29434 0x00000000056a8690 code [0x00000000056a8800, 0x00000000056a8c48]
Event: 8201.643 Thread 0x0000000018646000 29435       3       org.aspectj.weaver.bcel.BcelWeaver::addLibraryJarFile (65 bytes)
Event: 8201.643 Thread 0x0000000018646000 nmethod 29435 0x0000000003eceb90 code [0x0000000003eced80, 0x0000000003ecf488]
Event: 8201.644 Thread 0x0000000016e9f800 29436 %     4       org.aspectj.util.GenericSignatureParser::tokenize @ 34 (822 bytes)
Event: 8201.832 Thread 0x0000000016e9f800 nmethod 29436% 0x000000000845cb90 code [0x000000000845d260, 0x0000000008463d48]
Event: 8201.832 Thread 0x0000000016e9f800 29437       4       org.aspectj.util.GenericSignatureParser::parseClassTypeSignature (279 bytes)

GC Heap History (10 events):
Event: 8190.566 GC heap before
{Heap before GC invocations=35 (full 4):
 PSYoungGen      total 449024K, used 420492K [0x00000000e0000000, 0x00000000ffa00000, 0x0000000100000000)
  eden space 387072K, 100% used [0x00000000e0000000,0x00000000f7a00000,0x00000000f7a00000)
  from space 61952K, 53% used [0x00000000fbd80000,0x00000000fde231e8,0x00000000ffa00000)
  to   space 65536K, 0% used [0x00000000f7a00000,0x00000000f7a00000,0x00000000fba00000)
 ParOldGen       total 235520K, used 174170K [0x00000000a0000000, 0x00000000ae600000, 0x00000000e0000000)
  object space 235520K, 73% used [0x00000000a0000000,0x00000000aaa16b58,0x00000000ae600000)
 Metaspace       used 109966K, capacity 116178K, committed 116352K, reserved 1150976K
  class space    used 13761K, capacity 14928K, committed 14976K, reserved 1048576K
Event: 8190.597 GC heap after
Heap after GC invocations=35 (full 4):
 PSYoungGen      total 452608K, used 39487K [0x00000000e0000000, 0x0000000100000000, 0x0000000100000000)
  eden space 387072K, 0% used [0x00000000e0000000,0x00000000e0000000,0x00000000f7a00000)
  from space 65536K, 60% used [0x00000000f7a00000,0x00000000fa08ffc8,0x00000000fba00000)
  to   space 66048K, 0% used [0x00000000fbf80000,0x00000000fbf80000,0x0000000100000000)
 ParOldGen       total 235520K, used 174178K [0x00000000a0000000, 0x00000000ae600000, 0x00000000e0000000)
  object space 235520K, 73% used [0x00000000a0000000,0x00000000aaa18b58,0x00000000ae600000)
 Metaspace       used 109966K, capacity 116178K, committed 116352K, reserved 1150976K
  class space    used 13761K, capacity 14928K, committed 14976K, reserved 1048576K
}
Event: 8195.093 GC heap before
{Heap before GC invocations=36 (full 4):
 PSYoungGen      total 452608K, used 426559K [0x00000000e0000000, 0x0000000100000000, 0x0000000100000000)
  eden space 387072K, 100% used [0x00000000e0000000,0x00000000f7a00000,0x00000000f7a00000)
  from space 65536K, 60% used [0x00000000f7a00000,0x00000000fa08ffc8,0x00000000fba00000)
  to   space 66048K, 0% used [0x00000000fbf80000,0x00000000fbf80000,0x0000000100000000)
 ParOldGen       total 235520K, used 174178K [0x00000000a0000000, 0x00000000ae600000, 0x00000000e0000000)
  object space 235520K, 73% used [0x00000000a0000000,0x00000000aaa18b58,0x00000000ae600000)
 Metaspace       used 110033K, capacity 116184K, committed 116352K, reserved 1150976K
  class space    used 13762K, capacity 14930K, committed 14976K, reserved 1048576K
Event: 8195.158 GC heap after
Heap after GC invocations=36 (full 4):
 PSYoungGen      total 430592K, used 66046K [0x00000000e0000000, 0x0000000100000000, 0x0000000100000000)
  eden space 364544K, 0% used [0x00000000e0000000,0x00000000e0000000,0x00000000f6400000)
  from space 66048K, 99% used [0x00000000fbf80000,0x00000000fffff9f8,0x0000000100000000)
  to   space 79872K, 0% used [0x00000000f6400000,0x00000000f6400000,0x00000000fb200000)
 ParOldGen       total 235520K, used 186809K [0x00000000a0000000, 0x00000000ae600000, 0x00000000e0000000)
  object space 235520K, 79% used [0x00000000a0000000,0x00000000ab66e568,0x00000000ae600000)
 Metaspace       used 110033K, capacity 116184K, committed 116352K, reserved 1150976K
  class space    used 13762K, capacity 14930K, committed 14976K, reserved 1048576K
}
Event: 8196.438 GC heap before
{Heap before GC invocations=37 (full 4):
 PSYoungGen      total 430592K, used 430590K [0x00000000e0000000, 0x0000000100000000, 0x0000000100000000)
  eden space 364544K, 100% used [0x00000000e0000000,0x00000000f6400000,0x00000000f6400000)
  from space 66048K, 99% used [0x00000000fbf80000,0x00000000fffff9f8,0x0000000100000000)
  to   space 79872K, 0% used [0x00000000f6400000,0x00000000f6400000,0x00000000fb200000)
 ParOldGen       total 235520K, used 186809K [0x00000000a0000000, 0x00000000ae600000, 0x00000000e0000000)
  object space 235520K, 79% used [0x00000000a0000000,0x00000000ab66e568,0x00000000ae600000)
 Metaspace       used 110790K, capacity 116994K, committed 117248K, reserved 1150976K
  class space    used 13847K, capacity 15032K, committed 15104K, reserved 1048576K
Event: 8196.576 GC heap after
Heap after GC invocations=37 (full 4):
 PSYoungGen      total 444416K, used 79868K [0x00000000e0000000, 0x0000000100000000, 0x0000000100000000)
  eden space 364544K, 0% used [0x00000000e0000000,0x00000000e0000000,0x00000000f6400000)
  from space 79872K, 99% used [0x00000000f6400000,0x00000000fb1ff2f8,0x00000000fb200000)
  to   space 79872K, 0% used [0x00000000fb200000,0x00000000fb200000,0x0000000100000000)
 ParOldGen       total 291328K, used 290887K [0x00000000a0000000, 0x00000000b1c80000, 0x00000000e0000000)
  object space 291328K, 99% used [0x00000000a0000000,0x00000000b1c11ca8,0x00000000b1c80000)
 Metaspace       used 110790K, capacity 116994K, committed 117248K, reserved 1150976K
  class space    used 13847K, capacity 15032K, committed 15104K, reserved 1048576K
}
Event: 8196.576 GC heap before
{Heap before GC invocations=38 (full 5):
 PSYoungGen      total 444416K, used 79868K [0x00000000e0000000, 0x0000000100000000, 0x0000000100000000)
  eden space 364544K, 0% used [0x00000000e0000000,0x00000000e0000000,0x00000000f6400000)
  from space 79872K, 99% used [0x00000000f6400000,0x00000000fb1ff2f8,0x00000000fb200000)
  to   space 79872K, 0% used [0x00000000fb200000,0x00000000fb200000,0x0000000100000000)
 ParOldGen       total 291328K, used 290887K [0x00000000a0000000, 0x00000000b1c80000, 0x00000000e0000000)
  object space 291328K, 99% used [0x00000000a0000000,0x00000000b1c11ca8,0x00000000b1c80000)
 Metaspace       used 110790K, capacity 116994K, committed 117248K, reserved 1150976K
  class space    used 13847K, capacity 15032K, committed 15104K, reserved 1048576K
Event: 8197.878 GC heap after
Heap after GC invocations=38 (full 5):
 PSYoungGen      total 444416K, used 0K [0x00000000e0000000, 0x0000000100000000, 0x0000000100000000)
  eden space 364544K, 0% used [0x00000000e0000000,0x00000000e0000000,0x00000000f6400000)
  from space 79872K, 0% used [0x00000000f6400000,0x00000000f6400000,0x00000000fb200000)
  to   space 79872K, 0% used [0x00000000fb200000,0x00000000fb200000,0x0000000100000000)
 ParOldGen       total 291328K, used 256210K [0x00000000a0000000, 0x00000000b1c80000, 0x00000000e0000000)
  object space 291328K, 87% used [0x00000000a0000000,0x00000000afa34988,0x00000000b1c80000)
 Metaspace       used 109578K, capacity 115354K, committed 117248K, reserved 1150976K
  class space    used 13665K, capacity 14755K, committed 15104K, reserved 1048576K
}
Event: 8202.163 GC heap before
{Heap before GC invocations=39 (full 6):
 PSYoungGen      total 444416K, used 364544K [0x00000000e0000000, 0x0000000100000000, 0x0000000100000000)
  eden space 364544K, 100% used [0x00000000e0000000,0x00000000f6400000,0x00000000f6400000)
  from space 79872K, 0% used [0x00000000f6400000,0x00000000f6400000,0x00000000fb200000)
  to   space 79872K, 0% used [0x00000000fb200000,0x00000000fb200000,0x0000000100000000)
 ParOldGen       total 291328K, used 256210K [0x00000000a0000000, 0x00000000b1c80000, 0x00000000e0000000)
  object space 291328K, 87% used [0x00000000a0000000,0x00000000afa34988,0x00000000b1c80000)
 Metaspace       used 109860K, capacity 115610K, committed 117248K, reserved 1150976K
  class space    used 13669K, capacity 14755K, committed 15104K, reserved 1048576K
Event: 8202.507 GC heap after
Heap after GC invocations=39 (full 6):
 PSYoungGen      total 444416K, used 0K [0x00000000e0000000, 0x0000000100000000, 0x0000000100000000)
  eden space 364544K, 0% used [0x00000000e0000000,0x00000000e0000000,0x00000000f6400000)
  from space 79872K, 0% used [0x00000000f6400000,0x00000000f6400000,0x00000000fb200000)
  to   space 79872K, 0% used [0x00000000fb200000,0x00000000fb200000,0x0000000100000000)
 ParOldGen       total 325120K, used 103740K [0x00000000a0000000, 0x00000000b3d80000, 0x00000000e0000000)
  object space 325120K, 31% used [0x00000000a0000000,0x00000000a654f020,0x00000000b3d80000)
 Metaspace       used 109139K, capacity 114858K, committed 117248K, reserved 1150976K
  class space    used 13583K, capacity 14651K, committed 15104K, reserved 1048576K
}

Deoptimization events (10 events):
Event: 8201.424 Thread 0x0000000020fd5800 Uncommon trap: reason=unstable_if action=reinterpret pc=0x000000000834cd44 method=com.sun.tools.javac.comp.Flow$AssignAnalyzer.trackable(Lcom/sun/tools/javac/code/Symbol$VarSymbol;)Z @ 20
Event: 8201.424 Thread 0x0000000020fd5800 Uncommon trap: reason=null_check action=make_not_entrant pc=0x0000000008419ac8 method=com.sun.tools.javac.comp.TransTypes.visitVarDef(Lcom/sun/tools/javac/tree/JCTree$JCVariableDecl;)V @ 36
Event: 8201.425 Thread 0x0000000020fd5800 Uncommon trap: reason=unstable_if action=reinterpret pc=0x00000000084186e8 method=com.sun.tools.javac.comp.Lower.visitVarDef(Lcom/sun/tools/javac/tree/JCTree$JCVariableDecl;)V @ 84
Event: 8201.426 Thread 0x0000000020fd5800 Uncommon trap: reason=unstable_if action=reinterpret pc=0x00000000083cd10c method=com.sun.tools.javac.comp.Lower$1.visitVarDef(Lcom/sun/tools/javac/tree/JCTree$JCVariableDecl;)V @ 11
Event: 8201.426 Thread 0x0000000020fd5800 Uncommon trap: reason=unstable_if action=reinterpret pc=0x0000000008396b98 method=com.sun.tools.javac.jvm.Gen.checkDimension(Lcom/sun/tools/javac/util/JCDiagnostic$DiagnosticPosition;Lcom/sun/tools/javac/code/Type;)V @ 54
Event: 8201.440 Thread 0x0000000020fd5800 Uncommon trap: reason=class_check action=maybe_recompile pc=0x0000000006c6589c method=com.sun.tools.javac.code.Types.checkUnsafeVarargsConversion(Lcom/sun/tools/javac/code/Type;Lcom/sun/tools/javac/code/Type;Lcom/sun/tools/javac/util/Warner;)V @ 133
Event: 8201.440 Thread 0x0000000020fd5800 Uncommon trap: reason=class_check action=maybe_recompile pc=0x0000000006c6589c method=com.sun.tools.javac.code.Types.checkUnsafeVarargsConversion(Lcom/sun/tools/javac/code/Type;Lcom/sun/tools/javac/code/Type;Lcom/sun/tools/javac/util/Warner;)V @ 133
Event: 8201.487 Thread 0x0000000020fd5800 Uncommon trap: reason=class_check action=maybe_recompile pc=0x0000000008016560 method=com.sun.tools.javac.jvm.Gen.genExpr(Lcom/sun/tools/javac/tree/JCTree;Lcom/sun/tools/javac/code/Type;)Lcom/sun/tools/javac/jvm/Items$Item; @ 32
Event: 8201.487 Thread 0x0000000020fd5800 Uncommon trap: reason=class_check action=maybe_recompile pc=0x0000000008016560 method=com.sun.tools.javac.jvm.Gen.genExpr(Lcom/sun/tools/javac/tree/JCTree;Lcom/sun/tools/javac/code/Type;)Lcom/sun/tools/javac/jvm/Items$Item; @ 32
Event: 8201.487 Thread 0x0000000020fd5800 Uncommon trap: reason=class_check action=maybe_recompile pc=0x0000000008016560 method=com.sun.tools.javac.jvm.Gen.genExpr(Lcom/sun/tools/javac/tree/JCTree;Lcom/sun/tools/javac/code/Type;)Lcom/sun/tools/javac/jvm/Items$Item; @ 32

Internal exceptions (10 events):
Event: 7884.426 Thread 0x0000000020fe1000 Exception <a 'java/io/FileNotFoundException'> (0x00000000e7525cc0) thrown at [D:\re\puppet\workspace\8-2-build-windows-amd64-cygwin\jdk8u73\6086\hotspot\src\share\vm\prims\jni.cpp, line 709]
Event: 7885.371 Thread 0x000000001d43a800 Exception <a 'sun/nio/fs/WindowsException'> (0x00000000e9b929b8) thrown at [D:\re\puppet\workspace\8-2-build-windows-amd64-cygwin\jdk8u73\6086\hotspot\src\share\vm\prims\jni.cpp, line 709]
Event: 7885.372 Thread 0x000000001d43a800 Exception <a 'sun/nio/fs/WindowsException'> (0x00000000e9b948e8) thrown at [D:\re\puppet\workspace\8-2-build-windows-amd64-cygwin\jdk8u73\6086\hotspot\src\share\vm\prims\jni.cpp, line 709]
Event: 7885.372 Thread 0x000000001d43a800 Exception <a 'sun/nio/fs/WindowsException'> (0x00000000e9b96260) thrown at [D:\re\puppet\workspace\8-2-build-windows-amd64-cygwin\jdk8u73\6086\hotspot\src\share\vm\prims\jni.cpp, line 709]
Event: 7885.372 Thread 0x000000001d43a800 Exception <a 'sun/nio/fs/WindowsException'> (0x00000000e9b97be0) thrown at [D:\re\puppet\workspace\8-2-build-windows-amd64-cygwin\jdk8u73\6086\hotspot\src\share\vm\prims\jni.cpp, line 709]
Event: 7885.372 Thread 0x000000001d43a800 Exception <a 'sun/nio/fs/WindowsException'> (0x00000000e9b99558) thrown at [D:\re\puppet\workspace\8-2-build-windows-amd64-cygwin\jdk8u73\6086\hotspot\src\share\vm\prims\jni.cpp, line 709]
Event: 8198.076 Thread 0x0000000020fd5800 Implicit null exception at 0x0000000006ed9c64 to 0x0000000006eda905
Event: 8198.077 Thread 0x0000000020fd5800 Implicit null exception at 0x0000000006ee05f7 to 0x0000000006ee12ad
Event: 8201.494 Thread 0x0000000020fd5800 Exception <a 'java/io/FileNotFoundException'> (0x00000000ea083fe0) thrown at [D:\re\puppet\workspace\8-2-build-windows-amd64-cygwin\jdk8u73\6086\hotspot\src\share\vm\prims\jni.cpp, line 709]
Event: 8201.567 Thread 0x0000000020fd5800 Exception <a 'java/util/zip/ZipException'> (0x00000000ea5fe808) thrown at [D:\re\puppet\workspace\8-2-build-windows-amd64-cygwin\jdk8u73\6086\hotspot\src\share\vm\prims\jni.cpp, line 709]

Events (10 events):
Event: 8201.524 Thread 0x0000000020fd5800 DEOPT PACKING pc=0x00000000043def67 sp=0x0000000025f2b170
Event: 8201.524 Thread 0x0000000020fd5800 DEOPT UNPACKING pc=0x000000000356747f sp=0x0000000025f2ae80 mode 0
Event: 8201.536 Thread 0x0000000020fd5800 DEOPT PACKING pc=0x00000000043def67 sp=0x0000000025f2b170
Event: 8201.536 Thread 0x0000000020fd5800 DEOPT UNPACKING pc=0x000000000356747f sp=0x0000000025f2ae80 mode 0
Event: 8201.552 Thread 0x0000000020fd5800 DEOPT PACKING pc=0x00000000043def67 sp=0x0000000025f2ad50
Event: 8201.552 Thread 0x0000000020fd5800 DEOPT UNPACKING pc=0x000000000356747f sp=0x0000000025f2aa60 mode 0
Event: 8201.585 Executing VM operation: RevokeBias
Event: 8201.585 Executing VM operation: RevokeBias done
Event: 8202.163 Executing VM operation: ParallelGCFailedAllocation
Event: 8202.507 Executing VM operation: ParallelGCFailedAllocation done


Dynamic libraries:
0x00007ff74f200000 - 0x00007ff74f237000 	D:\java\jdk\bin\java.exe
0x00007ff953c20000 - 0x00007ff953e10000 	C:\Windows\SYSTEM32\ntdll.dll
0x00007ff9538c0000 - 0x00007ff953972000 	C:\Windows\System32\KERNEL32.DLL
0x00007ff951380000 - 0x00007ff951622000 	C:\Windows\System32\KERNELBASE.dll
0x00007ff953ab0000 - 0x00007ff953b53000 	C:\Windows\System32\ADVAPI32.dll
0x00007ff953a10000 - 0x00007ff953aae000 	C:\Windows\System32\msvcrt.dll
0x00007ff952e00000 - 0x00007ff952e97000 	C:\Windows\System32\sechost.dll
0x00007ff951ee0000 - 0x00007ff952000000 	C:\Windows\System32\RPCRT4.dll
0x00007ff951d40000 - 0x00007ff951ed3000 	C:\Windows\System32\USER32.dll
0x00007ff950bd0000 - 0x00007ff950bf1000 	C:\Windows\System32\win32u.dll
0x00007ff952ac0000 - 0x00007ff952ae6000 	C:\Windows\System32\GDI32.dll
0x00007ff9518a0000 - 0x00007ff951a34000 	C:\Windows\System32\gdi32full.dll
0x00007ff951be0000 - 0x00007ff951c7e000 	C:\Windows\System32\msvcp_win.dll
0x00007ff951630000 - 0x00007ff95172a000 	C:\Windows\System32\ucrtbase.dll
0x00007ff944030000 - 0x00007ff9442b5000 	C:\Windows\WinSxS\amd64_microsoft.windows.common-controls_6595b64144ccf1df_6.0.18362.30_none_a1435978519dce7f\COMCTL32.dll
0x00007ff953580000 - 0x00007ff9538b6000 	C:\Windows\System32\combase.dll
0x00007ff9517e0000 - 0x00007ff951861000 	C:\Windows\System32\bcryptPrimitives.dll
0x00007ff952bc0000 - 0x00007ff952bee000 	C:\Windows\System32\IMM32.DLL
0x000000006a4b0000 - 0x000000006a582000 	D:\java\jdk\jre\bin\msvcr100.dll
0x0000000069c20000 - 0x000000006a4b0000 	D:\java\jdk\jre\bin\server\jvm.dll
0x00007ff952d20000 - 0x00007ff952d28000 	C:\Windows\System32\PSAPI.DLL
0x00007ff940980000 - 0x00007ff940989000 	C:\Windows\SYSTEM32\WSOCK32.dll
0x00007ff952b50000 - 0x00007ff952bbf000 	C:\Windows\System32\WS2_32.dll
0x00007ff945410000 - 0x00007ff945434000 	C:\Windows\SYSTEM32\WINMM.dll
0x00007ff94cd80000 - 0x00007ff94cd8a000 	C:\Windows\SYSTEM32\VERSION.dll
0x00007ff947c80000 - 0x00007ff947cad000 	C:\Windows\SYSTEM32\WINMMBASE.dll
0x00007ff951a40000 - 0x00007ff951a8a000 	C:\Windows\System32\cfgmgr32.dll
0x0000000069c10000 - 0x0000000069c1f000 	D:\java\jdk\jre\bin\verify.dll
0x0000000069be0000 - 0x0000000069c09000 	D:\java\jdk\jre\bin\java.dll
0x0000000069bc0000 - 0x0000000069bd6000 	D:\java\jdk\jre\bin\zip.dll
0x00007ff952ea0000 - 0x00007ff953580000 	C:\Windows\System32\SHELL32.dll
0x00007ff952c60000 - 0x00007ff952d09000 	C:\Windows\System32\shcore.dll
0x00007ff950c00000 - 0x00007ff95137b000 	C:\Windows\System32\windows.storage.dll
0x00007ff950b00000 - 0x00007ff950b1f000 	C:\Windows\System32\profapi.dll
0x00007ff950b60000 - 0x00007ff950baa000 	C:\Windows\System32\powrprof.dll
0x00007ff950af0000 - 0x00007ff950b00000 	C:\Windows\System32\UMPDC.dll
0x00007ff952a60000 - 0x00007ff952ab2000 	C:\Windows\System32\shlwapi.dll
0x00007ff950b20000 - 0x00007ff950b31000 	C:\Windows\System32\kernel.appcore.dll
0x00007ff950bb0000 - 0x00007ff950bc7000 	C:\Windows\System32\cryptsp.dll
0x0000000069ba0000 - 0x0000000069bba000 	D:\java\jdk\jre\bin\net.dll
0x00007ff950300000 - 0x00007ff950367000 	C:\Windows\system32\mswsock.dll
0x0000000069b80000 - 0x0000000069b91000 	D:\java\jdk\jre\bin\nio.dll
0x00007ff938950000 - 0x00007ff938976000 	C:\Users\dell\.gradle\native\29\windows-amd64\native-platform.dll
0x0000000069b70000 - 0x0000000069b7d000 	D:\java\jdk\jre\bin\management.dll
0x00007ff94fec0000 - 0x00007ff94fef3000 	C:\Windows\system32\rsaenh.dll
0x00007ff951870000 - 0x00007ff951896000 	C:\Windows\System32\bcrypt.dll
0x00007ff950a10000 - 0x00007ff950a35000 	C:\Windows\SYSTEM32\USERENV.dll
0x00007ff9504d0000 - 0x00007ff9504dc000 	C:\Windows\SYSTEM32\CRYPTBASE.dll
0x00007ff950060000 - 0x00007ff95009a000 	C:\Windows\SYSTEM32\IPHLPAPI.DLL
0x00007ff953a00000 - 0x00007ff953a08000 	C:\Windows\System32\NSI.dll
0x00007ff94b700000 - 0x00007ff94b716000 	C:\Windows\SYSTEM32\dhcpcsvc6.DLL
0x00007ff949530000 - 0x00007ff94954c000 	C:\Windows\SYSTEM32\dhcpcsvc.DLL
0x00007ff9500a0000 - 0x00007ff95016a000 	C:\Windows\SYSTEM32\DNSAPI.dll
0x0000000069b40000 - 0x0000000069b64000 	D:\java\jdk\jre\bin\sunec.dll
0x00007ff94d6a0000 - 0x00007ff94d6aa000 	C:\Windows\System32\rasadhlp.dll
0x00007ff949ac0000 - 0x00007ff949b37000 	C:\Windows\System32\fwpuclnt.dll
0x00007ff943560000 - 0x00007ff943576000 	C:\Windows\system32\napinsp.dll
0x00007ff9433f0000 - 0x00007ff94340a000 	C:\Windows\system32\pnrpnsp.dll
0x00007ff9433e0000 - 0x00007ff9433ee000 	C:\Windows\System32\winrnr.dll
0x00007ff94d630000 - 0x00007ff94d64c000 	C:\Windows\system32\NLAapi.dll
0x00007ff94c2a0000 - 0x00007ff94c2b5000 	C:\Windows\system32\wshbth.dll

VM Arguments:
jvm_args: -Xmx1536m -Dfile.encoding=GBK -Duser.country=CN -Duser.language=zh -Duser.variant 
java_command: org.gradle.launcher.daemon.bootstrap.GradleDaemon 5.4.1
java_class_path (initial): C:\Users\dell\.gradle\wrapper\dists\gradle-5.4.1-all\3221gyojl5jsh0helicew7rwx\gradle-5.4.1\lib\gradle-launcher-5.4.1.jar
Launcher Type: SUN_STANDARD

Environment Variables:
JAVA_HOME=D:\java\jdk
CLASSPATH=.;D:\java\jdk\lib
PATH=C:\ProgramData\Oracle\Java\javapath;C:\Windows\system32;C:\Windows;C:\Windows\System32\Wbem;C:\Windows\System32\WindowsPowerShell\v1.0\;C:\Windows\System32\OpenSSH\;C:\Program Files (x86)\Intel\Intel(R) Management Engine Components\DAL;C:\Program Files\Intel\Intel(R) Management Engine Components\DAL;C:\Program Files (x86)\NVIDIA Corporation\PhysX\Common;C:\Program Files\NVIDIA Corporation\NVIDIA NvDLISR;C:\Program Files\TortoiseGit\bin;C:\Program Files\Git\cmd;D:\java\jdk\bin;C:\Program Files\dotnet\;C:\Program Files\Microsoft SQL Server\130\Tools\Binn\;C:\Users\dell\.gradle\wrapper\dists\gradle-5.4.1-all\3221gyojl5jsh0helicew7rwx\gradle-5.4.1\bin;C:\Program Files (x86)\Common Files\Thunder Network\KanKan\Codecs;C:\Users\dell\AppData\Local\Android\Sdk\platform-tools;F:\Idea\mysql-8.0.20-winx64bin;C:\Program Files\MySQL\MySQL Utilities 1.6\;F:\Idea\maven\apache-maven-3.6.3-bin\apache-maven-3.6.3\bin;C:\Users\dell\AppData\Local\Microsoft\WindowsApps;;C:\Users\dell\AppData\Local\Programs\Fiddler
USERNAME=dell
OS=Windows_NT
PROCESSOR_IDENTIFIER=Intel64 Family 6 Model 158 Stepping 10, GenuineIntel



---------------  S Y S T E M  ---------------

OS: Windows 10.0 , 64 bit Build 18362 (10.0.18362.1)

CPU:total 4 (2 cores per cpu, 2 threads per core) family 6 model 158 stepping 10, cmov, cx8, fxsr, mmx, sse, sse2, sse3, ssse3, sse4.1, sse4.2, popcnt, aes, clmul, erms, 3dnowpref, lzcnt, ht, tsc, tscinvbit

Memory: 4k page, physical 8200160k(1022988k free), swap 9248736k(6344k free)

vm_info: Java HotSpot(TM) 64-Bit Server VM (25.73-b02) for windows-amd64 JRE (1.8.0_73-b02), built on Jan 29 2016 17:38:49 by "java_re" with MS VC++ 10.0 (VS2010)

time: Thu Aug 13 22:28:21 2020
elapsed time: 8202 seconds (0d 2h 16m 42s)

