#
# There is insufficient memory for the Java Runtime Environment to continue.
# Native memory allocation (malloc) failed to allocate 262160 bytes for Chunk::new
# Possible reasons:
#   The system is out of physical RAM or swap space
#   In 32 bit mode, the process size limit was hit
# Possible solutions:
#   Reduce memory load on the system
#   Increase physical memory or swap space
#   Check if swap backing store is full
#   Use 64 bit Java on a 64 bit OS
#   Decrease Java heap size (-Xmx/-Xms)
#   Decrease number of Java threads
#   Decrease Java thread stack sizes (-Xss)
#   Set larger code cache with -XX:ReservedCodeCacheSize=
# This output file may be truncated or incomplete.
#
#  Out of Memory Error (allocation.cpp:390), pid=9208, tid=10224
#
# JRE version: Java(TM) SE Runtime Environment (8.0_73-b02) (build 1.8.0_73-b02)
# Java VM: Java HotSpot(TM) 64-Bit Server VM (25.73-b02 mixed mode windows-amd64 compressed oops)
# Failed to write core dump. Minidumps are not enabled by default on client versions of Windows
#

---------------  T H R E A D  ---------------

Current thread (0x0000000016faf800):  JavaThread "C2 CompilerThread0" daemon [_thread_in_native, id=10224, stack(0x00000000184f0000,0x00000000185f0000)]

Stack: [0x00000000184f0000,0x00000000185f0000]
[error occurred during error reporting (printing stack bounds), id 0xc0000005]

Native frames: (J=compiled Java code, j=interpreted, Vv=VM code, C=native code)


Current CompileTask:
C2:1240056 33398       4       com.android.tools.r8.ir.conversion.N::traceInstruction (259 bytes)


---------------  P R O C E S S  ---------------

Java Threads: ( => current thread )
  0x000000001c5ec800 JavaThread "WorkerExecutor Queue" [_thread_in_vm, id=12920, stack(0x00000000257e0000,0x00000000258e0000)]
  0x000000001cef6800 JavaThread "Cache worker for Java compile cache (F:\RentalCarWorkSpace\code\RentalCarProject\.gradle\5.4.1\javaCompile)" [_thread_blocked, id=9368, stack(0x0000000027fb0000,0x00000000280b0000)]
  0x000000001cef6000 JavaThread "Cache worker for execution history cache (F:\RentalCarWorkSpace\code\RentalCarProject\.gradle\5.4.1\executionHistory)" [_thread_blocked, id=14308, stack(0x0000000027eb0000,0x0000000027fb0000)]
  0x000000001cef5000 JavaThread "Execution worker for ':' Thread 3" [_thread_in_Java, id=11720, stack(0x00000000287b0000,0x00000000288b0000)]
  0x000000001ceee800 JavaThread "Execution worker for ':' Thread 2" [_thread_in_Java, id=6620, stack(0x00000000286b0000,0x00000000287b0000)]
  0x000000001cef3000 JavaThread "Execution worker for ':'" [_thread_blocked, id=8260, stack(0x00000000285b0000,0x00000000286b0000)]
  0x000000001ceed800 JavaThread "Cache worker for file content cache (F:\RentalCarWorkSpace\code\RentalCarProject\.gradle\5.4.1\fileContent)" [_thread_blocked, id=9092, stack(0x00000000284b0000,0x00000000285b0000)]
  0x000000001ceef000 JavaThread "Cache worker for Build Output Cleanup Cache (F:\RentalCarWorkSpace\code\RentalCarProject\.gradle\buildOutputCleanup)" [_thread_blocked, id=14284, stack(0x00000000254e0000,0x00000000255e0000)]
  0x0000000020296000 JavaThread "Build operations Thread 4" [_thread_blocked, id=12360, stack(0x00000000251e0000,0x00000000252e0000)]
  0x0000000020295800 JavaThread "Build operations Thread 3" [_thread_blocked, id=5500, stack(0x0000000024220000,0x0000000024320000)]
  0x0000000020294800 JavaThread "Build operations Thread 2" [_thread_blocked, id=10812, stack(0x0000000023f20000,0x0000000024020000)]
  0x000000002028a000 JavaThread "Build operations" [_thread_blocked, id=7316, stack(0x0000000022140000,0x0000000022240000)]
  0x000000002028c800 JavaThread "Cache worker for cache directory md-rule (C:\Users\dell\.gradle\caches\5.4.1\md-rule)" [_thread_blocked, id=7096, stack(0x000000001fd40000,0x000000001fe40000)]
  0x0000000020289800 JavaThread "Cache worker for cache directory md-supplier (C:\Users\dell\.gradle\caches\5.4.1\md-supplier)" [_thread_blocked, id=13672, stack(0x000000001f790000,0x000000001f890000)]
  0x0000000020288800 JavaThread "Cache worker for file hash cache (F:\RentalCarWorkSpace\code\RentalCarProject\.gradle\5.4.1\fileHashes)" [_thread_blocked, id=13016, stack(0x000000001b370000,0x000000001b470000)]
  0x000000002028e800 JavaThread "Thread-263" [_thread_blocked, id=5136, stack(0x000000001b070000,0x000000001b170000)]
  0x000000002028d000 JavaThread "Stdin handler" [_thread_blocked, id=10308, stack(0x000000001af70000,0x000000001b070000)]
  0x0000000020287000 JavaThread "Asynchronous log dispatcher for DefaultDaemonConnection: socket connection from /127.0.0.1:50192 to /127.0.0.1:55858" [_thread_blocked, id=7772, stack(0x000000001ac70000,0x000000001ad70000)]
  0x000000002028b000 JavaThread "Daemon worker Thread 7" [_thread_in_native, id=7520, stack(0x000000001ab70000,0x000000001ac70000)]
  0x000000002028b800 JavaThread "Cancel handler" [_thread_blocked, id=11608, stack(0x0000000003330000,0x0000000003430000)]
  0x0000000020287800 JavaThread "Handler for socket connection from /127.0.0.1:50192 to /127.0.0.1:55858" [_thread_in_native, id=116, stack(0x00000000015d0000,0x00000000016d0000)]
  0x000000002028e000 JavaThread "Daemon Thread 7" [_thread_blocked, id=8460, stack(0x00000000014d0000,0x00000000015d0000)]
  0x0000000020291000 JavaThread "Cache worker for Java compile cache (C:\Users\dell\.gradle\caches\5.4.1\javaCompile)" [_thread_blocked, id=7528, stack(0x00000000283b0000,0x00000000284b0000)]
  0x000000001c5f9000 JavaThread "Cache worker for file content cache (C:\Users\dell\.gradle\caches\5.4.1\fileContent)" [_thread_blocked, id=6688, stack(0x0000000022040000,0x0000000022140000)]
  0x000000001c5f0000 JavaThread "Memory manager" [_thread_blocked, id=8984, stack(0x0000000023080000,0x0000000023180000)]
  0x00000000199c5800 JavaThread "Cache worker for execution history cache (C:\Users\dell\.gradle\caches\5.4.1\executionHistory)" [_thread_blocked, id=13688, stack(0x000000001f690000,0x000000001f790000)]
  0x00000000199c0000 JavaThread "Cache worker for journal cache (C:\Users\dell\.gradle\caches\journal-1)" [_thread_in_native, id=1648, stack(0x000000001b670000,0x000000001b770000)]
  0x00000000199c2800 JavaThread "File lock request listener" [_thread_in_native, id=3716, stack(0x000000001b570000,0x000000001b670000)]
  0x00000000199c1000 JavaThread "Cache worker for file hash cache (C:\Users\dell\.gradle\caches\5.4.1\fileHashes)" [_thread_blocked, id=2776, stack(0x000000001b470000,0x000000001b570000)]
  0x0000000019419000 JavaThread "Daemon periodic checks" [_thread_blocked, id=4536, stack(0x000000001aa70000,0x000000001ab70000)]
  0x000000001878e000 JavaThread "Incoming local TCP Connector on port 50192" [_thread_in_native, id=8104, stack(0x000000001a8c0000,0x000000001a9c0000)]
  0x0000000019d36800 JavaThread "Daemon health stats" [_thread_blocked, id=14060, stack(0x000000001a5c0000,0x000000001a6c0000)]
  0x000000001865a800 JavaThread "Service Thread" daemon [_thread_blocked, id=12748, stack(0x0000000018bf0000,0x0000000018cf0000)]
  0x00000000185f2800 JavaThread "C1 CompilerThread2" daemon [_thread_blocked, id=13904, stack(0x0000000018af0000,0x0000000018bf0000)]
  0x0000000016ffc800 JavaThread "C2 CompilerThread1" daemon [_thread_in_native, id=7068, stack(0x00000000189f0000,0x0000000018af0000)]
=>0x0000000016faf800 JavaThread "C2 CompilerThread0" daemon [_thread_in_native, id=10224, stack(0x00000000184f0000,0x00000000185f0000)]
  0x0000000016fae000 JavaThread "Attach Listener" daemon [_thread_blocked, id=1120, stack(0x00000000183f0000,0x00000000184f0000)]
  0x0000000016fad000 JavaThread "Signal Dispatcher" daemon [_thread_blocked, id=996, stack(0x00000000182f0000,0x00000000183f0000)]
  0x0000000003621800 JavaThread "Finalizer" daemon [_thread_blocked, id=5540, stack(0x00000000181f0000,0x00000000182f0000)]
  0x000000000361e800 JavaThread "Reference Handler" daemon [_thread_blocked, id=3668, stack(0x00000000180f0000,0x00000000181f0000)]
  0x0000000003530800 JavaThread "main" [_thread_blocked, id=9900, stack(0x0000000003430000,0x0000000003530000)]

Other Threads:
  0x0000000016f66000 VMThread [stack: 0x0000000017ff0000,0x00000000180f0000] [id=6500]
  0x00000000186b5800 WatcherThread [stack: 0x0000000018cf0000,0x0000000018df0000] [id=5520]

VM state:not at safepoint (normal execution)

VM Mutex/Monitor currently owned by a thread: None

Heap:
 PSYoungGen      total 349696K, used 128934K [0x00000000e0000000, 0x0000000100000000, 0x0000000100000000)
  eden space 175104K, 62% used [0x00000000e0000000,0x00000000e6b3c450,0x00000000eab00000)
  from space 174592K, 10% used [0x00000000eab00000,0x00000000ebdad4c0,0x00000000f5580000)
  to   space 174592K, 0% used [0x00000000f5580000,0x00000000f5580000,0x0000000100000000)
 ParOldGen       total 369664K, used 136297K [0x00000000a0000000, 0x00000000b6900000, 0x00000000e0000000)
  object space 369664K, 36% used [0x00000000a0000000,0x00000000a851a450,0x00000000b6900000)
 Metaspace       used 120716K, capacity 128548K, committed 129664K, reserved 1163264K
  class space    used 14923K, capacity 16276K, committed 16512K, reserved 1048576K

Card table byte_map: [0x00000000129f0000,0x0000000012d00000] byte_map_base: 0x00000000124f0000

Marking Bits: (ParMarkBitMap*) 0x0000000059f20600
 Begin Bits: [0x0000000013300000, 0x0000000014b00000)
 End Bits:   [0x0000000014b00000, 0x0000000016300000)

Polling page: 0x0000000000ff0000

CodeCache: size=245760Kb used=92726Kb max_used=92726Kb free=153033Kb
 bounds [0x0000000003630000, 0x0000000009140000, 0x0000000012630000]
 total_blobs=26000 nmethods=25058 adapters=850
 compilation: enabled

Compilation events (10 events):
Event: 1239.979 Thread 0x00000000185f2800 33447       1       com.android.tools.r8.ir.code.Instruction::a (2 bytes)
Event: 1239.979 Thread 0x00000000185f2800 nmethod 33447 0x0000000009132310 code [0x0000000009132460, 0x0000000009132570]
Event: 1239.980 Thread 0x00000000185f2800 33448 %     3       java.util.AbstractQueue::addAll @ 34 (67 bytes)
Event: 1239.981 Thread 0x00000000185f2800 nmethod 33448% 0x00000000091325d0 code [0x00000000091327a0, 0x0000000009132f58]
Event: 1239.981 Thread 0x00000000185f2800 33449       2       com.android.tools.r8.m.a.a.b.l2::a (215 bytes)
Event: 1239.982 Thread 0x00000000185f2800 nmethod 33449 0x0000000009133210 code [0x0000000009133480, 0x0000000009133fe8]
Event: 1239.982 Thread 0x00000000185f2800 33450       2       com.android.tools.r8.ir.analysis.type.LongTypeLatticeElement::hashCode (7 bytes)
Event: 1239.982 Thread 0x00000000185f2800 nmethod 33450 0x00000000091349d0 code [0x0000000009134b40, 0x0000000009134cc8]
Event: 1240.021 Thread 0x00000000185f2800 33452       2       com.android.tools.r8.n.a.a.a.g.D0::hasNext (20 bytes)
Event: 1240.021 Thread 0x00000000185f2800 nmethod 33452 0x0000000009134d50 code [0x0000000009134ea0, 0x0000000009135010]

GC Heap History (10 events):
Event: 1235.848 GC heap before
{Heap before GC invocations=39 (full 5):
 PSYoungGen      total 349696K, used 340848K [0x00000000e0000000, 0x0000000100000000, 0x0000000100000000)
  eden space 175104K, 100% used [0x00000000e0000000,0x00000000eab00000,0x00000000eab00000)
  from space 174592K, 94% used [0x00000000eab00000,0x00000000f4cdc148,0x00000000f5580000)
  to   space 174592K, 0% used [0x00000000f5580000,0x00000000f5580000,0x0000000100000000)
 ParOldGen       total 306176K, used 122451K [0x00000000a0000000, 0x00000000b2b00000, 0x00000000e0000000)
  object space 306176K, 39% used [0x00000000a0000000,0x00000000a7794e08,0x00000000b2b00000)
 Metaspace       used 113297K, capacity 120532K, committed 120704K, reserved 1155072K
  class space    used 13927K, capacity 15206K, committed 15232K, reserved 1048576K
Event: 1235.964 GC heap after
Heap after GC invocations=39 (full 5):
 PSYoungGen      total 349696K, used 146981K [0x00000000e0000000, 0x0000000100000000, 0x0000000100000000)
  eden space 175104K, 0% used [0x00000000e0000000,0x00000000e0000000,0x00000000eab00000)
  from space 174592K, 84% used [0x00000000f5580000,0x00000000fe5097e0,0x0000000100000000)
  to   space 174592K, 0% used [0x00000000eab00000,0x00000000eab00000,0x00000000f5580000)
 ParOldGen       total 306176K, used 122459K [0x00000000a0000000, 0x00000000b2b00000, 0x00000000e0000000)
  object space 306176K, 39% used [0x00000000a0000000,0x00000000a7796e08,0x00000000b2b00000)
 Metaspace       used 113297K, capacity 120532K, committed 120704K, reserved 1155072K
  class space    used 13927K, capacity 15206K, committed 15232K, reserved 1048576K
}
Event: 1237.435 GC heap before
{Heap before GC invocations=40 (full 5):
 PSYoungGen      total 349696K, used 322085K [0x00000000e0000000, 0x0000000100000000, 0x0000000100000000)
  eden space 175104K, 100% used [0x00000000e0000000,0x00000000eab00000,0x00000000eab00000)
  from space 174592K, 84% used [0x00000000f5580000,0x00000000fe5097e0,0x0000000100000000)
  to   space 174592K, 0% used [0x00000000eab00000,0x00000000eab00000,0x00000000f5580000)
 ParOldGen       total 306176K, used 122459K [0x00000000a0000000, 0x00000000b2b00000, 0x00000000e0000000)
  object space 306176K, 39% used [0x00000000a0000000,0x00000000a7796e08,0x00000000b2b00000)
 Metaspace       used 120387K, capacity 128210K, committed 128512K, reserved 1161216K
  class space    used 14955K, capacity 16329K, committed 16384K, reserved 1048576K
Event: 1237.540 GC heap after
Heap after GC invocations=40 (full 5):
 PSYoungGen      total 349696K, used 165467K [0x00000000e0000000, 0x0000000100000000, 0x0000000100000000)
  eden space 175104K, 0% used [0x00000000e0000000,0x00000000e0000000,0x00000000eab00000)
  from space 174592K, 94% used [0x00000000eab00000,0x00000000f4c96c28,0x00000000f5580000)
  to   space 174592K, 0% used [0x00000000f5580000,0x00000000f5580000,0x0000000100000000)
 ParOldGen       total 306176K, used 122467K [0x00000000a0000000, 0x00000000b2b00000, 0x00000000e0000000)
  object space 306176K, 39% used [0x00000000a0000000,0x00000000a7798e08,0x00000000b2b00000)
 Metaspace       used 120387K, capacity 128210K, committed 128512K, reserved 1161216K
  class space    used 14955K, capacity 16329K, committed 16384K, reserved 1048576K
}
Event: 1238.562 GC heap before
{Heap before GC invocations=41 (full 5):
 PSYoungGen      total 349696K, used 340571K [0x00000000e0000000, 0x0000000100000000, 0x0000000100000000)
  eden space 175104K, 100% used [0x00000000e0000000,0x00000000eab00000,0x00000000eab00000)
  from space 174592K, 94% used [0x00000000eab00000,0x00000000f4c96c28,0x00000000f5580000)
  to   space 174592K, 0% used [0x00000000f5580000,0x00000000f5580000,0x0000000100000000)
 ParOldGen       total 306176K, used 122467K [0x00000000a0000000, 0x00000000b2b00000, 0x00000000e0000000)
  object space 306176K, 39% used [0x00000000a0000000,0x00000000a7798e08,0x00000000b2b00000)
 Metaspace       used 121392K, capacity 129296K, committed 129664K, reserved 1163264K
  class space    used 15021K, capacity 16406K, committed 16512K, reserved 1048576K
Event: 1238.664 GC heap after
Heap after GC invocations=41 (full 5):
 PSYoungGen      total 349696K, used 45612K [0x00000000e0000000, 0x0000000100000000, 0x0000000100000000)
  eden space 175104K, 0% used [0x00000000e0000000,0x00000000e0000000,0x00000000eab00000)
  from space 174592K, 26% used [0x00000000f5580000,0x00000000f820b050,0x0000000100000000)
  to   space 174592K, 0% used [0x00000000eab00000,0x00000000eab00000,0x00000000f5580000)
 ParOldGen       total 306176K, used 239906K [0x00000000a0000000, 0x00000000b2b00000, 0x00000000e0000000)
  object space 306176K, 78% used [0x00000000a0000000,0x00000000aea48900,0x00000000b2b00000)
 Metaspace       used 121392K, capacity 129296K, committed 129664K, reserved 1163264K
  class space    used 15021K, capacity 16406K, committed 16512K, reserved 1048576K
}
Event: 1238.664 GC heap before
{Heap before GC invocations=42 (full 6):
 PSYoungGen      total 349696K, used 45612K [0x00000000e0000000, 0x0000000100000000, 0x0000000100000000)
  eden space 175104K, 0% used [0x00000000e0000000,0x00000000e0000000,0x00000000eab00000)
  from space 174592K, 26% used [0x00000000f5580000,0x00000000f820b050,0x0000000100000000)
  to   space 174592K, 0% used [0x00000000eab00000,0x00000000eab00000,0x00000000f5580000)
 ParOldGen       total 306176K, used 239906K [0x00000000a0000000, 0x00000000b2b00000, 0x00000000e0000000)
  object space 306176K, 78% used [0x00000000a0000000,0x00000000aea48900,0x00000000b2b00000)
 Metaspace       used 121392K, capacity 129296K, committed 129664K, reserved 1163264K
  class space    used 15021K, capacity 16406K, committed 16512K, reserved 1048576K
Event: 1238.987 GC heap after
Heap after GC invocations=42 (full 6):
 PSYoungGen      total 349696K, used 0K [0x00000000e0000000, 0x0000000100000000, 0x0000000100000000)
  eden space 175104K, 0% used [0x00000000e0000000,0x00000000e0000000,0x00000000eab00000)
  from space 174592K, 0% used [0x00000000f5580000,0x00000000f5580000,0x0000000100000000)
  to   space 174592K, 0% used [0x00000000eab00000,0x00000000eab00000,0x00000000f5580000)
 ParOldGen       total 369664K, used 136297K [0x00000000a0000000, 0x00000000b6900000, 0x00000000e0000000)
  object space 369664K, 36% used [0x00000000a0000000,0x00000000a851a450,0x00000000b6900000)
 Metaspace       used 120627K, capacity 128454K, committed 129664K, reserved 1163264K
  class space    used 14920K, capacity 16275K, committed 16512K, reserved 1048576K
}
Event: 1239.689 GC heap before
{Heap before GC invocations=43 (full 6):
 PSYoungGen      total 349696K, used 175104K [0x00000000e0000000, 0x0000000100000000, 0x0000000100000000)
  eden space 175104K, 100% used [0x00000000e0000000,0x00000000eab00000,0x00000000eab00000)
  from space 174592K, 0% used [0x00000000f5580000,0x00000000f5580000,0x0000000100000000)
  to   space 174592K, 0% used [0x00000000eab00000,0x00000000eab00000,0x00000000f5580000)
 ParOldGen       total 369664K, used 136297K [0x00000000a0000000, 0x00000000b6900000, 0x00000000e0000000)
  object space 369664K, 36% used [0x00000000a0000000,0x00000000a851a450,0x00000000b6900000)
 Metaspace       used 120684K, capacity 128540K, committed 129664K, reserved 1163264K
  class space    used 14923K, capacity 16276K, committed 16512K, reserved 1048576K
Event: 1239.702 GC heap after
Heap after GC invocations=43 (full 6):
 PSYoungGen      total 349696K, used 19125K [0x00000000e0000000, 0x0000000100000000, 0x0000000100000000)
  eden space 175104K, 0% used [0x00000000e0000000,0x00000000e0000000,0x00000000eab00000)
  from space 174592K, 10% used [0x00000000eab00000,0x00000000ebdad4c0,0x00000000f5580000)
  to   space 174592K, 0% used [0x00000000f5580000,0x00000000f5580000,0x0000000100000000)
 ParOldGen       total 369664K, used 136297K [0x00000000a0000000, 0x00000000b6900000, 0x00000000e0000000)
  object space 369664K, 36% used [0x00000000a0000000,0x00000000a851a450,0x00000000b6900000)
 Metaspace       used 120684K, capacity 128540K, committed 129664K, reserved 1163264K
  class space    used 14923K, capacity 16276K, committed 16512K, reserved 1048576K
}

Deoptimization events (10 events):
Event: 1238.469 Thread 0x000000001ceee800 Uncommon trap: reason=unstable_if action=reinterpret pc=0x0000000004104b14 method=java.util.HashMap.getNode(ILjava/lang/Object;)Ljava/util/HashMap$Node; @ 84
Event: 1238.469 Thread 0x000000001ceee800 Uncommon trap: reason=unstable_if action=reinterpret pc=0x000000000390cd0c method=java.util.HashMap.resize()[Ljava/util/HashMap$Node; @ 206
Event: 1238.469 Thread 0x000000001ceee800 Uncommon trap: reason=unstable_if action=reinterpret pc=0x0000000003dbea2c method=java.util.HashMap.getNode(ILjava/lang/Object;)Ljava/util/HashMap$Node; @ 84
Event: 1238.512 Thread 0x000000001ceee800 Uncommon trap: reason=bimorphic action=maybe_recompile pc=0x0000000008e478a0 method=com.android.tools.r8.ir.regalloc.LinearScanRegisterAllocator.a(Lcom/android/tools/r8/ir/code/Value;Ljava/util/Collection;)Z @ 1
Event: 1238.546 Thread 0x000000001cef5000 Uncommon trap: reason=class_check action=maybe_recompile pc=0x0000000004b8b84c method=java.util.Collections$SetFromMap.isEmpty()Z @ 4
Event: 1239.080 Thread 0x000000001ceee800 Uncommon trap: reason=unstable_if action=reinterpret pc=0x0000000008737818 method=com.android.tools.r8.t.a.a.f.a(II[C)Ljava/lang/String; @ 59
Event: 1239.084 Thread 0x000000001ceee800 Uncommon trap: reason=unstable_if action=reinterpret pc=0x0000000008797c6c method=com.android.tools.r8.graph.DexString.<init>(Ljava/lang/String;)V @ 53
Event: 1239.713 Thread 0x000000001ceee800 Uncommon trap: reason=class_check action=maybe_recompile pc=0x00000000090e272c method=com.android.tools.r8.t.a.a.f.a(Lcom/android/tools/r8/t/a/a/a;ILjava/lang/String;[C)I @ 395
Event: 1239.713 Thread 0x000000001ceee800 Uncommon trap: reason=class_check action=maybe_recompile pc=0x00000000090e272c method=com.android.tools.r8.t.a.a.f.a(Lcom/android/tools/r8/t/a/a/a;ILjava/lang/String;[C)I @ 395
Event: 1239.771 Thread 0x000000001cef5000 Uncommon trap: reason=unstable_if action=reinterpret pc=0x0000000003e246bc method=java.util.concurrent.ConcurrentHashMap.computeIfAbsent(Ljava/lang/Object;Ljava/util/function/Function;)Ljava/lang/Object; @ 281

Internal exceptions (10 events):
Event: 1238.461 Thread 0x000000001cef5000 Exception <a 'sun/nio/fs/WindowsException'> (0x00000000e9362b48) thrown at [D:\re\puppet\workspace\8-2-build-windows-amd64-cygwin\jdk8u73\6086\hotspot\src\share\vm\prims\jni.cpp, line 709]
Event: 1238.535 Thread 0x000000001cef5000 Exception <a 'sun/nio/fs/WindowsException'> (0x00000000e9398d00) thrown at [D:\re\puppet\workspace\8-2-build-windows-amd64-cygwin\jdk8u73\6086\hotspot\src\share\vm\prims\jni.cpp, line 709]
Event: 1238.988 Thread 0x000000001cef5000 Exception <a 'sun/nio/fs/WindowsException'> (0x00000000e015b910) thrown at [D:\re\puppet\workspace\8-2-build-windows-amd64-cygwin\jdk8u73\6086\hotspot\src\share\vm\prims\jni.cpp, line 709]
Event: 1239.122 Thread 0x000000002028b000 Exception <a 'sun/nio/fs/WindowsException'> (0x00000000e0205858) thrown at [D:\re\puppet\workspace\8-2-build-windows-amd64-cygwin\jdk8u73\6086\hotspot\src\share\vm\prims\jni.cpp, line 709]
Event: 1239.288 Thread 0x000000002028b000 Exception <a 'sun/nio/fs/WindowsException'> (0x00000000e1bbbd08) thrown at [D:\re\puppet\workspace\8-2-build-windows-amd64-cygwin\jdk8u73\6086\hotspot\src\share\vm\prims\jni.cpp, line 709]
Event: 1239.443 Thread 0x000000002028b000 Exception <a 'sun/nio/fs/WindowsException'> (0x00000000e1c25e10) thrown at [D:\re\puppet\workspace\8-2-build-windows-amd64-cygwin\jdk8u73\6086\hotspot\src\share\vm\prims\jni.cpp, line 709]
Event: 1239.567 Thread 0x000000002028b000 Exception <a 'sun/nio/fs/WindowsException'> (0x00000000e6b5a610) thrown at [D:\re\puppet\workspace\8-2-build-windows-amd64-cygwin\jdk8u73\6086\hotspot\src\share\vm\prims\jni.cpp, line 709]
Event: 1239.598 Thread 0x000000001cef5000 Exception <a 'sun/nio/fs/WindowsException'> (0x00000000e8cf2130) thrown at [D:\re\puppet\workspace\8-2-build-windows-amd64-cygwin\jdk8u73\6086\hotspot\src\share\vm\prims\jni.cpp, line 709]
Event: 1239.885 Thread 0x000000002028b000 Exception <a 'sun/nio/fs/WindowsException'> (0x00000000e0184ac0) thrown at [D:\re\puppet\workspace\8-2-build-windows-amd64-cygwin\jdk8u73\6086\hotspot\src\share\vm\prims\jni.cpp, line 709]
Event: 1239.952 Thread 0x000000002028b000 Exception <a 'sun/nio/fs/WindowsException'> (0x00000000e406eed8) thrown at [D:\re\puppet\workspace\8-2-build-windows-amd64-cygwin\jdk8u73\6086\hotspot\src\share\vm\prims\jni.cpp, line 709]

Events (10 events):
Event: 1239.940 Thread 0x000000001cef5000 DEOPT PACKING pc=0x00000000087595c6 sp=0x00000000288acb20
Event: 1239.940 Thread 0x000000001cef5000 DEOPT UNPACKING pc=0x000000000367747f sp=0x00000000288ac8f0 mode 0
Event: 1239.943 Thread 0x000000001cef5000 DEOPT PACKING pc=0x00000000087595c6 sp=0x00000000288ac9a0
Event: 1239.943 Thread 0x000000001cef5000 DEOPT UNPACKING pc=0x000000000367747f sp=0x00000000288ac770 mode 0
Event: 1239.944 Thread 0x000000001cef5000 DEOPT PACKING pc=0x00000000087595c6 sp=0x00000000288ac9a0
Event: 1239.944 Thread 0x000000001cef5000 DEOPT UNPACKING pc=0x000000000367747f sp=0x00000000288ac770 mode 0
Event: 1239.951 Thread 0x000000001cef5000 DEOPT PACKING pc=0x00000000087595c6 sp=0x00000000288acb20
Event: 1239.951 Thread 0x000000001cef5000 DEOPT UNPACKING pc=0x000000000367747f sp=0x00000000288ac8f0 mode 0
Event: 1239.969 Thread 0x000000001cef5000 DEOPT PACKING pc=0x00000000087595c6 sp=0x00000000288aca50
Event: 1239.969 Thread 0x000000001cef5000 DEOPT UNPACKING pc=0x000000000367747f sp=0x00000000288ac820 mode 0


Dynamic libraries:
0x00007ff78b5b0000 - 0x00007ff78b5e7000 	D:\java\jdk\bin\java.exe
0x00007ffd29a60000 - 0x00007ffd29c50000 	C:\Windows\SYSTEM32\ntdll.dll
0x00007ffd282c0000 - 0x00007ffd28372000 	C:\Windows\System32\KERNEL32.DLL
0x00007ffd27810000 - 0x00007ffd27ab2000 	C:\Windows\System32\KERNELBASE.dll
0x00007ffd29320000 - 0x00007ffd293c3000 	C:\Windows\System32\ADVAPI32.dll
0x00007ffd28380000 - 0x00007ffd2841e000 	C:\Windows\System32\msvcrt.dll
0x00007ffd28e90000 - 0x00007ffd28f27000 	C:\Windows\System32\sechost.dll
0x00007ffd28d70000 - 0x00007ffd28e90000 	C:\Windows\System32\RPCRT4.dll
0x00007ffd29600000 - 0x00007ffd29793000 	C:\Windows\System32\USER32.dll
0x00007ffd274c0000 - 0x00007ffd274e1000 	C:\Windows\System32\win32u.dll
0x00007ffd284f0000 - 0x00007ffd28516000 	C:\Windows\System32\GDI32.dll
0x00007ffd272a0000 - 0x00007ffd27434000 	C:\Windows\System32\gdi32full.dll
0x00007ffd26a80000 - 0x00007ffd26b1e000 	C:\Windows\System32\msvcp_win.dll
0x00007ffd274f0000 - 0x00007ffd275ea000 	C:\Windows\System32\ucrtbase.dll
0x00007ffd17b50000 - 0x00007ffd17dd5000 	C:\Windows\WinSxS\amd64_microsoft.windows.common-controls_6595b64144ccf1df_6.0.18362.30_none_a1435978519dce7f\COMCTL32.dll
0x00007ffd28a10000 - 0x00007ffd28d46000 	C:\Windows\System32\combase.dll
0x00007ffd269f0000 - 0x00007ffd26a71000 	C:\Windows\System32\bcryptPrimitives.dll
0x00007ffd294c0000 - 0x00007ffd294ee000 	C:\Windows\System32\IMM32.DLL
0x0000000059fa0000 - 0x000000005a072000 	D:\java\jdk\jre\bin\msvcr100.dll
0x0000000059710000 - 0x0000000059fa0000 	D:\java\jdk\jre\bin\server\jvm.dll
0x00007ffd29310000 - 0x00007ffd29318000 	C:\Windows\System32\PSAPI.DLL
0x00007ffd246b0000 - 0x00007ffd246d4000 	C:\Windows\SYSTEM32\WINMM.dll
0x00007ffd254a0000 - 0x00007ffd254aa000 	C:\Windows\SYSTEM32\VERSION.dll
0x00007ffcf86d0000 - 0x00007ffcf86d9000 	C:\Windows\SYSTEM32\WSOCK32.dll
0x00007ffd24680000 - 0x00007ffd246ad000 	C:\Windows\SYSTEM32\WINMMBASE.dll
0x00007ffd293d0000 - 0x00007ffd2943f000 	C:\Windows\System32\WS2_32.dll
0x00007ffd27470000 - 0x00007ffd274ba000 	C:\Windows\System32\cfgmgr32.dll
0x0000000059700000 - 0x000000005970f000 	D:\java\jdk\jre\bin\verify.dll
0x00000000596d0000 - 0x00000000596f9000 	D:\java\jdk\jre\bin\java.dll
0x00000000596b0000 - 0x00000000596c6000 	D:\java\jdk\jre\bin\zip.dll
0x00007ffd27bd0000 - 0x00007ffd282b0000 	C:\Windows\System32\SHELL32.dll
0x00007ffd29550000 - 0x00007ffd295f9000 	C:\Windows\System32\shcore.dll
0x00007ffd26b20000 - 0x00007ffd2729b000 	C:\Windows\System32\windows.storage.dll
0x00007ffd26940000 - 0x00007ffd2695f000 	C:\Windows\System32\profapi.dll
0x00007ffd269a0000 - 0x00007ffd269ea000 	C:\Windows\System32\powrprof.dll
0x00007ffd26930000 - 0x00007ffd26940000 	C:\Windows\System32\UMPDC.dll
0x00007ffd294f0000 - 0x00007ffd29542000 	C:\Windows\System32\shlwapi.dll
0x00007ffd26980000 - 0x00007ffd26991000 	C:\Windows\System32\kernel.appcore.dll
0x00007ffd277f0000 - 0x00007ffd27807000 	C:\Windows\System32\cryptsp.dll
0x0000000059690000 - 0x00000000596aa000 	D:\java\jdk\jre\bin\net.dll
0x00007ffd26140000 - 0x00007ffd261a7000 	C:\Windows\system32\mswsock.dll
0x0000000059670000 - 0x0000000059681000 	D:\java\jdk\jre\bin\nio.dll
0x00007ffce7f20000 - 0x00007ffce7f46000 	C:\Users\dell\.gradle\native\29\windows-amd64\native-platform.dll
0x0000000059660000 - 0x000000005966d000 	D:\java\jdk\jre\bin\management.dll
0x00007ffd25d00000 - 0x00007ffd25d33000 	C:\Windows\system32\rsaenh.dll
0x00007ffd27440000 - 0x00007ffd27466000 	C:\Windows\System32\bcrypt.dll
0x00007ffd26850000 - 0x00007ffd26875000 	C:\Windows\SYSTEM32\USERENV.dll
0x00007ffd26310000 - 0x00007ffd2631c000 	C:\Windows\SYSTEM32\CRYPTBASE.dll
0x00007ffd25ea0000 - 0x00007ffd25eda000 	C:\Windows\SYSTEM32\IPHLPAPI.DLL
0x00007ffd29000000 - 0x00007ffd29008000 	C:\Windows\System32\NSI.dll
0x00007ffd1f6f0000 - 0x00007ffd1f706000 	C:\Windows\SYSTEM32\dhcpcsvc6.DLL
0x00007ffd17b30000 - 0x00007ffd17b4c000 	C:\Windows\SYSTEM32\dhcpcsvc.DLL
0x00007ffd25ee0000 - 0x00007ffd25faa000 	C:\Windows\SYSTEM32\DNSAPI.dll
0x0000000059630000 - 0x0000000059654000 	D:\java\jdk\jre\bin\sunec.dll
0x00007ffd120f0000 - 0x00007ffd120fa000 	C:\Windows\System32\rasadhlp.dll
0x00007ffd18060000 - 0x00007ffd180d7000 	C:\Windows\System32\fwpuclnt.dll
0x00007ffd10ed0000 - 0x00007ffd10ee6000 	C:\Windows\system32\napinsp.dll
0x00007ffd10eb0000 - 0x00007ffd10eca000 	C:\Windows\system32\pnrpnsp.dll
0x00007ffd110e0000 - 0x00007ffd110ee000 	C:\Windows\System32\winrnr.dll
0x00007ffd22b70000 - 0x00007ffd22b8c000 	C:\Windows\system32\NLAapi.dll
0x00007ffd22060000 - 0x00007ffd22075000 	C:\Windows\system32\wshbth.dll

VM Arguments:
jvm_args: -Xmx1536m -Dfile.encoding=GBK -Duser.country=CN -Duser.language=zh -Duser.variant 
java_command: org.gradle.launcher.daemon.bootstrap.GradleDaemon 5.4.1
java_class_path (initial): C:\Users\dell\.gradle\wrapper\dists\gradle-5.4.1-all\3221gyojl5jsh0helicew7rwx\gradle-5.4.1\lib\gradle-launcher-5.4.1.jar
Launcher Type: SUN_STANDARD

Environment Variables:
JAVA_HOME=D:\java\jdk
CLASSPATH=.;D:\java\jdk\lib
PATH=C:\ProgramData\Oracle\Java\javapath;C:\Windows\system32;C:\Windows;C:\Windows\System32\Wbem;C:\Windows\System32\WindowsPowerShell\v1.0\;C:\Windows\System32\OpenSSH\;C:\Program Files (x86)\Intel\Intel(R) Management Engine Components\DAL;C:\Program Files\Intel\Intel(R) Management Engine Components\DAL;C:\Program Files (x86)\NVIDIA Corporation\PhysX\Common;C:\Program Files\NVIDIA Corporation\NVIDIA NvDLISR;C:\Program Files\TortoiseGit\bin;C:\Program Files\Git\cmd;D:\java\jdk\bin;C:\Program Files\dotnet\;C:\Program Files\Microsoft SQL Server\130\Tools\Binn\;C:\Users\dell\.gradle\wrapper\dists\gradle-5.4.1-all\3221gyojl5jsh0helicew7rwx\gradle-5.4.1\bin;C:\Program Files (x86)\Common Files\Thunder Network\KanKan\Codecs;C:\Users\dell\AppData\Local\Android\Sdk\platform-tools;F:\Idea\mysql-8.0.20-winx64bin;C:\Program Files\MySQL\MySQL Utilities 1.6\;F:\Idea\maven\apache-maven-3.6.3-bin\apache-maven-3.6.3\bin;C:\Users\dell\AppData\Local\Microsoft\WindowsApps;;C:\Users\dell\AppData\Local\Programs\Fiddler
USERNAME=dell
OS=Windows_NT
PROCESSOR_IDENTIFIER=Intel64 Family 6 Model 158 Stepping 10, GenuineIntel



---------------  S Y S T E M  ---------------

OS: Windows 10.0 , 64 bit Build 18362 (10.0.18362.1)

CPU:total 4 (2 cores per cpu, 2 threads per core) family 6 model 158 stepping 10, cmov, cx8, fxsr, mmx, sse, sse2, sse3, ssse3, sse4.1, sse4.2, popcnt, aes, clmul, erms, 3dnowpref, lzcnt, ht, tsc, tscinvbit

Memory: 4k page, physical 8200160k(1151468k free), swap 9248736k(4172k free)

vm_info: Java HotSpot(TM) 64-Bit Server VM (25.73-b02) for windows-amd64 JRE (1.8.0_73-b02), built on Jan 29 2016 17:38:49 by "java_re" with MS VC++ 10.0 (VS2010)

time: Sun Aug 02 01:29:08 2020
elapsed time: 1240 seconds (0d 0h 20m 40s)

