#
# There is insufficient memory for the Java Runtime Environment to continue.
# Native memory allocation (malloc) failed to allocate 1977616 bytes for Chunk::new
# Possible reasons:
#   The system is out of physical RAM or swap space
#   In 32 bit mode, the process size limit was hit
# Possible solutions:
#   Reduce memory load on the system
#   Increase physical memory or swap space
#   Check if swap backing store is full
#   Use 64 bit Java on a 64 bit OS
#   Decrease Java heap size (-Xmx/-Xms)
#   Decrease number of Java threads
#   Decrease Java thread stack sizes (-Xss)
#   Set larger code cache with -XX:ReservedCodeCacheSize=
# This output file may be truncated or incomplete.
#
#  Out of Memory Error (allocation.cpp:390), pid=12396, tid=8536
#
# JRE version: Java(TM) SE Runtime Environment (8.0_73-b02) (build 1.8.0_73-b02)
# Java VM: Java HotSpot(TM) 64-Bit Server VM (25.73-b02 mixed mode windows-amd64 compressed oops)
# Failed to write core dump. Minidumps are not enabled by default on client versions of Windows
#

---------------  T H R E A D  ---------------

Current thread (0x0000000017e9e800):  JavaThread "C2 CompilerThread1" daemon [_thread_in_native, id=8536, stack(0x0000000018250000,0x0000000018350000)]

Stack: [0x0000000018250000,0x0000000018350000]
[error occurred during error reporting (printing stack bounds), id 0xc0000005]

Native frames: (J=compiled Java code, j=interpreted, Vv=VM code, C=native code)


Current CompileTask:
C2:1612353 41538       4       com.android.tools.r8.ir.conversion.I::a (556 bytes)


---------------  P R O C E S S  ---------------

Java Threads: ( => current thread )
  0x000000001e75f800 JavaThread "ForkJoinPool.commonPool-worker-2" daemon [_thread_blocked, id=10004, stack(0x00000000385a0000,0x00000000386a0000)]
  0x000000001e765800 JavaThread "ForkJoinPool.commonPool-worker-1" daemon [_thread_blocked, id=10132, stack(0x00000000384a0000,0x00000000385a0000)]
  0x000000001e764000 JavaThread "WorkerExecutor Queue Thread 7" [_thread_in_Java, id=7780, stack(0x000000002dfe0000,0x000000002e0e0000)]
  0x000000001cb6d800 JavaThread "WorkerExecutor Queue Thread 6" [_thread_blocked, id=8796, stack(0x000000002b4d0000,0x000000002b5d0000)]
  0x000000001cb68000 JavaThread "WorkerExecutor Queue Thread 5" [_thread_in_Java, id=5112, stack(0x00000000311f0000,0x00000000312f0000)]
  0x000000001cb6b000 JavaThread "stdout" [_thread_in_native, id=10708, stack(0x00000000310f0000,0x00000000311f0000)]
  0x000000001cb6a800 JavaThread "stderr" [_thread_in_native, id=9760, stack(0x0000000030ff0000,0x00000000310f0000)]
  0x000000001cb60800 JavaThread "stdout" [_thread_in_native, id=8440, stack(0x0000000030ef0000,0x0000000030ff0000)]
  0x000000001cb67800 JavaThread "stderr" [_thread_in_native, id=1760, stack(0x000000002fb50000,0x000000002fc50000)]
  0x000000001cb61800 JavaThread "stdout" [_thread_in_native, id=6296, stack(0x000000002fa50000,0x000000002fb50000)]
  0x000000001cb65000 JavaThread "stderr" [_thread_in_native, id=12968, stack(0x000000002f950000,0x000000002fa50000)]
  0x000000001cb66800 JavaThread "stdout" [_thread_in_native, id=11596, stack(0x000000002f850000,0x000000002f950000)]
  0x000000001cb63800 JavaThread "stderr" [_thread_in_native, id=10292, stack(0x000000002f750000,0x000000002f850000)]
  0x000000001cb63000 JavaThread "pool-35-thread-1" [_thread_blocked, id=7944, stack(0x000000002f650000,0x000000002f750000)]
  0x000000001cb64800 JavaThread "Cache worker for Java compile cache (F:\RentalCarWorkSpace\code\RentalCarProject\.gradle\5.4.1\javaCompile)" [_thread_blocked, id=10896, stack(0x000000002f550000,0x000000002f650000)]
  0x000000001e75f000 JavaThread "WorkerExecutor Queue" [_thread_in_native, id=5040, stack(0x000000002b690000,0x000000002b790000)]
  0x000000001cf84000 JavaThread "Cache worker for execution history cache (F:\RentalCarWorkSpace\code\RentalCarProject\.gradle\5.4.1\executionHistory)" [_thread_blocked, id=6588, stack(0x000000002a8c0000,0x000000002a9c0000)]
  0x000000001cf83000 JavaThread "Execution worker for ':' Thread 3" [_thread_blocked, id=9452, stack(0x000000002a7c0000,0x000000002a8c0000)]
  0x000000001cf7b000 JavaThread "Execution worker for ':' Thread 2" [_thread_blocked, id=5348, stack(0x000000002a4c0000,0x000000002a5c0000)]
  0x000000001cf81800 JavaThread "Execution worker for ':'" [_thread_in_native, id=5176, stack(0x0000000029b00000,0x0000000029c00000)]
  0x000000001cf7e800 JavaThread "Cache worker for file content cache (F:\RentalCarWorkSpace\code\RentalCarProject\.gradle\5.4.1\fileContent)" [_thread_blocked, id=4960, stack(0x0000000028a20000,0x0000000028b20000)]
  0x000000001cf7a000 JavaThread "Cache worker for Build Output Cleanup Cache (F:\RentalCarWorkSpace\code\RentalCarProject\.gradle\buildOutputCleanup)" [_thread_blocked, id=12192, stack(0x0000000027d20000,0x0000000027e20000)]
  0x000000001cf80000 JavaThread "Build operations Thread 4" [_thread_blocked, id=6356, stack(0x0000000027620000,0x0000000027720000)]
  0x000000001cf78800 JavaThread "Build operations Thread 3" [_thread_blocked, id=7420, stack(0x0000000027050000,0x0000000027150000)]
  0x000000001cf77000 JavaThread "Build operations Thread 2" [_thread_blocked, id=10692, stack(0x0000000026920000,0x0000000026a20000)]
  0x000000001cf7e000 JavaThread "Build operations" [_thread_blocked, id=8452, stack(0x0000000024dd0000,0x0000000024ed0000)]
  0x000000001bf2f800 JavaThread "Cache worker for cache directory md-rule (C:\Users\dell\.gradle\caches\5.4.1\md-rule)" [_thread_blocked, id=5664, stack(0x0000000022bd0000,0x0000000022cd0000)]
  0x000000001bf2f000 JavaThread "Cache worker for cache directory md-supplier (C:\Users\dell\.gradle\caches\5.4.1\md-supplier)" [_thread_blocked, id=3428, stack(0x0000000020930000,0x0000000020a30000)]
  0x000000001bf23800 JavaThread "Cache worker for file hash cache (F:\RentalCarWorkSpace\code\RentalCarProject\.gradle\5.4.1\fileHashes)" [_thread_blocked, id=4288, stack(0x000000001f230000,0x000000001f330000)]
  0x000000001bf2a800 JavaThread "Thread-283" [_thread_blocked, id=5972, stack(0x000000001ee30000,0x000000001ef30000)]
  0x000000001bf23000 JavaThread "Stdin handler" [_thread_blocked, id=9704, stack(0x000000001d8c0000,0x000000001d9c0000)]
  0x000000001bf26000 JavaThread "Asynchronous log dispatcher for DefaultDaemonConnection: socket connection from /127.0.0.1:64833 to /127.0.0.1:55948" [_thread_blocked, id=12976, stack(0x000000001d3c0000,0x000000001d4c0000)]
  0x000000001bf29800 JavaThread "Cancel handler" [_thread_blocked, id=5904, stack(0x000000001ab20000,0x000000001ac20000)]
  0x000000001bf22000 JavaThread "Handler for socket connection from /127.0.0.1:64833 to /127.0.0.1:55948" [_thread_in_native, id=11476, stack(0x0000000001230000,0x0000000001330000)]
  0x000000001e75c800 JavaThread "Daemon worker Thread 7" [_thread_blocked, id=7124, stack(0x000000001af20000,0x000000001b020000)]
  0x000000001e762800 JavaThread "Daemon Thread 7" [_thread_blocked, id=6176, stack(0x0000000000d50000,0x0000000000e50000)]
  0x000000001cf79800 JavaThread "Cache worker for Java compile cache (C:\Users\dell\.gradle\caches\5.4.1\javaCompile)" [_thread_blocked, id=5508, stack(0x0000000027420000,0x0000000027520000)]
  0x000000001bf31000 JavaThread "Cache worker for file content cache (C:\Users\dell\.gradle\caches\5.4.1\fileContent)" [_thread_blocked, id=8336, stack(0x0000000021430000,0x0000000021530000)]
  0x000000001bf28000 JavaThread "Memory manager" [_thread_blocked, id=1932, stack(0x0000000021d30000,0x0000000021e30000)]
  0x00000000188ba000 JavaThread "Cache worker for execution history cache (C:\Users\dell\.gradle\caches\5.4.1\executionHistory)" [_thread_blocked, id=3244, stack(0x000000001ef30000,0x000000001f030000)]
  0x00000000188b9800 JavaThread "Cache worker for journal cache (C:\Users\dell\.gradle\caches\journal-1)" [_thread_blocked, id=10200, stack(0x000000001ae20000,0x000000001af20000)]
  0x00000000188b7000 JavaThread "File lock request listener" [_thread_in_native, id=9052, stack(0x000000001ad20000,0x000000001ae20000)]
  0x00000000188bb000 JavaThread "Cache worker for file hash cache (C:\Users\dell\.gradle\caches\5.4.1\fileHashes)" [_thread_blocked, id=8812, stack(0x000000001ac20000,0x000000001ad20000)]
  0x0000000018927000 JavaThread "Daemon periodic checks" [_thread_blocked, id=8512, stack(0x000000001a220000,0x000000001a320000)]
  0x0000000017f19800 JavaThread "Incoming local TCP Connector on port 64833" [_thread_in_native, id=8748, stack(0x000000001a120000,0x000000001a220000)]
  0x000000001976a800 JavaThread "Daemon health stats" [_thread_blocked, id=12048, stack(0x0000000019e20000,0x0000000019f20000)]
  0x0000000017eb9800 JavaThread "Service Thread" daemon [_thread_blocked, id=11400, stack(0x0000000018450000,0x0000000018550000)]
  0x0000000017ea9800 JavaThread "C1 CompilerThread2" daemon [_thread_blocked, id=8824, stack(0x0000000018350000,0x0000000018450000)]
=>0x0000000017e9e800 JavaThread "C2 CompilerThread1" daemon [_thread_in_native, id=8536, stack(0x0000000018250000,0x0000000018350000)]
  0x00000000167ef800 JavaThread "C2 CompilerThread0" daemon [_thread_in_native, id=6840, stack(0x0000000017d50000,0x0000000017e50000)]
  0x00000000167ee000 JavaThread "Attach Listener" daemon [_thread_blocked, id=2596, stack(0x0000000017c50000,0x0000000017d50000)]
  0x00000000167ed000 JavaThread "Signal Dispatcher" daemon [_thread_blocked, id=10176, stack(0x0000000017b50000,0x0000000017c50000)]
  0x0000000002d61800 JavaThread "Finalizer" daemon [_thread_blocked, id=7768, stack(0x0000000017a50000,0x0000000017b50000)]
  0x0000000002d5e800 JavaThread "Reference Handler" daemon [_thread_blocked, id=3688, stack(0x0000000017950000,0x0000000017a50000)]
  0x0000000002c70800 JavaThread "main" [_thread_blocked, id=6324, stack(0x0000000002780000,0x0000000002880000)]

Other Threads:
  0x00000000167a6000 VMThread [stack: 0x0000000017850000,0x0000000017950000] [id=12800]
  0x0000000017f1d000 WatcherThread [stack: 0x0000000018550000,0x0000000018650000] [id=11604]

VM state:not at safepoint (normal execution)

VM Mutex/Monitor currently owned by a thread: None

Heap:
 PSYoungGen      total 406528K, used 114713K [0x00000000e0000000, 0x00000000ff380000, 0x0000000100000000)
  eden space 301568K, 34% used [0x00000000e0000000,0x00000000e65c0238,0x00000000f2680000)
  from space 104960K, 10% used [0x00000000f2680000,0x00000000f30c63a8,0x00000000f8d00000)
  to   space 99840K, 0% used [0x00000000f9200000,0x00000000f9200000,0x00000000ff380000)
 ParOldGen       total 589312K, used 415035K [0x00000000a0000000, 0x00000000c3f80000, 0x00000000e0000000)
  object space 589312K, 70% used [0x00000000a0000000,0x00000000b954ef60,0x00000000c3f80000)
 Metaspace       used 167448K, capacity 177840K, committed 179200K, reserved 1206272K
  class space    used 20900K, capacity 22683K, committed 23040K, reserved 1048576K

Card table byte_map: [0x0000000012230000,0x0000000012540000] byte_map_base: 0x0000000011d30000

Marking Bits: (ParMarkBitMap*) 0x0000000056870600
 Begin Bits: [0x0000000012b40000, 0x0000000014340000)
 End Bits:   [0x0000000014340000, 0x0000000015b40000)

Polling page: 0x0000000001010000

CodeCache: size=245760Kb used=113258Kb max_used=115257Kb free=132501Kb
 bounds [0x0000000002e70000, 0x000000000a040000, 0x0000000011e70000]
 total_blobs=31678 nmethods=30754 adapters=832
 compilation: enabled

Compilation events (10 events):
Event: 1612.328 Thread 0x0000000017ea9800 41748       2       java.util.zip.ZipInputStream::readFully (44 bytes)
Event: 1612.329 Thread 0x0000000017ea9800 nmethod 41748 0x00000000039f9950 code [0x00000000039f9ac0, 0x00000000039f9d58]
Event: 1612.332 Thread 0x0000000017ea9800 41747       2       kotlin.text.StringsKt__StringsJVMKt::endsWith (44 bytes)
Event: 1612.333 Thread 0x0000000017ea9800 nmethod 41747 0x00000000041b2790 code [0x00000000041b2920, 0x00000000041b2b98]
Event: 1612.333 Thread 0x0000000017ea9800 41742       2       com.android.tools.build.jetifier.core.rule.RewriteRule::isRuntimeIgnoreRule (10 bytes)
Event: 1612.333 Thread 0x0000000017ea9800 nmethod 41742 0x000000000763ff50 code [0x00000000076400c0, 0x0000000007640268]
Event: 1612.333 Thread 0x0000000017ea9800 41746       2       com.android.tools.r8.ir.optimize.P::a (35 bytes)
Event: 1612.334 Thread 0x0000000017ea9800 nmethod 41746 0x000000000833ac90 code [0x000000000833ae20, 0x000000000833b058]
Event: 1612.334 Thread 0x0000000017ea9800 41745       1       com.google.gson.internal.LinkedTreeMap$Node::getValue (5 bytes)
Event: 1612.334 Thread 0x0000000017ea9800 nmethod 41745 0x000000000771c850 code [0x000000000771c9a0, 0x000000000771cab0]

GC Heap History (10 events):
Event: 1609.554 GC heap before
{Heap before GC invocations=79 (full 10):
 PSYoungGen      total 379904K, used 310364K [0x00000000e0000000, 0x00000000ff280000, 0x0000000100000000)
  eden space 265728K, 100% used [0x00000000e0000000,0x00000000f0380000,0x00000000f0380000)
  from space 114176K, 39% used [0x00000000f8300000,0x00000000fae971e8,0x00000000ff280000)
  to   space 122368K, 0% used [0x00000000f0380000,0x00000000f0380000,0x00000000f7b00000)
 ParOldGen       total 589312K, used 343458K [0x00000000a0000000, 0x00000000c3f80000, 0x00000000e0000000)
  object space 589312K, 58% used [0x00000000a0000000,0x00000000b4f68960,0x00000000c3f80000)
 Metaspace       used 167310K, capacity 177712K, committed 179200K, reserved 1206272K
  class space    used 20890K, capacity 22683K, committed 23040K, reserved 1048576K
Event: 1609.603 GC heap after
Heap after GC invocations=79 (full 10):
 PSYoungGen      total 388096K, used 18010K [0x00000000e0000000, 0x00000000ffd00000, 0x0000000100000000)
  eden space 265728K, 0% used [0x00000000e0000000,0x00000000e0000000,0x00000000f0380000)
  from space 122368K, 14% used [0x00000000f0380000,0x00000000f1516930,0x00000000f7b00000)
  to   space 116736K, 0% used [0x00000000f8b00000,0x00000000f8b00000,0x00000000ffd00000)
 ParOldGen       total 589312K, used 384835K [0x00000000a0000000, 0x00000000c3f80000, 0x00000000e0000000)
  object space 589312K, 65% used [0x00000000a0000000,0x00000000b77d0ca0,0x00000000c3f80000)
 Metaspace       used 167310K, capacity 177712K, committed 179200K, reserved 1206272K
  class space    used 20890K, capacity 22683K, committed 23040K, reserved 1048576K
}
Event: 1610.366 GC heap before
{Heap before GC invocations=80 (full 10):
 PSYoungGen      total 388096K, used 283738K [0x00000000e0000000, 0x00000000ffd00000, 0x0000000100000000)
  eden space 265728K, 100% used [0x00000000e0000000,0x00000000f0380000,0x00000000f0380000)
  from space 122368K, 14% used [0x00000000f0380000,0x00000000f1516930,0x00000000f7b00000)
  to   space 116736K, 0% used [0x00000000f8b00000,0x00000000f8b00000,0x00000000ffd00000)
 ParOldGen       total 589312K, used 384835K [0x00000000a0000000, 0x00000000c3f80000, 0x00000000e0000000)
  object space 589312K, 65% used [0x00000000a0000000,0x00000000b77d0ca0,0x00000000c3f80000)
 Metaspace       used 167340K, capacity 177712K, committed 179200K, reserved 1206272K
  class space    used 20890K, capacity 22683K, committed 23040K, reserved 1048576K
Event: 1610.401 GC heap after
Heap after GC invocations=80 (full 10):
 PSYoungGen      total 393216K, used 4420K [0x00000000e0000000, 0x00000000ff480000, 0x0000000100000000)
  eden space 285184K, 0% used [0x00000000e0000000,0x00000000e0000000,0x00000000f1680000)
  from space 108032K, 4% used [0x00000000f8b00000,0x00000000f8f51260,0x00000000ff480000)
  to   space 113664K, 0% used [0x00000000f1680000,0x00000000f1680000,0x00000000f8580000)
 ParOldGen       total 589312K, used 398463K [0x00000000a0000000, 0x00000000c3f80000, 0x00000000e0000000)
  object space 589312K, 67% used [0x00000000a0000000,0x00000000b851fe78,0x00000000c3f80000)
 Metaspace       used 167340K, capacity 177712K, committed 179200K, reserved 1206272K
  class space    used 20890K, capacity 22683K, committed 23040K, reserved 1048576K
}
Event: 1611.026 GC heap before
{Heap before GC invocations=81 (full 10):
 PSYoungGen      total 393216K, used 289604K [0x00000000e0000000, 0x00000000ff480000, 0x0000000100000000)
  eden space 285184K, 100% used [0x00000000e0000000,0x00000000f1680000,0x00000000f1680000)
  from space 108032K, 4% used [0x00000000f8b00000,0x00000000f8f51260,0x00000000ff480000)
  to   space 113664K, 0% used [0x00000000f1680000,0x00000000f1680000,0x00000000f8580000)
 ParOldGen       total 589312K, used 398463K [0x00000000a0000000, 0x00000000c3f80000, 0x00000000e0000000)
  object space 589312K, 67% used [0x00000000a0000000,0x00000000b851fe78,0x00000000c3f80000)
 Metaspace       used 167350K, capacity 177776K, committed 179200K, reserved 1206272K
  class space    used 20890K, capacity 22683K, committed 23040K, reserved 1048576K
Event: 1611.046 GC heap after
Heap after GC invocations=81 (full 10):
 PSYoungGen      total 398848K, used 10244K [0x00000000e0000000, 0x00000000ffc80000, 0x0000000100000000)
  eden space 285184K, 0% used [0x00000000e0000000,0x00000000e0000000,0x00000000f1680000)
  from space 113664K, 9% used [0x00000000f1680000,0x00000000f2081178,0x00000000f8580000)
  to   space 109056K, 0% used [0x00000000f9200000,0x00000000f9200000,0x00000000ffc80000)
 ParOldGen       total 589312K, used 401541K [0x00000000a0000000, 0x00000000c3f80000, 0x00000000e0000000)
  object space 589312K, 68% used [0x00000000a0000000,0x00000000b8821738,0x00000000c3f80000)
 Metaspace       used 167350K, capacity 177776K, committed 179200K, reserved 1206272K
  class space    used 20890K, capacity 22683K, committed 23040K, reserved 1048576K
}
Event: 1611.571 GC heap before
{Heap before GC invocations=82 (full 10):
 PSYoungGen      total 398848K, used 295428K [0x00000000e0000000, 0x00000000ffc80000, 0x0000000100000000)
  eden space 285184K, 100% used [0x00000000e0000000,0x00000000f1680000,0x00000000f1680000)
  from space 113664K, 9% used [0x00000000f1680000,0x00000000f2081178,0x00000000f8580000)
  to   space 109056K, 0% used [0x00000000f9200000,0x00000000f9200000,0x00000000ffc80000)
 ParOldGen       total 589312K, used 401541K [0x00000000a0000000, 0x00000000c3f80000, 0x00000000e0000000)
  object space 589312K, 68% used [0x00000000a0000000,0x00000000b8821738,0x00000000c3f80000)
 Metaspace       used 167353K, capacity 177776K, committed 179200K, reserved 1206272K
  class space    used 20890K, capacity 22683K, committed 23040K, reserved 1048576K
Event: 1611.613 GC heap after
Heap after GC invocations=82 (full 10):
 PSYoungGen      total 401408K, used 5696K [0x00000000e0000000, 0x00000000ff380000, 0x0000000100000000)
  eden space 301568K, 0% used [0x00000000e0000000,0x00000000e0000000,0x00000000f2680000)
  from space 99840K, 5% used [0x00000000f9200000,0x00000000f97900d0,0x00000000ff380000)
  to   space 104960K, 0% used [0x00000000f2680000,0x00000000f2680000,0x00000000f8d00000)
 ParOldGen       total 589312K, used 411027K [0x00000000a0000000, 0x00000000c3f80000, 0x00000000e0000000)
  object space 589312K, 69% used [0x00000000a0000000,0x00000000b9164f00,0x00000000c3f80000)
 Metaspace       used 167353K, capacity 177776K, committed 179200K, reserved 1206272K
  class space    used 20890K, capacity 22683K, committed 23040K, reserved 1048576K
}
Event: 1612.122 GC heap before
{Heap before GC invocations=83 (full 10):
 PSYoungGen      total 401408K, used 307264K [0x00000000e0000000, 0x00000000ff380000, 0x0000000100000000)
  eden space 301568K, 100% used [0x00000000e0000000,0x00000000f2680000,0x00000000f2680000)
  from space 99840K, 5% used [0x00000000f9200000,0x00000000f97900d0,0x00000000ff380000)
  to   space 104960K, 0% used [0x00000000f2680000,0x00000000f2680000,0x00000000f8d00000)
 ParOldGen       total 589312K, used 411027K [0x00000000a0000000, 0x00000000c3f80000, 0x00000000e0000000)
  object space 589312K, 69% used [0x00000000a0000000,0x00000000b9164f00,0x00000000c3f80000)
 Metaspace       used 167357K, capacity 177776K, committed 179200K, reserved 1206272K
  class space    used 20891K, capacity 22683K, committed 23040K, reserved 1048576K
Event: 1612.140 GC heap after
Heap after GC invocations=83 (full 10):
 PSYoungGen      total 406528K, used 10520K [0x00000000e0000000, 0x00000000ff380000, 0x0000000100000000)
  eden space 301568K, 0% used [0x00000000e0000000,0x00000000e0000000,0x00000000f2680000)
  from space 104960K, 10% used [0x00000000f2680000,0x00000000f30c63a8,0x00000000f8d00000)
  to   space 99840K, 0% used [0x00000000f9200000,0x00000000f9200000,0x00000000ff380000)
 ParOldGen       total 589312K, used 415035K [0x00000000a0000000, 0x00000000c3f80000, 0x00000000e0000000)
  object space 589312K, 70% used [0x00000000a0000000,0x00000000b954ef60,0x00000000c3f80000)
 Metaspace       used 167357K, capacity 177776K, committed 179200K, reserved 1206272K
  class space    used 20891K, capacity 22683K, committed 23040K, reserved 1048576K
}

Deoptimization events (10 events):
Event: 1610.511 Thread 0x000000001e764000 Uncommon trap: reason=array_check action=maybe_recompile pc=0x0000000008f45678 method=java.util.TimSort.mergeLo(IIII)V @ 590
Event: 1610.676 Thread 0x000000001cf7b000 Uncommon trap: reason=unstable_if action=reinterpret pc=0x0000000007cc0548 method=java.io.PushbackInputStream.read([BII)I @ 122
Event: 1611.512 Thread 0x000000001e764000 Uncommon trap: reason=array_check action=maybe_recompile pc=0x00000000044a5214 method=java.util.TimSort.mergeHi(IIII)V @ 250
Event: 1612.225 Thread 0x000000001cb6d800 Uncommon trap: reason=array_check action=maybe_recompile pc=0x00000000044a5214 method=java.util.TimSort.mergeHi(IIII)V @ 250
Event: 1612.297 Thread 0x000000001cf81800 Uncommon trap: reason=class_check action=maybe_recompile pc=0x0000000003c03a88 method=java.util.concurrent.ConcurrentHashMap.replaceNode(Ljava/lang/Object;Ljava/lang/Object;Ljava/lang/Object;)Ljava/lang/Object; @ 147
Event: 1612.297 Thread 0x000000001cf81800 Uncommon trap: reason=class_check action=maybe_recompile pc=0x0000000003c03a88 method=java.util.concurrent.ConcurrentHashMap.replaceNode(Ljava/lang/Object;Ljava/lang/Object;Ljava/lang/Object;)Ljava/lang/Object; @ 147
Event: 1612.297 Thread 0x000000001cf81800 Uncommon trap: reason=class_check action=maybe_recompile pc=0x0000000003c03a88 method=java.util.concurrent.ConcurrentHashMap.replaceNode(Ljava/lang/Object;Ljava/lang/Object;Ljava/lang/Object;)Ljava/lang/Object; @ 147
Event: 1612.297 Thread 0x000000001cf81800 Uncommon trap: reason=class_check action=maybe_recompile pc=0x0000000003c03a88 method=java.util.concurrent.ConcurrentHashMap.replaceNode(Ljava/lang/Object;Ljava/lang/Object;Ljava/lang/Object;)Ljava/lang/Object; @ 147
Event: 1612.301 Thread 0x000000001cf81800 Uncommon trap: reason=unstable_if action=reinterpret pc=0x0000000007e9c3b0 method=kotlin.text.StringsKt__StringsJVMKt.endsWith(Ljava/lang/String;Ljava/lang/String;Z)Z @ 14
Event: 1612.303 Thread 0x000000001cf81800 Uncommon trap: reason=unstable_if action=reinterpret pc=0x0000000004c99b3c method=com.google.gson.stream.JsonReader.nextNonWhitespace(Z)I @ 277

Internal exceptions (10 events):
Event: 1608.927 Thread 0x000000001e764000 Exception <a 'sun/nio/fs/WindowsException'> (0x00000000e3e4e0c0) thrown at [D:\re\puppet\workspace\8-2-build-windows-amd64-cygwin\jdk8u73\6086\hotspot\src\share\vm\prims\jni.cpp, line 709]
Event: 1608.927 Thread 0x000000001e764000 Exception <a 'sun/nio/fs/WindowsException'> (0x00000000e3e507f8) thrown at [D:\re\puppet\workspace\8-2-build-windows-amd64-cygwin\jdk8u73\6086\hotspot\src\share\vm\prims\jni.cpp, line 709]
Event: 1608.942 Thread 0x000000001cb68000 Exception <a 'sun/nio/fs/WindowsException'> (0x00000000e3d06018) thrown at [D:\re\puppet\workspace\8-2-build-windows-amd64-cygwin\jdk8u73\6086\hotspot\src\share\vm\prims\jni.cpp, line 709]
Event: 1608.942 Thread 0x000000001cb68000 Exception <a 'sun/nio/fs/WindowsException'> (0x00000000e3d08718) thrown at [D:\re\puppet\workspace\8-2-build-windows-amd64-cygwin\jdk8u73\6086\hotspot\src\share\vm\prims\jni.cpp, line 709]
Event: 1608.966 Thread 0x000000001cb6d800 Exception <a 'sun/nio/fs/WindowsException'> (0x00000000e3db3778) thrown at [D:\re\puppet\workspace\8-2-build-windows-amd64-cygwin\jdk8u73\6086\hotspot\src\share\vm\prims\jni.cpp, line 709]
Event: 1608.997 Thread 0x000000001cb6d800 Exception <a 'sun/nio/fs/WindowsException'> (0x00000000e3db5e90) thrown at [D:\re\puppet\workspace\8-2-build-windows-amd64-cygwin\jdk8u73\6086\hotspot\src\share\vm\prims\jni.cpp, line 709]
Event: 1609.155 Thread 0x000000001e75f000 Exception <a 'sun/nio/fs/WindowsException'> (0x00000000e3d9f658) thrown at [D:\re\puppet\workspace\8-2-build-windows-amd64-cygwin\jdk8u73\6086\hotspot\src\share\vm\prims\jni.cpp, line 709]
Event: 1610.051 Thread 0x000000001cb6d800 Exception <a 'sun/nio/fs/WindowsException'> (0x00000000e017d6e8) thrown at [D:\re\puppet\workspace\8-2-build-windows-amd64-cygwin\jdk8u73\6086\hotspot\src\share\vm\prims\jni.cpp, line 709]
Event: 1610.078 Thread 0x000000001cb6d800 Exception <a 'sun/nio/fs/WindowsException'> (0x00000000e0180f00) thrown at [D:\re\puppet\workspace\8-2-build-windows-amd64-cygwin\jdk8u73\6086\hotspot\src\share\vm\prims\jni.cpp, line 709]
Event: 1610.531 Thread 0x000000001cf7b000 Exception <a 'sun/nio/fs/WindowsException'> (0x00000000e01a3e68) thrown at [D:\re\puppet\workspace\8-2-build-windows-amd64-cygwin\jdk8u73\6086\hotspot\src\share\vm\prims\jni.cpp, line 709]

Events (10 events):
Event: 1612.322 loading class com/android/tools/build/jetifier/processor/archive/ArchiveItem
Event: 1612.322 loading class com/android/tools/build/jetifier/processor/archive/ArchiveItem done
Event: 1612.323 loading class com/android/tools/build/jetifier/processor/archive/Archive$Companion
Event: 1612.323 loading class com/android/tools/build/jetifier/processor/archive/Archive$Companion done
Event: 1612.324 loading class kotlin/io/ByteStreamsKt
Event: 1612.324 loading class kotlin/io/ByteStreamsKt done
Event: 1612.324 loading class kotlin/io/ByteStreamsKt
Event: 1612.324 loading class kotlin/io/ByteStreamsKt done
Event: 1612.325 loading class com/android/tools/build/jetifier/processor/archive/ArchiveFile
Event: 1612.325 loading class com/android/tools/build/jetifier/processor/archive/ArchiveFile done


Dynamic libraries:
0x00007ff76da70000 - 0x00007ff76daa7000 	D:\java\jdk\bin\java.exe
0x00007ffc9da40000 - 0x00007ffc9dc30000 	C:\Windows\SYSTEM32\ntdll.dll
0x00007ffc9d940000 - 0x00007ffc9d9f2000 	C:\Windows\System32\KERNEL32.DLL
0x00007ffc9b6a0000 - 0x00007ffc9b942000 	C:\Windows\System32\KERNELBASE.dll
0x00007ffc9c580000 - 0x00007ffc9c623000 	C:\Windows\System32\ADVAPI32.dll
0x00007ffc9c3a0000 - 0x00007ffc9c43e000 	C:\Windows\System32\msvcrt.dll
0x00007ffc9c290000 - 0x00007ffc9c327000 	C:\Windows\System32\sechost.dll
0x00007ffc9bb70000 - 0x00007ffc9bc90000 	C:\Windows\System32\RPCRT4.dll
0x00007ffc9bd40000 - 0x00007ffc9bed3000 	C:\Windows\System32\USER32.dll
0x00007ffc9b300000 - 0x00007ffc9b321000 	C:\Windows\System32\win32u.dll
0x00007ffc9d1e0000 - 0x00007ffc9d206000 	C:\Windows\System32\GDI32.dll
0x00007ffc9b330000 - 0x00007ffc9b4c4000 	C:\Windows\System32\gdi32full.dll
0x00007ffc9b600000 - 0x00007ffc9b69e000 	C:\Windows\System32\msvcp_win.dll
0x00007ffc9b500000 - 0x00007ffc9b5fa000 	C:\Windows\System32\ucrtbase.dll
0x00007ffc8e540000 - 0x00007ffc8e7c5000 	C:\Windows\WinSxS\amd64_microsoft.windows.common-controls_6595b64144ccf1df_6.0.18362.30_none_a1435978519dce7f\COMCTL32.dll
0x00007ffc9bee0000 - 0x00007ffc9c216000 	C:\Windows\System32\combase.dll
0x00007ffc9ba20000 - 0x00007ffc9baa1000 	C:\Windows\System32\bcryptPrimitives.dll
0x00007ffc9cd20000 - 0x00007ffc9cd4e000 	C:\Windows\System32\IMM32.DLL
0x00000000568f0000 - 0x00000000569c2000 	D:\java\jdk\jre\bin\msvcr100.dll
0x0000000056060000 - 0x00000000568f0000 	D:\java\jdk\jre\bin\server\jvm.dll
0x00007ffc9c630000 - 0x00007ffc9c638000 	C:\Windows\System32\PSAPI.DLL
0x00007ffc993d0000 - 0x00007ffc993d9000 	C:\Windows\SYSTEM32\WSOCK32.dll
0x00007ffc9c510000 - 0x00007ffc9c57f000 	C:\Windows\System32\WS2_32.dll
0x00007ffc8f550000 - 0x00007ffc8f574000 	C:\Windows\SYSTEM32\WINMM.dll
0x00007ffc99470000 - 0x00007ffc9947a000 	C:\Windows\SYSTEM32\VERSION.dll
0x00007ffc92440000 - 0x00007ffc9246d000 	C:\Windows\SYSTEM32\WINMMBASE.dll
0x00007ffc9bab0000 - 0x00007ffc9bafa000 	C:\Windows\System32\cfgmgr32.dll
0x0000000056050000 - 0x000000005605f000 	D:\java\jdk\jre\bin\verify.dll
0x0000000056020000 - 0x0000000056049000 	D:\java\jdk\jre\bin\java.dll
0x0000000056000000 - 0x0000000056016000 	D:\java\jdk\jre\bin\zip.dll
0x00007ffc9c640000 - 0x00007ffc9cd20000 	C:\Windows\System32\SHELL32.dll
0x00007ffc9c460000 - 0x00007ffc9c509000 	C:\Windows\System32\shcore.dll
0x00007ffc9ab80000 - 0x00007ffc9b2fb000 	C:\Windows\System32\windows.storage.dll
0x00007ffc9a9b0000 - 0x00007ffc9a9cf000 	C:\Windows\System32\profapi.dll
0x00007ffc9a960000 - 0x00007ffc9a9aa000 	C:\Windows\System32\powrprof.dll
0x00007ffc9a910000 - 0x00007ffc9a920000 	C:\Windows\System32\UMPDC.dll
0x00007ffc9c340000 - 0x00007ffc9c392000 	C:\Windows\System32\shlwapi.dll
0x00007ffc9a940000 - 0x00007ffc9a951000 	C:\Windows\System32\kernel.appcore.dll
0x00007ffc9b950000 - 0x00007ffc9b967000 	C:\Windows\System32\cryptsp.dll
0x0000000055fe0000 - 0x0000000055ffa000 	D:\java\jdk\jre\bin\net.dll
0x00007ffc9a120000 - 0x00007ffc9a187000 	C:\Windows\system32\mswsock.dll
0x0000000055fc0000 - 0x0000000055fd1000 	D:\java\jdk\jre\bin\nio.dll
0x00007ffc818f0000 - 0x00007ffc81916000 	C:\Users\dell\.gradle\native\29\windows-amd64\native-platform.dll
0x0000000055fb0000 - 0x0000000055fbd000 	D:\java\jdk\jre\bin\management.dll
0x00007ffc99ce0000 - 0x00007ffc99d13000 	C:\Windows\system32\rsaenh.dll
0x00007ffc9b4d0000 - 0x00007ffc9b4f6000 	C:\Windows\System32\bcrypt.dll
0x00007ffc9a800000 - 0x00007ffc9a825000 	C:\Windows\SYSTEM32\USERENV.dll
0x00007ffc9a2f0000 - 0x00007ffc9a2fc000 	C:\Windows\SYSTEM32\CRYPTBASE.dll
0x00007ffc99e80000 - 0x00007ffc99eba000 	C:\Windows\SYSTEM32\IPHLPAPI.DLL
0x00007ffc9c330000 - 0x00007ffc9c338000 	C:\Windows\System32\NSI.dll
0x00007ffc944d0000 - 0x00007ffc944e6000 	C:\Windows\SYSTEM32\dhcpcsvc6.DLL
0x00007ffc944b0000 - 0x00007ffc944cc000 	C:\Windows\SYSTEM32\dhcpcsvc.DLL
0x00007ffc99ec0000 - 0x00007ffc99f8a000 	C:\Windows\SYSTEM32\DNSAPI.dll
0x00007ffc999c0000 - 0x00007ffc999f1000 	C:\Windows\SYSTEM32\ntmarta.dll

VM Arguments:
jvm_args: -Xmx1536m -Dfile.encoding=GBK -Duser.country=CN -Duser.language=zh -Duser.variant 
java_command: org.gradle.launcher.daemon.bootstrap.GradleDaemon 5.4.1
java_class_path (initial): C:\Users\dell\.gradle\wrapper\dists\gradle-5.4.1-all\3221gyojl5jsh0helicew7rwx\gradle-5.4.1\lib\gradle-launcher-5.4.1.jar
Launcher Type: SUN_STANDARD

Environment Variables:
JAVA_HOME=D:\java\jdk
CLASSPATH=.;D:\java\jdk\lib
PATH=C:\ProgramData\Oracle\Java\javapath;C:\Windows\system32;C:\Windows;C:\Windows\System32\Wbem;C:\Windows\System32\WindowsPowerShell\v1.0\;C:\Windows\System32\OpenSSH\;C:\Program Files (x86)\Intel\Intel(R) Management Engine Components\DAL;C:\Program Files\Intel\Intel(R) Management Engine Components\DAL;C:\Program Files (x86)\NVIDIA Corporation\PhysX\Common;C:\Program Files\NVIDIA Corporation\NVIDIA NvDLISR;C:\Program Files\TortoiseGit\bin;C:\Program Files\Git\cmd;D:\java\jdk\bin;C:\Program Files\dotnet\;C:\Program Files\Microsoft SQL Server\130\Tools\Binn\;C:\Users\dell\.gradle\wrapper\dists\gradle-5.4.1-all\3221gyojl5jsh0helicew7rwx\gradle-5.4.1\bin;C:\Program Files (x86)\Common Files\Thunder Network\KanKan\Codecs;C:\Users\dell\AppData\Local\Android\Sdk\platform-tools;F:\Idea\mysql-8.0.20-winx64bin;C:\Program Files\MySQL\MySQL Utilities 1.6\;F:\Idea\maven\apache-maven-3.6.3-bin\apache-maven-3.6.3\bin;C:\Users\dell\AppData\Local\Microsoft\WindowsApps;;C:\Users\dell\AppData\Local\Programs\Fiddler
USERNAME=dell
OS=Windows_NT
PROCESSOR_IDENTIFIER=Intel64 Family 6 Model 158 Stepping 10, GenuineIntel



---------------  S Y S T E M  ---------------

OS: Windows 10.0 , 64 bit Build 18362 (10.0.18362.1)

CPU:total 4 (2 cores per cpu, 2 threads per core) family 6 model 158 stepping 10, cmov, cx8, fxsr, mmx, sse, sse2, sse3, ssse3, sse4.1, sse4.2, popcnt, aes, clmul, erms, 3dnowpref, lzcnt, ht, tsc, tscinvbit

Memory: 4k page, physical 8200160k(717088k free), swap 9248736k(5512k free)

vm_info: Java HotSpot(TM) 64-Bit Server VM (25.73-b02) for windows-amd64 JRE (1.8.0_73-b02), built on Jan 29 2016 17:38:49 by "java_re" with MS VC++ 10.0 (VS2010)

time: Wed Oct 07 17:54:00 2020
elapsed time: 1612 seconds (0d 0h 26m 52s)

